

HI-TECH Software PIC LITE Macro Assembler V9.81 build 7503 
                                                                                               Sat Mar 23 14:59:46 2024

HI-TECH Software Omniscient Code Generator (Lite mode) build 7503
     1  0000                     opt subtitle "HI-TECH Software Omniscient Code Generator (Lite mode) build 7503"
     2                           
     3                           opt pagewidth 120
     4                           
     5                           	opt lm
     6                           
     7                           	processor	16F877A
     8                           clrc	macro
     9                           	bcf	3,0
    10  0000                     	endm
    11                           clrz	macro
    12                           	bcf	3,2
    13  0000                     	endm
    14                           setc	macro
    15                           	bsf	3,0
    16  0000                     	endm
    17                           setz	macro
    18                           	bsf	3,2
    19  0000                     	endm
    20                           skipc	macro
    21                           	btfss	3,0
    22  0000                     	endm
    23                           skipz	macro
    24                           	btfss	3,2
    25  0000                     	endm
    26                           skipnc	macro
    27                           	btfsc	3,0
    28  0000                     	endm
    29                           skipnz	macro
    30                           	btfsc	3,2
    31  0000                     	endm
    32  0000                     indf	equ	0
    33  0000                     indf0	equ	0
    34  0002                     pc	equ	2
    35  0002                     pcl	equ	2
    36  0003                     status	equ	3
    37  0004                     fsr	equ	4
    38  0004                     fsr0	equ	4
    39  0001                     c	equ	1
    40  0000                     z	equ	0
    41  000A                     pclath	equ	10
    42                           # 3 "G:\PIC ass\AnalogToDigitalConverter\adc.c"
    43                           	psect config,class=CONFIG,delta=2 ;#
    44                           # 3 "G:\PIC ass\AnalogToDigitalConverter\adc.c"
    45  2007  1F7A               	dw 0x1f7a ;#
    46                           	FNCALL	_main,_gpio_config
    47                           	FNCALL	_main,_adc_config
    48                           	FNCALL	_main,_uart_init
    49                           	FNCALL	_main,___lwdiv
    50                           	FNCALL	_main,___lwmod
    51                           	FNCALL	_main,_uart_tx
    52                           	FNROOT	_main
    53                           	global	_ADRESH
    54                           psect	text178,local,class=CODE,delta=2
    55                           global __ptext178
    56  0000                     __ptext178:
    57  001E                     _ADRESH	set	30
    58                           	global	_RCSTA
    59  0018                     _RCSTA	set	24
    60                           	global	_TXREG
    61  0019                     _TXREG	set	25
    62                           	global	_ADCS0
    63  00FE                     _ADCS0	set	254
    64                           	global	_ADCS1
    65  00FF                     _ADCS1	set	255
    66                           	global	_ADIF
    67  0066                     _ADIF	set	102
    68                           	global	_ADON
    69  00F8                     _ADON	set	248
    70                           	global	_CHS0
    71  00FB                     _CHS0	set	251
    72                           	global	_CHS1
    73  00FC                     _CHS1	set	252
    74                           	global	_CHS2
    75  00FD                     _CHS2	set	253
    76                           	global	_GO_DONE
    77  00FA                     _GO_DONE	set	250
    78                           	global	_RCIF
    79  0065                     _RCIF	set	101
    80                           	global	_SPEN
    81  00C7                     _SPEN	set	199
    82                           	global	_TXIF
    83  0064                     _TXIF	set	100
    84                           	global	_ADRESL
    85  009E                     _ADRESL	set	158
    86                           	global	_SPBRG
    87  0099                     _SPBRG	set	153
    88                           	global	_TRISA
    89  0085                     _TRISA	set	133
    90                           	global	_TRISC
    91  0087                     _TRISC	set	135
    92                           	global	_TRISD
    93  0088                     _TRISD	set	136
    94                           	global	_TXSTA
    95  0098                     _TXSTA	set	152
    96                           	global	_ADCS2
    97  04FE                     _ADCS2	set	1278
    98                           	global	_ADFM
    99  04FF                     _ADFM	set	1279
   100                           	global	_PCFG0
   101  04F8                     _PCFG0	set	1272
   102                           	global	_PCFG1
   103  04F9                     _PCFG1	set	1273
   104                           	global	_PCFG2
   105  04FA                     _PCFG2	set	1274
   106                           	global	_PCFG3
   107  04FB                     _PCFG3	set	1275
   108                           	global	_TRISC6
   109  043E                     _TRISC6	set	1086
   110                           	global	_TRISC7
   111  043F                     _TRISC7	set	1087
   112                           	global	_TXEN
   113  04C5                     _TXEN	set	1221
   114                           	file	"adc.as"
   115                           	line	#
   116                           psect cinit,class=CODE,delta=2
   117                           global start_initialization
   118  062F                     start_initialization:
   119                           
   120                           psect cinit,class=CODE,delta=2
   121                           global end_of_initialization
   122                           
   123                           ;End of C runtime variable initialization code
   124                           
   125  062F                     end_of_initialization:
   126  062F  0183               clrf status
   127  0630  120A  118A  2F00   ljmp _main	;jump to C main() function
   128                           psect	cstackCOMMON,class=COMMON,space=1
   129                           global __pcstackCOMMON
   130  0070                     __pcstackCOMMON:
   131                           	global	?_gpio_config
   132  0070                     ?_gpio_config:	; 0 bytes @ 0x0
   133                           	global	??_gpio_config
   134  0070                     ??_gpio_config:	; 0 bytes @ 0x0
   135                           	global	?_uart_init
   136  0070                     ?_uart_init:	; 0 bytes @ 0x0
   137                           	global	??_uart_init
   138  0070                     ??_uart_init:	; 0 bytes @ 0x0
   139                           	global	?_adc_config
   140  0070                     ?_adc_config:	; 0 bytes @ 0x0
   141                           	global	??_adc_config
   142  0070                     ??_adc_config:	; 0 bytes @ 0x0
   143                           	global	?_uart_tx
   144  0070                     ?_uart_tx:	; 0 bytes @ 0x0
   145                           	global	??_uart_tx
   146  0070                     ??_uart_tx:	; 0 bytes @ 0x0
   147                           	global	?_main
   148  0070                     ?_main:	; 2 bytes @ 0x0
   149                           	global	?___lwdiv
   150  0070                     ?___lwdiv:	; 2 bytes @ 0x0
   151                           	global	uart_tx@data
   152  0070                     uart_tx@data:	; 1 bytes @ 0x0
   153                           	global	___lwdiv@divisor
   154  0070                     ___lwdiv@divisor:	; 2 bytes @ 0x0
   155  0070                     	ds	2
   156                           	global	___lwdiv@dividend
   157  0072                     ___lwdiv@dividend:	; 2 bytes @ 0x2
   158  0072                     	ds	2
   159                           	global	??___lwdiv
   160  0074                     ??___lwdiv:	; 0 bytes @ 0x4
   161  0074                     	ds	1
   162                           	global	___lwdiv@quotient
   163  0075                     ___lwdiv@quotient:	; 2 bytes @ 0x5
   164  0075                     	ds	2
   165                           	global	___lwdiv@counter
   166  0077                     ___lwdiv@counter:	; 1 bytes @ 0x7
   167  0077                     	ds	1
   168                           	global	?___lwmod
   169  0078                     ?___lwmod:	; 2 bytes @ 0x8
   170                           	global	___lwmod@divisor
   171  0078                     ___lwmod@divisor:	; 2 bytes @ 0x8
   172  0078                     	ds	2
   173                           	global	___lwmod@dividend
   174  007A                     ___lwmod@dividend:	; 2 bytes @ 0xA
   175  007A                     	ds	2
   176                           	global	??___lwmod
   177  007C                     ??___lwmod:	; 0 bytes @ 0xC
   178  007C                     	ds	1
   179                           	global	___lwmod@counter
   180  007D                     ___lwmod@counter:	; 1 bytes @ 0xD
   181  007D                     	ds	1
   182                           psect	cstackBANK0,class=BANK0,space=1
   183                           global __pcstackBANK0
   184  0020                     __pcstackBANK0:
   185                           	global	??_main
   186  0020                     ??_main:	; 0 bytes @ 0x0
   187  0020                     	ds	4
   188                           	global	main@i
   189  0024                     main@i:	; 2 bytes @ 0x4
   190  0024                     	ds	2
   191                           	global	main@mod
   192  0026                     main@mod:	; 2 bytes @ 0x6
   193  0026                     	ds	2
   194                           	global	main@m
   195  0028                     main@m:	; 2 bytes @ 0x8
   196  0028                     	ds	2
   197                           	global	main@k
   198  002A                     main@k:	; 2 bytes @ 0xA
   199  002A                     	ds	2
   200                           	global	main@val
   201  002C                     main@val:	; 2 bytes @ 0xC
   202  002C                     	ds	2
   203 ;;Data sizes: Strings 0, constant 0, data 0, bss 0, persistent 0 stack 0
   204 ;;Auto spaces:   Size  Autos    Used
   205 ;; COMMON          14     14      14
   206 ;; BANK0           80     14      14
   207 ;; BANK1           80      0       0
   208 ;; BANK3           96      0       0
   209 ;; BANK2           96      0       0
   210                           
   211 ;;
   212 ;; Pointer list with targets:
   213                           
   214 ;; ?___lwdiv	unsigned int  size(1) Largest target is 0
   215 ;;
   216 ;; ?___lwmod	unsigned int  size(1) Largest target is 0
   217 ;;
   218                           
   219                           
   220 ;;
   221 ;; Critical Paths under _main in COMMON
   222 ;;
   223 ;;   _main->___lwmod
   224 ;;   ___lwmod->___lwdiv
   225 ;;
   226 ;; Critical Paths under _main in BANK0
   227 ;;
   228 ;;   None.
   229 ;;
   230 ;; Critical Paths under _main in BANK1
   231 ;;
   232 ;;   None.
   233 ;;
   234 ;; Critical Paths under _main in BANK3
   235 ;;
   236 ;;   None.
   237 ;;
   238 ;; Critical Paths under _main in BANK2
   239 ;;
   240 ;;   None.
   241                           
   242 ;;
   243 ;;Main: autosize = 0, tempsize = 4, incstack = 0, save=0
   244 ;;
   245                           
   246 ;;
   247 ;;Call Graph Tables:
   248 ;;
   249 ;; ---------------------------------------------------------------------------------
   250 ;; (Depth) Function   	        Calls       Base Space   Used Autos Params    Refs
   251 ;; ---------------------------------------------------------------------------------
   252 ;; (0) _main                                                16    16      0     414
   253 ;;                                              0 BANK0     14    14      0
   254 ;;                        _gpio_config
   255 ;;                         _adc_config
   256 ;;                          _uart_init
   257 ;;                            ___lwdiv
   258 ;;                            ___lwmod
   259 ;;                            _uart_tx
   260 ;; ---------------------------------------------------------------------------------
   261 ;; (1) ___lwmod                                              6     2      4     159
   262 ;;                                              8 COMMON     6     2      4
   263 ;;                            ___lwdiv (ARG)
   264 ;; ---------------------------------------------------------------------------------
   265 ;; (1) ___lwdiv                                              8     4      4     162
   266 ;;                                              0 COMMON     8     4      4
   267 ;; ---------------------------------------------------------------------------------
   268 ;; (1) _uart_tx                                              1     1      0      22
   269 ;;                                              0 COMMON     1     1      0
   270 ;; ---------------------------------------------------------------------------------
   271 ;; (1) _adc_config                                           0     0      0       0
   272 ;; ---------------------------------------------------------------------------------
   273 ;; (1) _uart_init                                            0     0      0       0
   274 ;; ---------------------------------------------------------------------------------
   275 ;; (1) _gpio_config                                          0     0      0       0
   276 ;; ---------------------------------------------------------------------------------
   277 ;; Estimated maximum stack depth 1
   278 ;; ---------------------------------------------------------------------------------
   279                           
   280 ;; Call Graph Graphs:
   281                           
   282 ;; _main (ROOT)
   283 ;;   _gpio_config
   284 ;;   _adc_config
   285 ;;   _uart_init
   286 ;;   ___lwdiv
   287 ;;   ___lwmod
   288 ;;     ___lwdiv (ARG)
   289 ;;   _uart_tx
   290 ;;
   291                           
   292 ;; Address spaces:
   293                           
   294 ;;Name               Size   Autos  Total    Cost      Usage
   295 ;;BITCOMMON            E      0       0       0        0.0%
   296 ;;EEDATA             100      0       0       0        0.0%
   297 ;;NULL                 0      0       0       0        0.0%
   298 ;;CODE                 0      0       0       0        0.0%
   299 ;;COMMON               E      E       E       1      100.0%
   300 ;;BITSFR0              0      0       0       1        0.0%
   301 ;;SFR0                 0      0       0       1        0.0%
   302 ;;BITSFR1              0      0       0       2        0.0%
   303 ;;SFR1                 0      0       0       2        0.0%
   304 ;;STACK                0      0       1       2        0.0%
   305 ;;ABS                  0      0       0       3        0.0%
   306 ;;BITBANK0            50      0       0       4        0.0%
   307 ;;BITSFR3              0      0       0       4        0.0%
   308 ;;SFR3                 0      0       0       4        0.0%
   309 ;;BANK0               50      E       E       5       17.5%
   310 ;;BITSFR2              0      0       0       5        0.0%
   311 ;;SFR2                 0      0       0       5        0.0%
   312 ;;BITBANK1            50      0       0       6        0.0%
   313 ;;BANK1               50      0       0       7        0.0%
   314 ;;BITBANK3            60      0       0       8        0.0%
   315 ;;BANK3               60      0       0       9        0.0%
   316 ;;BITBANK2            60      0       0      10        0.0%
   317 ;;BANK2               60      0       0      11        0.0%
   318 ;;DATA                 0      0       0      12        0.0%
   319                           
   320                           	global	_main
   321                           psect	maintext,global,class=CODE,delta=2
   322                           global __pmaintext
   323  0700                     __pmaintext:
   324                           
   325 ;; *************** function _main *****************
   326 ;; Defined at:
   327 ;;		line 62 in file "G:\PIC ass\AnalogToDigitalConverter\adc.c"
   328 ;; Parameters:    Size  Location     Type
   329 ;;		None
   330 ;; Auto vars:     Size  Location     Type
   331 ;;  val             2   12[BANK0 ] unsigned int 
   332 ;;  k               2   10[BANK0 ] int 
   333 ;;  m               2    8[BANK0 ] int 
   334 ;;  mod             2    6[BANK0 ] int 
   335 ;;  i               2    4[BANK0 ] int 
   336 ;;  div             2    0        int 
   337 ;;  ans             0    0        int [0]
   338 ;; Return value:  Size  Location     Type
   339 ;;                  2  701[COMMON] int 
   340 ;; Registers used:
   341 ;;		wreg, status,2, status,0, btemp+1, pclath, cstack
   342 ;; Tracked objects:
   343 ;;		On entry : 17F/0
   344 ;;		On exit  : 0/0
   345 ;;		Unchanged: 0/0
   346 ;; Data sizes:     COMMON   BANK0   BANK1   BANK3   BANK2
   347 ;;      Params:         0       0       0       0       0
   348 ;;      Locals:         0      10       0       0       0
   349 ;;      Temps:          0       4       0       0       0
   350 ;;      Totals:         0      14       0       0       0
   351 ;;Total ram usage:       14 bytes
   352 ;; Hardware stack levels required when called:    1
   353 ;; This function calls:
   354 ;;		_gpio_config
   355 ;;		_adc_config
   356 ;;		_uart_init
   357 ;;		___lwdiv
   358 ;;		___lwmod
   359 ;;		_uart_tx
   360 ;; This function is called by:
   361 ;;		Startup code after reset
   362 ;; This function uses a non-reentrant model
   363 ;;
   364                           psect	maintext
   365                           	file	"G:\PIC ass\AnalogToDigitalConverter\adc.c"
   366                           	line	62
   367                           	global	__size_of_main
   368  0100                     	__size_of_main	equ	__end_of_main-_main
   369                           	
   370  0700                     _main:	
   371                           	opt	stack 7
   372                           ; Regs used in _main: [wreg+status,2+status,0+btemp+1+pclath+cstack]
   373                           	line	64
   374                           	
   375  0700                     l2057:	
   376                           ;adc.c: 63: unsigned int val;
   377                           ;adc.c: 64: int i = 0, mod = 0, div, m = 100,k = 2;
   378  0700  1283               	bcf	status, 5	;RP0=0, select bank0
   379  0701  1303               	bcf	status, 6	;RP1=0, select bank0
   380  0702  01A4               	clrf	(main@i)
   381  0703  01A5               	clrf	(main@i+1)
   382  0704  01A6               	clrf	(main@mod)
   383  0705  01A7               	clrf	(main@mod+1)
   384                           	
   385  0706                     l2059:	
   386  0706  3064               	movlw	low(064h)
   387  0707  00A8               	movwf	(main@m)
   388  0708  3000               	movlw	high(064h)
   389  0709  00A9               	movwf	((main@m))+1
   390                           	
   391  070A                     l2061:	
   392  070A  3002               	movlw	low(02h)
   393  070B  00AA               	movwf	(main@k)
   394  070C  3000               	movlw	high(02h)
   395  070D  00AB               	movwf	((main@k))+1
   396                           	line	66
   397                           	
   398  070E                     l2063:	
   399                           ;adc.c: 65: int ans[];
   400                           ;adc.c: 66: gpio_config();
   401  070E  120A  118A  2633   	fcall	_gpio_config
              120A  118A         
   402                           	line	67
   403                           	
   404  0713                     l2065:	
   405                           ;adc.c: 67: adc_config();
   406  0713  120A  118A  2659   	fcall	_adc_config
              120A  118A         
   407  0718  2F19               	goto	l2067
   408                           	line	68
   409                           ;adc.c: 68: while(1)
   410                           	
   411  0719                     l702:	
   412                           	line	71
   413                           	
   414  0719                     l2067:	
   415                           ;adc.c: 69: {
   416                           ;adc.c: 71: _delay((unsigned long)((20)*(20000000/4000000.0)));
   417                           	opt asmopt_off
   418  0719  3021               movlw	33
   419  071A  1283               	bcf	status, 5	;RP0=0, select bank0
   420  071B  1303               	bcf	status, 6	;RP1=0, select bank0
   421  071C  00A0               movwf	(??_main+0)+0,f
   422  071D                     u2317:
   423  071D  0BA0               decfsz	(??_main+0)+0,f
   424  071E  2F1D               	goto	u2317
   425                           opt asmopt_on
   426                           
   427                           	line	74
   428                           	
   429  071F                     l2069:	
   430                           ;adc.c: 74: GO_DONE = 1;
   431  071F  1283               	bcf	status, 5	;RP0=0, select bank0
   432  0720  1303               	bcf	status, 6	;RP1=0, select bank0
   433  0721  151F               	bsf	(250/8),(250)&7
   434                           	line	77
   435                           ;adc.c: 77: while(GO_DONE == 0);
   436  0722  2F23               	goto	l703
   437                           	
   438  0723                     l704:	
   439                           	
   440  0723                     l703:	
   441  0723  1D1F               	btfss	(250/8),(250)&7
   442  0724  2F26               	goto	u2301
   443  0725  2F27               	goto	u2300
   444  0726                     u2301:
   445  0726  2F23               	goto	l703
   446  0727                     u2300:
   447  0727  2F28               	goto	l2071
   448                           	
   449  0728                     l705:	
   450                           	line	81
   451                           	
   452  0728                     l2071:	
   453                           ;adc.c: 81: val=((ADRESH<<8)|(ADRESL));
   454  0728  1683               	bsf	status, 5	;RP0=1, select bank1
   455  0729  1303               	bcf	status, 6	;RP1=0, select bank1
   456  072A  081E               	movf	(158)^080h,w	;volatile
   457  072B  1283               	bcf	status, 5	;RP0=0, select bank0
   458  072C  1303               	bcf	status, 6	;RP1=0, select bank0
   459  072D  00A0               	movwf	(??_main+0)+0
   460  072E  01A1               	clrf	(??_main+0)+0+1
   461  072F  081E               	movf	(30),w	;volatile
   462  0730  00A2               	movwf	(??_main+2)+0
   463  0731  01A3               	clrf	(??_main+2)+0+1
   464  0732  0822               	movf	(??_main+2)+0,w
   465  0733  00A3               	movwf	(??_main+2)+1
   466  0734  01A2               	clrf	(??_main+2)+0
   467  0735  0820               	movf	0+(??_main+0)+0,w
   468  0736  0422               	iorwf	0+(??_main+2)+0,w
   469  0737  00AC               	movwf	(main@val)
   470  0738  0821               	movf	1+(??_main+0)+0,w
   471  0739  0423               	iorwf	1+(??_main+2)+0,w
   472  073A  00AD               	movwf	1+(main@val)
   473                           	line	83
   474                           	
   475  073B                     l2073:	
   476                           ;adc.c: 83: uart_init();
   477  073B  120A  118A  2646   	fcall	_uart_init
              120A  118A         
   478                           	line	85
   479                           	
   480  0740                     l2075:	
   481                           ;adc.c: 85: uart_tx(((val/100)%10)+48);
   482  0740  300A               	movlw	low(0Ah)
   483  0741  00F8               	movwf	(?___lwmod)
   484  0742  3000               	movlw	high(0Ah)
   485  0743  00F9               	movwf	((?___lwmod))+1
   486  0744  3064               	movlw	low(064h)
   487  0745  00F0               	movwf	(?___lwdiv)
   488  0746  3000               	movlw	high(064h)
   489  0747  00F1               	movwf	((?___lwdiv))+1
   490  0748  1283               	bcf	status, 5	;RP0=0, select bank0
   491  0749  1303               	bcf	status, 6	;RP1=0, select bank0
   492  074A  082D               	movf	(main@val+1),w
   493  074B  01F3               	clrf	1+(?___lwdiv)+02h
   494  074C  07F3               	addwf	1+(?___lwdiv)+02h
   495  074D  082C               	movf	(main@val),w
   496  074E  01F2               	clrf	0+(?___lwdiv)+02h
   497  074F  07F2               	addwf	0+(?___lwdiv)+02h
   498                           
   499  0750  120A  118A  26B2   	fcall	___lwdiv
              120A  118A         
   500  0755  0871               	movf	(1+(?___lwdiv)),w
   501  0756  01FB               	clrf	1+(?___lwmod)+02h
   502  0757  07FB               	addwf	1+(?___lwmod)+02h
   503  0758  0870               	movf	(0+(?___lwdiv)),w
   504  0759  01FA               	clrf	0+(?___lwmod)+02h
   505  075A  07FA               	addwf	0+(?___lwmod)+02h
   506                           
   507  075B  120A  118A  266E   	fcall	___lwmod
              120A  118A         
   508  0760  0878               	movf	(0+(?___lwmod)),w
   509  0761  3E30               	addlw	030h
   510  0762  120A  118A  263A   	fcall	_uart_tx
              120A  118A         
   511                           	line	86
   512                           	
   513  0767                     l2077:	
   514                           ;adc.c: 86: _delay((unsigned long)((100)*(20000000/4000.0)));
   515                           	opt asmopt_off
   516  0767  3003               movlw  3
   517  0768  1283               	bcf	status, 5	;RP0=0, select bank0
   518  0769  1303               	bcf	status, 6	;RP1=0, select bank0
   519  076A  00A2               movwf	((??_main+0)+0+2),f
   520  076B  3088               movlw	136
   521  076C  00A1               movwf	((??_main+0)+0+1),f
   522  076D  3056               	movlw	86
   523  076E  00A0               movwf	((??_main+0)+0),f
   524  076F                     u2327:
   525  076F  0BA0               	decfsz	((??_main+0)+0),f
   526  0770  2F6F               	goto	u2327
   527  0771  0BA1               	decfsz	((??_main+0)+0+1),f
   528  0772  2F6F               	goto	u2327
   529  0773  0BA2               	decfsz	((??_main+0)+0+2),f
   530  0774  2F6F               	goto	u2327
   531                           opt asmopt_on
   532                           
   533                           	line	88
   534                           	
   535  0775                     l2079:	
   536                           ;adc.c: 88: uart_tx(((val/10)%10)+48);
   537  0775  300A               	movlw	low(0Ah)
   538  0776  00F8               	movwf	(?___lwmod)
   539  0777  3000               	movlw	high(0Ah)
   540  0778  00F9               	movwf	((?___lwmod))+1
   541  0779  300A               	movlw	low(0Ah)
   542  077A  00F0               	movwf	(?___lwdiv)
   543  077B  3000               	movlw	high(0Ah)
   544  077C  00F1               	movwf	((?___lwdiv))+1
   545  077D  1283               	bcf	status, 5	;RP0=0, select bank0
   546  077E  1303               	bcf	status, 6	;RP1=0, select bank0
   547  077F  082D               	movf	(main@val+1),w
   548  0780  01F3               	clrf	1+(?___lwdiv)+02h
   549  0781  07F3               	addwf	1+(?___lwdiv)+02h
   550  0782  082C               	movf	(main@val),w
   551  0783  01F2               	clrf	0+(?___lwdiv)+02h
   552  0784  07F2               	addwf	0+(?___lwdiv)+02h
   553                           
   554  0785  120A  118A  26B2   	fcall	___lwdiv
              120A  118A         
   555  078A  0871               	movf	(1+(?___lwdiv)),w
   556  078B  01FB               	clrf	1+(?___lwmod)+02h
   557  078C  07FB               	addwf	1+(?___lwmod)+02h
   558  078D  0870               	movf	(0+(?___lwdiv)),w
   559  078E  01FA               	clrf	0+(?___lwmod)+02h
   560  078F  07FA               	addwf	0+(?___lwmod)+02h
   561                           
   562  0790  120A  118A  266E   	fcall	___lwmod
              120A  118A         
   563  0795  0878               	movf	(0+(?___lwmod)),w
   564  0796  3E30               	addlw	030h
   565  0797  120A  118A  263A   	fcall	_uart_tx
              120A  118A         
   566                           	line	89
   567                           	
   568  079C                     l2081:	
   569                           ;adc.c: 89: _delay((unsigned long)((100)*(20000000/4000.0)));
   570                           	opt asmopt_off
   571  079C  3003               movlw  3
   572  079D  1283               	bcf	status, 5	;RP0=0, select bank0
   573  079E  1303               	bcf	status, 6	;RP1=0, select bank0
   574  079F  00A2               movwf	((??_main+0)+0+2),f
   575  07A0  3088               movlw	136
   576  07A1  00A1               movwf	((??_main+0)+0+1),f
   577  07A2  3056               	movlw	86
   578  07A3  00A0               movwf	((??_main+0)+0),f
   579  07A4                     u2337:
   580  07A4  0BA0               	decfsz	((??_main+0)+0),f
   581  07A5  2FA4               	goto	u2337
   582  07A6  0BA1               	decfsz	((??_main+0)+0+1),f
   583  07A7  2FA4               	goto	u2337
   584  07A8  0BA2               	decfsz	((??_main+0)+0+2),f
   585  07A9  2FA4               	goto	u2337
   586                           opt asmopt_on
   587                           
   588                           	line	91
   589                           	
   590  07AA                     l2083:	
   591                           ;adc.c: 91: uart_tx((val%10)+48);
   592  07AA  300A               	movlw	low(0Ah)
   593  07AB  00F8               	movwf	(?___lwmod)
   594  07AC  3000               	movlw	high(0Ah)
   595  07AD  00F9               	movwf	((?___lwmod))+1
   596  07AE  1283               	bcf	status, 5	;RP0=0, select bank0
   597  07AF  1303               	bcf	status, 6	;RP1=0, select bank0
   598  07B0  082D               	movf	(main@val+1),w
   599  07B1  01FB               	clrf	1+(?___lwmod)+02h
   600  07B2  07FB               	addwf	1+(?___lwmod)+02h
   601  07B3  082C               	movf	(main@val),w
   602  07B4  01FA               	clrf	0+(?___lwmod)+02h
   603  07B5  07FA               	addwf	0+(?___lwmod)+02h
   604                           
   605  07B6  120A  118A  266E   	fcall	___lwmod
              120A  118A         
   606  07BB  0878               	movf	(0+(?___lwmod)),w
   607  07BC  3E30               	addlw	030h
   608  07BD  120A  118A  263A   	fcall	_uart_tx
              120A  118A         
   609                           	line	92
   610                           	
   611  07C2                     l2085:	
   612                           ;adc.c: 92: _delay((unsigned long)((100)*(20000000/4000.0)));
   613                           	opt asmopt_off
   614  07C2  3003               movlw  3
   615  07C3  1283               	bcf	status, 5	;RP0=0, select bank0
   616  07C4  1303               	bcf	status, 6	;RP1=0, select bank0
   617  07C5  00A2               movwf	((??_main+0)+0+2),f
   618  07C6  3088               movlw	136
   619  07C7  00A1               movwf	((??_main+0)+0+1),f
   620  07C8  3056               	movlw	86
   621  07C9  00A0               movwf	((??_main+0)+0),f
   622  07CA                     u2347:
   623  07CA  0BA0               	decfsz	((??_main+0)+0),f
   624  07CB  2FCA               	goto	u2347
   625  07CC  0BA1               	decfsz	((??_main+0)+0+1),f
   626  07CD  2FCA               	goto	u2347
   627  07CE  0BA2               	decfsz	((??_main+0)+0+2),f
   628  07CF  2FCA               	goto	u2347
   629                           opt asmopt_on
   630                           
   631                           	line	95
   632                           	
   633  07D0                     l2087:	
   634                           ;adc.c: 95: ADIF = 0;
   635  07D0  1283               	bcf	status, 5	;RP0=0, select bank0
   636  07D1  1303               	bcf	status, 6	;RP1=0, select bank0
   637  07D2  130C               	bcf	(102/8),(102)&7
   638                           	line	97
   639                           	
   640  07D3                     l2089:	
   641                           ;adc.c: 97: uart_tx('\n');
   642  07D3  300A               	movlw	(0Ah)
   643  07D4  120A  118A  263A   	fcall	_uart_tx
              120A  118A         
   644                           	line	98
   645                           	
   646  07D9                     l2091:	
   647                           ;adc.c: 98: _delay((unsigned long)((100)*(20000000/4000.0)));
   648                           	opt asmopt_off
   649  07D9  3003               movlw  3
   650  07DA  1283               	bcf	status, 5	;RP0=0, select bank0
   651  07DB  1303               	bcf	status, 6	;RP1=0, select bank0
   652  07DC  00A2               movwf	((??_main+0)+0+2),f
   653  07DD  3088               movlw	136
   654  07DE  00A1               movwf	((??_main+0)+0+1),f
   655  07DF  3056               	movlw	86
   656  07E0  00A0               movwf	((??_main+0)+0),f
   657  07E1                     u2357:
   658  07E1  0BA0               	decfsz	((??_main+0)+0),f
   659  07E2  2FE1               	goto	u2357
   660  07E3  0BA1               	decfsz	((??_main+0)+0+1),f
   661  07E4  2FE1               	goto	u2357
   662  07E5  0BA2               	decfsz	((??_main+0)+0+2),f
   663  07E6  2FE1               	goto	u2357
   664                           opt asmopt_on
   665                           
   666                           	line	100
   667                           	
   668  07E7                     l2093:	
   669                           ;adc.c: 100: uart_tx('\r');
   670  07E7  300D               	movlw	(0Dh)
   671  07E8  120A  118A  263A   	fcall	_uart_tx
              120A  118A         
   672                           	line	101
   673                           	
   674  07ED                     l2095:	
   675                           ;adc.c: 101: _delay((unsigned long)((100)*(20000000/4000.0)));
   676                           	opt asmopt_off
   677  07ED  3003               movlw  3
   678  07EE  1283               	bcf	status, 5	;RP0=0, select bank0
   679  07EF  1303               	bcf	status, 6	;RP1=0, select bank0
   680  07F0  00A2               movwf	((??_main+0)+0+2),f
   681  07F1  3088               movlw	136
   682  07F2  00A1               movwf	((??_main+0)+0+1),f
   683  07F3  3056               	movlw	86
   684  07F4  00A0               movwf	((??_main+0)+0),f
   685  07F5                     u2367:
   686  07F5  0BA0               	decfsz	((??_main+0)+0),f
   687  07F6  2FF5               	goto	u2367
   688  07F7  0BA1               	decfsz	((??_main+0)+0+1),f
   689  07F8  2FF5               	goto	u2367
   690  07F9  0BA2               	decfsz	((??_main+0)+0+2),f
   691  07FA  2FF5               	goto	u2367
   692                           opt asmopt_on
   693                           
   694  07FB  2F19               	goto	l2067
   695                           	line	102
   696                           	
   697  07FC                     l706:	
   698                           	line	68
   699  07FC  2F19               	goto	l2067
   700                           	
   701  07FD                     l707:	
   702                           	line	103
   703                           	
   704  07FD                     l708:	
   705                           	global	start
   706  07FD  120A  118A  2800   	ljmp	start
   707                           	opt stack 0
   708                           GLOBAL	__end_of_main
   709  0800                     	__end_of_main:
   710 ;; =============== function _main ends ============
   711                           
   712                           	signat	_main,90
   713                           	global	___lwmod
   714                           psect	text179,local,class=CODE,delta=2
   715                           global __ptext179
   716  066E                     __ptext179:
   717                           
   718 ;; *************** function ___lwmod *****************
   719 ;; Defined at:
   720 ;;		line 5 in file "C:\Program Files (x86)\HI-TECH Software\PICC\9.81\sources\lwmod.c"
   721 ;; Parameters:    Size  Location     Type
   722 ;;  divisor         2    8[COMMON] unsigned int 
   723 ;;  dividend        2   10[COMMON] unsigned int 
   724 ;; Auto vars:     Size  Location     Type
   725 ;;  counter         1   13[COMMON] unsigned char 
   726 ;; Return value:  Size  Location     Type
   727 ;;                  2    8[COMMON] unsigned int 
   728 ;; Registers used:
   729 ;;		wreg, status,2, status,0
   730 ;; Tracked objects:
   731 ;;		On entry : 0/0
   732 ;;		On exit  : 0/0
   733 ;;		Unchanged: 0/0
   734 ;; Data sizes:     COMMON   BANK0   BANK1   BANK3   BANK2
   735 ;;      Params:         4       0       0       0       0
   736 ;;      Locals:         1       0       0       0       0
   737 ;;      Temps:          1       0       0       0       0
   738 ;;      Totals:         6       0       0       0       0
   739 ;;Total ram usage:        6 bytes
   740 ;; Hardware stack levels used:    1
   741 ;; This function calls:
   742 ;;		Nothing
   743 ;; This function is called by:
   744 ;;		_main
   745 ;; This function uses a non-reentrant model
   746 ;;
   747                           psect	text179
   748                           	file	"C:\Program Files (x86)\HI-TECH Software\PICC\9.81\sources\lwmod.c"
   749                           	line	5
   750                           	global	__size_of___lwmod
   751  0044                     	__size_of___lwmod	equ	__end_of___lwmod-___lwmod
   752                           	
   753  066E                     ___lwmod:	
   754                           	opt	stack 7
   755                           ; Regs used in ___lwmod: [wreg+status,2+status,0]
   756                           	line	8
   757                           	
   758  066E                     l2035:	
   759  066E  0879               	movf	(___lwmod@divisor+1),w
   760  066F  0478               	iorwf	(___lwmod@divisor),w
   761  0670  1903               	skipnz
   762  0671  2E73               	goto	u2241
   763  0672  2E74               	goto	u2240
   764  0673                     u2241:
   765  0673  2EAA               	goto	l2053
   766  0674                     u2240:
   767                           	line	9
   768                           	
   769  0674                     l2037:	
   770  0674  01FD               	clrf	(___lwmod@counter)
   771  0675  1403               	bsf	status,0
   772  0676  0DFD               	rlf	(___lwmod@counter),f
   773                           	line	10
   774  0677  2E84               	goto	l2043
   775                           	
   776  0678                     l735:	
   777                           	line	11
   778                           	
   779  0678                     l2039:	
   780  0678  3001               	movlw	01h
   781                           	
   782  0679                     u2255:
   783  0679  1003               	clrc
   784  067A  0DF8               	rlf	(___lwmod@divisor),f
   785  067B  0DF9               	rlf	(___lwmod@divisor+1),f
   786  067C  3EFF               	addlw	-1
   787  067D  1D03               	skipz
   788  067E  2E79               	goto	u2255
   789                           	line	12
   790                           	
   791  067F                     l2041:	
   792  067F  3001               	movlw	(01h)
   793  0680  00FC               	movwf	(??___lwmod+0)+0
   794  0681  087C               	movf	(??___lwmod+0)+0,w
   795  0682  07FD               	addwf	(___lwmod@counter),f
   796  0683  2E84               	goto	l2043
   797                           	line	13
   798                           	
   799  0684                     l734:	
   800                           	line	10
   801                           	
   802  0684                     l2043:	
   803  0684  1FF9               	btfss	(___lwmod@divisor+1),(15)&7
   804  0685  2E87               	goto	u2261
   805  0686  2E88               	goto	u2260
   806  0687                     u2261:
   807  0687  2E78               	goto	l2039
   808  0688                     u2260:
   809  0688  2E8A               	goto	l2045
   810                           	
   811  0689                     l736:	
   812  0689  2E8A               	goto	l2045
   813                           	line	14
   814                           	
   815  068A                     l737:	
   816                           	line	15
   817                           	
   818  068A                     l2045:	
   819  068A  0879               	movf	(___lwmod@divisor+1),w
   820  068B  027B               	subwf	(___lwmod@dividend+1),w
   821  068C  1D03               	skipz
   822  068D  2E90               	goto	u2275
   823  068E  0878               	movf	(___lwmod@divisor),w
   824  068F  027A               	subwf	(___lwmod@dividend),w
   825  0690                     u2275:
   826  0690  1C03               	skipc
   827  0691  2E93               	goto	u2271
   828  0692  2E94               	goto	u2270
   829  0693                     u2271:
   830  0693  2E9B               	goto	l2049
   831  0694                     u2270:
   832                           	line	16
   833                           	
   834  0694                     l2047:	
   835  0694  0878               	movf	(___lwmod@divisor),w
   836  0695  02FA               	subwf	(___lwmod@dividend),f
   837  0696  0879               	movf	(___lwmod@divisor+1),w
   838  0697  1C03               	skipc
   839  0698  03FB               	decf	(___lwmod@dividend+1),f
   840  0699  02FB               	subwf	(___lwmod@dividend+1),f
   841  069A  2E9B               	goto	l2049
   842                           	
   843  069B                     l738:	
   844                           	line	17
   845                           	
   846  069B                     l2049:	
   847  069B  3001               	movlw	01h
   848                           	
   849  069C                     u2285:
   850  069C  1003               	clrc
   851  069D  0CF9               	rrf	(___lwmod@divisor+1),f
   852  069E  0CF8               	rrf	(___lwmod@divisor),f
   853  069F  3EFF               	addlw	-1
   854  06A0  1D03               	skipz
   855  06A1  2E9C               	goto	u2285
   856                           	line	18
   857                           	
   858  06A2                     l2051:	
   859  06A2  3001               	movlw	low(01h)
   860  06A3  02FD               	subwf	(___lwmod@counter),f
   861  06A4  1D03               	btfss	status,2
   862  06A5  2EA7               	goto	u2291
   863  06A6  2EA8               	goto	u2290
   864  06A7                     u2291:
   865  06A7  2E8A               	goto	l2045
   866  06A8                     u2290:
   867  06A8  2EAA               	goto	l2053
   868                           	
   869  06A9                     l739:	
   870  06A9  2EAA               	goto	l2053
   871                           	line	19
   872                           	
   873  06AA                     l733:	
   874                           	line	20
   875                           	
   876  06AA                     l2053:	
   877  06AA  087B               	movf	(___lwmod@dividend+1),w
   878  06AB  01F9               	clrf	(?___lwmod+1)
   879  06AC  07F9               	addwf	(?___lwmod+1)
   880  06AD  087A               	movf	(___lwmod@dividend),w
   881  06AE  01F8               	clrf	(?___lwmod)
   882  06AF  07F8               	addwf	(?___lwmod)
   883                           
   884  06B0  2EB1               	goto	l740
   885                           	
   886  06B1                     l2055:	
   887                           	line	21
   888                           	
   889  06B1                     l740:	
   890  06B1  0008               	return
   891                           	opt stack 0
   892                           GLOBAL	__end_of___lwmod
   893  06B2                     	__end_of___lwmod:
   894 ;; =============== function ___lwmod ends ============
   895                           
   896                           	signat	___lwmod,8314
   897                           	global	___lwdiv
   898                           psect	text180,local,class=CODE,delta=2
   899                           global __ptext180
   900  06B2                     __ptext180:
   901                           
   902 ;; *************** function ___lwdiv *****************
   903 ;; Defined at:
   904 ;;		line 5 in file "C:\Program Files (x86)\HI-TECH Software\PICC\9.81\sources\lwdiv.c"
   905 ;; Parameters:    Size  Location     Type
   906 ;;  divisor         2    0[COMMON] unsigned int 
   907 ;;  dividend        2    2[COMMON] unsigned int 
   908 ;; Auto vars:     Size  Location     Type
   909 ;;  quotient        2    5[COMMON] unsigned int 
   910 ;;  counter         1    7[COMMON] unsigned char 
   911 ;; Return value:  Size  Location     Type
   912 ;;                  2    0[COMMON] unsigned int 
   913 ;; Registers used:
   914 ;;		wreg, status,2, status,0
   915 ;; Tracked objects:
   916 ;;		On entry : 0/0
   917 ;;		On exit  : 0/0
   918 ;;		Unchanged: 0/0
   919 ;; Data sizes:     COMMON   BANK0   BANK1   BANK3   BANK2
   920 ;;      Params:         4       0       0       0       0
   921 ;;      Locals:         3       0       0       0       0
   922 ;;      Temps:          1       0       0       0       0
   923 ;;      Totals:         8       0       0       0       0
   924 ;;Total ram usage:        8 bytes
   925 ;; Hardware stack levels used:    1
   926 ;; This function calls:
   927 ;;		Nothing
   928 ;; This function is called by:
   929 ;;		_main
   930 ;; This function uses a non-reentrant model
   931 ;;
   932                           psect	text180
   933                           	file	"C:\Program Files (x86)\HI-TECH Software\PICC\9.81\sources\lwdiv.c"
   934                           	line	5
   935                           	global	__size_of___lwdiv
   936  004E                     	__size_of___lwdiv	equ	__end_of___lwdiv-___lwdiv
   937                           	
   938  06B2                     ___lwdiv:	
   939                           	opt	stack 7
   940                           ; Regs used in ___lwdiv: [wreg+status,2+status,0]
   941                           	line	9
   942                           	
   943  06B2                     l2009:	
   944  06B2  01F5               	clrf	(___lwdiv@quotient)
   945  06B3  01F6               	clrf	(___lwdiv@quotient+1)
   946                           	line	10
   947                           	
   948  06B4                     l2011:	
   949  06B4  0871               	movf	(___lwdiv@divisor+1),w
   950  06B5  0470               	iorwf	(___lwdiv@divisor),w
   951  06B6  1903               	skipnz
   952  06B7  2EB9               	goto	u2171
   953  06B8  2EBA               	goto	u2170
   954  06B9                     u2171:
   955  06B9  2EF8               	goto	l2031
   956  06BA                     u2170:
   957                           	line	11
   958                           	
   959  06BA                     l2013:	
   960  06BA  01F7               	clrf	(___lwdiv@counter)
   961  06BB  1403               	bsf	status,0
   962  06BC  0DF7               	rlf	(___lwdiv@counter),f
   963                           	line	12
   964  06BD  2ECA               	goto	l2019
   965                           	
   966  06BE                     l725:	
   967                           	line	13
   968                           	
   969  06BE                     l2015:	
   970  06BE  3001               	movlw	01h
   971                           	
   972  06BF                     u2185:
   973  06BF  1003               	clrc
   974  06C0  0DF0               	rlf	(___lwdiv@divisor),f
   975  06C1  0DF1               	rlf	(___lwdiv@divisor+1),f
   976  06C2  3EFF               	addlw	-1
   977  06C3  1D03               	skipz
   978  06C4  2EBF               	goto	u2185
   979                           	line	14
   980                           	
   981  06C5                     l2017:	
   982  06C5  3001               	movlw	(01h)
   983  06C6  00F4               	movwf	(??___lwdiv+0)+0
   984  06C7  0874               	movf	(??___lwdiv+0)+0,w
   985  06C8  07F7               	addwf	(___lwdiv@counter),f
   986  06C9  2ECA               	goto	l2019
   987                           	line	15
   988                           	
   989  06CA                     l724:	
   990                           	line	12
   991                           	
   992  06CA                     l2019:	
   993  06CA  1FF1               	btfss	(___lwdiv@divisor+1),(15)&7
   994  06CB  2ECD               	goto	u2191
   995  06CC  2ECE               	goto	u2190
   996  06CD                     u2191:
   997  06CD  2EBE               	goto	l2015
   998  06CE                     u2190:
   999  06CE  2ED0               	goto	l2021
  1000                           	
  1001  06CF                     l726:	
  1002  06CF  2ED0               	goto	l2021
  1003                           	line	16
  1004                           	
  1005  06D0                     l727:	
  1006                           	line	17
  1007                           	
  1008  06D0                     l2021:	
  1009  06D0  3001               	movlw	01h
  1010                           	
  1011  06D1                     u2205:
  1012  06D1  1003               	clrc
  1013  06D2  0DF5               	rlf	(___lwdiv@quotient),f
  1014  06D3  0DF6               	rlf	(___lwdiv@quotient+1),f
  1015  06D4  3EFF               	addlw	-1
  1016  06D5  1D03               	skipz
  1017  06D6  2ED1               	goto	u2205
  1018                           	line	18
  1019  06D7  0871               	movf	(___lwdiv@divisor+1),w
  1020  06D8  0273               	subwf	(___lwdiv@dividend+1),w
  1021  06D9  1D03               	skipz
  1022  06DA  2EDD               	goto	u2215
  1023  06DB  0870               	movf	(___lwdiv@divisor),w
  1024  06DC  0272               	subwf	(___lwdiv@dividend),w
  1025  06DD                     u2215:
  1026  06DD  1C03               	skipc
  1027  06DE  2EE0               	goto	u2211
  1028  06DF  2EE1               	goto	u2210
  1029  06E0                     u2211:
  1030  06E0  2EE9               	goto	l2027
  1031  06E1                     u2210:
  1032                           	line	19
  1033                           	
  1034  06E1                     l2023:	
  1035  06E1  0870               	movf	(___lwdiv@divisor),w
  1036  06E2  02F2               	subwf	(___lwdiv@dividend),f
  1037  06E3  0871               	movf	(___lwdiv@divisor+1),w
  1038  06E4  1C03               	skipc
  1039  06E5  03F3               	decf	(___lwdiv@dividend+1),f
  1040  06E6  02F3               	subwf	(___lwdiv@dividend+1),f
  1041                           	line	20
  1042                           	
  1043  06E7                     l2025:	
  1044  06E7  1475               	bsf	(___lwdiv@quotient)+(0/8),(0)&7
  1045  06E8  2EE9               	goto	l2027
  1046                           	line	21
  1047                           	
  1048  06E9                     l728:	
  1049                           	line	22
  1050                           	
  1051  06E9                     l2027:	
  1052  06E9  3001               	movlw	01h
  1053                           	
  1054  06EA                     u2225:
  1055  06EA  1003               	clrc
  1056  06EB  0CF1               	rrf	(___lwdiv@divisor+1),f
  1057  06EC  0CF0               	rrf	(___lwdiv@divisor),f
  1058  06ED  3EFF               	addlw	-1
  1059  06EE  1D03               	skipz
  1060  06EF  2EEA               	goto	u2225
  1061                           	line	23
  1062                           	
  1063  06F0                     l2029:	
  1064  06F0  3001               	movlw	low(01h)
  1065  06F1  02F7               	subwf	(___lwdiv@counter),f
  1066  06F2  1D03               	btfss	status,2
  1067  06F3  2EF5               	goto	u2231
  1068  06F4  2EF6               	goto	u2230
  1069  06F5                     u2231:
  1070  06F5  2ED0               	goto	l2021
  1071  06F6                     u2230:
  1072  06F6  2EF8               	goto	l2031
  1073                           	
  1074  06F7                     l729:	
  1075  06F7  2EF8               	goto	l2031
  1076                           	line	24
  1077                           	
  1078  06F8                     l723:	
  1079                           	line	25
  1080                           	
  1081  06F8                     l2031:	
  1082  06F8  0876               	movf	(___lwdiv@quotient+1),w
  1083  06F9  01F1               	clrf	(?___lwdiv+1)
  1084  06FA  07F1               	addwf	(?___lwdiv+1)
  1085  06FB  0875               	movf	(___lwdiv@quotient),w
  1086  06FC  01F0               	clrf	(?___lwdiv)
  1087  06FD  07F0               	addwf	(?___lwdiv)
  1088                           
  1089  06FE  2EFF               	goto	l730
  1090                           	
  1091  06FF                     l2033:	
  1092                           	line	26
  1093                           	
  1094  06FF                     l730:	
  1095  06FF  0008               	return
  1096                           	opt stack 0
  1097                           GLOBAL	__end_of___lwdiv
  1098  0700                     	__end_of___lwdiv:
  1099 ;; =============== function ___lwdiv ends ============
  1100                           
  1101                           	signat	___lwdiv,8314
  1102                           	global	_uart_tx
  1103                           psect	text181,local,class=CODE,delta=2
  1104                           global __ptext181
  1105  063A                     __ptext181:
  1106                           
  1107 ;; *************** function _uart_tx *****************
  1108 ;; Defined at:
  1109 ;;		line 55 in file "G:\PIC ass\AnalogToDigitalConverter\adc.c"
  1110 ;; Parameters:    Size  Location     Type
  1111 ;;  data            1    wreg     unsigned char 
  1112 ;; Auto vars:     Size  Location     Type
  1113 ;;  data            1    0[COMMON] unsigned char 
  1114 ;; Return value:  Size  Location     Type
  1115 ;;		None               void
  1116 ;; Registers used:
  1117 ;;		wreg
  1118 ;; Tracked objects:
  1119 ;;		On entry : 0/0
  1120 ;;		On exit  : 0/0
  1121 ;;		Unchanged: 0/0
  1122 ;; Data sizes:     COMMON   BANK0   BANK1   BANK3   BANK2
  1123 ;;      Params:         0       0       0       0       0
  1124 ;;      Locals:         1       0       0       0       0
  1125 ;;      Temps:          0       0       0       0       0
  1126 ;;      Totals:         1       0       0       0       0
  1127 ;;Total ram usage:        1 bytes
  1128 ;; Hardware stack levels used:    1
  1129 ;; This function calls:
  1130 ;;		Nothing
  1131 ;; This function is called by:
  1132 ;;		_main
  1133 ;; This function uses a non-reentrant model
  1134 ;;
  1135                           psect	text181
  1136                           	file	"G:\PIC ass\AnalogToDigitalConverter\adc.c"
  1137                           	line	55
  1138                           	global	__size_of_uart_tx
  1139  000C                     	__size_of_uart_tx	equ	__end_of_uart_tx-_uart_tx
  1140                           	
  1141  063A                     _uart_tx:	
  1142                           	opt	stack 7
  1143                           ; Regs used in _uart_tx: [wreg]
  1144                           ;uart_tx@data stored from wreg
  1145                           	line	57
  1146  063A  00F0               	movwf	(uart_tx@data)
  1147                           	
  1148  063B                     l2007:	
  1149                           ;adc.c: 57: TXREG = data;
  1150  063B  0870               	movf	(uart_tx@data),w
  1151  063C  1283               	bcf	status, 5	;RP0=0, select bank0
  1152  063D  1303               	bcf	status, 6	;RP1=0, select bank0
  1153  063E  0099               	movwf	(25)	;volatile
  1154                           	line	58
  1155                           ;adc.c: 58: while(TXIF == 0);
  1156  063F  2E40               	goto	l696
  1157                           	
  1158  0640                     l697:	
  1159                           	
  1160  0640                     l696:	
  1161  0640  1E0C               	btfss	(100/8),(100)&7
  1162  0641  2E43               	goto	u2161
  1163  0642  2E44               	goto	u2160
  1164  0643                     u2161:
  1165  0643  2E40               	goto	l696
  1166  0644                     u2160:
  1167                           	
  1168  0644                     l698:	
  1169                           	line	59
  1170                           ;adc.c: 59: TXIF = 0;
  1171  0644  120C               	bcf	(100/8),(100)&7
  1172                           	line	60
  1173                           	
  1174  0645                     l699:	
  1175  0645  0008               	return
  1176                           	opt stack 0
  1177                           GLOBAL	__end_of_uart_tx
  1178  0646                     	__end_of_uart_tx:
  1179 ;; =============== function _uart_tx ends ============
  1180                           
  1181                           	signat	_uart_tx,4216
  1182                           	global	_adc_config
  1183                           psect	text182,local,class=CODE,delta=2
  1184                           global __ptext182
  1185  0659                     __ptext182:
  1186                           
  1187 ;; *************** function _adc_config *****************
  1188 ;; Defined at:
  1189 ;;		line 26 in file "G:\PIC ass\AnalogToDigitalConverter\adc.c"
  1190 ;; Parameters:    Size  Location     Type
  1191 ;;		None
  1192 ;; Auto vars:     Size  Location     Type
  1193 ;;		None
  1194 ;; Return value:  Size  Location     Type
  1195 ;;		None               void
  1196 ;; Registers used:
  1197 ;;		None
  1198 ;; Tracked objects:
  1199 ;;		On entry : 0/0
  1200 ;;		On exit  : 0/0
  1201 ;;		Unchanged: 0/0
  1202 ;; Data sizes:     COMMON   BANK0   BANK1   BANK3   BANK2
  1203 ;;      Params:         0       0       0       0       0
  1204 ;;      Locals:         0       0       0       0       0
  1205 ;;      Temps:          0       0       0       0       0
  1206 ;;      Totals:         0       0       0       0       0
  1207 ;;Total ram usage:        0 bytes
  1208 ;; Hardware stack levels used:    1
  1209 ;; This function calls:
  1210 ;;		Nothing
  1211 ;; This function is called by:
  1212 ;;		_main
  1213 ;; This function uses a non-reentrant model
  1214 ;;
  1215                           psect	text182
  1216                           	file	"G:\PIC ass\AnalogToDigitalConverter\adc.c"
  1217                           	line	26
  1218                           	global	__size_of_adc_config
  1219  0015                     	__size_of_adc_config	equ	__end_of_adc_config-_adc_config
  1220                           	
  1221  0659                     _adc_config:	
  1222                           	opt	stack 7
  1223                           ; Regs used in _adc_config: []
  1224                           	line	28
  1225                           	
  1226  0659                     l2005:	
  1227                           ;adc.c: 28: PCFG0 = 0;
  1228  0659  1683               	bsf	status, 5	;RP0=1, select bank1
  1229  065A  1303               	bcf	status, 6	;RP1=0, select bank1
  1230  065B  101F               	bcf	(1272/8)^080h,(1272)&7
  1231                           	line	29
  1232                           ;adc.c: 29: PCFG1 = 0;
  1233  065C  109F               	bcf	(1273/8)^080h,(1273)&7
  1234                           	line	30
  1235                           ;adc.c: 30: PCFG2 = 0;
  1236  065D  111F               	bcf	(1274/8)^080h,(1274)&7
  1237                           	line	31
  1238                           ;adc.c: 31: PCFG3 = 0;
  1239  065E  119F               	bcf	(1275/8)^080h,(1275)&7
  1240                           	line	34
  1241                           ;adc.c: 34: ADFM = 1;
  1242  065F  179F               	bsf	(1279/8)^080h,(1279)&7
  1243                           	line	38
  1244                           ;adc.c: 38: CHS0 = 0;
  1245  0660  1283               	bcf	status, 5	;RP0=0, select bank0
  1246  0661  1303               	bcf	status, 6	;RP1=0, select bank0
  1247  0662  119F               	bcf	(251/8),(251)&7
  1248                           	line	39
  1249                           ;adc.c: 39: CHS1 = 0;
  1250  0663  121F               	bcf	(252/8),(252)&7
  1251                           	line	40
  1252                           ;adc.c: 40: CHS2 = 0;
  1253  0664  129F               	bcf	(253/8),(253)&7
  1254                           	line	43
  1255                           ;adc.c: 43: ADCS0 = 0;
  1256  0665  131F               	bcf	(254/8),(254)&7
  1257                           	line	44
  1258                           ;adc.c: 44: ADCS1 = 1;
  1259  0666  179F               	bsf	(255/8),(255)&7
  1260                           	line	47
  1261                           ;adc.c: 47: ADCS2 = 0;
  1262  0667  1683               	bsf	status, 5	;RP0=1, select bank1
  1263  0668  1303               	bcf	status, 6	;RP1=0, select bank1
  1264  0669  131F               	bcf	(1278/8)^080h,(1278)&7
  1265                           	line	51
  1266                           ;adc.c: 51: ADON = 1;
  1267  066A  1283               	bcf	status, 5	;RP0=0, select bank0
  1268  066B  1303               	bcf	status, 6	;RP1=0, select bank0
  1269  066C  141F               	bsf	(248/8),(248)&7
  1270                           	line	52
  1271                           	
  1272  066D                     l693:	
  1273  066D  0008               	return
  1274                           	opt stack 0
  1275                           GLOBAL	__end_of_adc_config
  1276  066E                     	__end_of_adc_config:
  1277 ;; =============== function _adc_config ends ============
  1278                           
  1279                           	signat	_adc_config,88
  1280                           	global	_uart_init
  1281                           psect	text183,local,class=CODE,delta=2
  1282                           global __ptext183
  1283  0646                     __ptext183:
  1284                           
  1285 ;; *************** function _uart_init *****************
  1286 ;; Defined at:
  1287 ;;		line 14 in file "G:\PIC ass\AnalogToDigitalConverter\adc.c"
  1288 ;; Parameters:    Size  Location     Type
  1289 ;;		None
  1290 ;; Auto vars:     Size  Location     Type
  1291 ;;		None
  1292 ;; Return value:  Size  Location     Type
  1293 ;;		None               void
  1294 ;; Registers used:
  1295 ;;		wreg, status,2
  1296 ;; Tracked objects:
  1297 ;;		On entry : 0/0
  1298 ;;		On exit  : 0/0
  1299 ;;		Unchanged: 0/0
  1300 ;; Data sizes:     COMMON   BANK0   BANK1   BANK3   BANK2
  1301 ;;      Params:         0       0       0       0       0
  1302 ;;      Locals:         0       0       0       0       0
  1303 ;;      Temps:          0       0       0       0       0
  1304 ;;      Totals:         0       0       0       0       0
  1305 ;;Total ram usage:        0 bytes
  1306 ;; Hardware stack levels used:    1
  1307 ;; This function calls:
  1308 ;;		Nothing
  1309 ;; This function is called by:
  1310 ;;		_main
  1311 ;; This function uses a non-reentrant model
  1312 ;;
  1313                           psect	text183
  1314                           	file	"G:\PIC ass\AnalogToDigitalConverter\adc.c"
  1315                           	line	14
  1316                           	global	__size_of_uart_init
  1317  0013                     	__size_of_uart_init	equ	__end_of_uart_init-_uart_init
  1318                           	
  1319  0646                     _uart_init:	
  1320                           	opt	stack 7
  1321                           ; Regs used in _uart_init: [wreg+status,2]
  1322                           	line	15
  1323                           	
  1324  0646                     l1991:	
  1325                           ;adc.c: 15: TRISC6 = 1;
  1326  0646  1683               	bsf	status, 5	;RP0=1, select bank1
  1327  0647  1303               	bcf	status, 6	;RP1=0, select bank1
  1328  0648  1707               	bsf	(1086/8)^080h,(1086)&7
  1329                           	line	16
  1330                           ;adc.c: 16: TRISC7 = 0;
  1331  0649  1387               	bcf	(1087/8)^080h,(1087)&7
  1332                           	line	17
  1333                           	
  1334  064A                     l1993:	
  1335                           ;adc.c: 17: TXSTA = 0x00;
  1336  064A  0198               	clrf	(152)^080h	;volatile
  1337                           	line	18
  1338                           ;adc.c: 18: RCSTA = 0x00;
  1339  064B  1283               	bcf	status, 5	;RP0=0, select bank0
  1340  064C  1303               	bcf	status, 6	;RP1=0, select bank0
  1341  064D  0198               	clrf	(24)	;volatile
  1342                           	line	19
  1343                           	
  1344  064E                     l1995:	
  1345                           ;adc.c: 19: SPBRG = 31;
  1346  064E  301F               	movlw	(01Fh)
  1347  064F  1683               	bsf	status, 5	;RP0=1, select bank1
  1348  0650  1303               	bcf	status, 6	;RP1=0, select bank1
  1349  0651  0099               	movwf	(153)^080h	;volatile
  1350                           	line	20
  1351                           	
  1352  0652                     l1997:	
  1353                           ;adc.c: 20: TXEN = 1;
  1354  0652  1698               	bsf	(1221/8)^080h,(1221)&7
  1355                           	line	21
  1356                           	
  1357  0653                     l1999:	
  1358                           ;adc.c: 21: SPEN = 1;
  1359  0653  1283               	bcf	status, 5	;RP0=0, select bank0
  1360  0654  1303               	bcf	status, 6	;RP1=0, select bank0
  1361  0655  1798               	bsf	(199/8),(199)&7
  1362                           	line	22
  1363                           	
  1364  0656                     l2001:	
  1365                           ;adc.c: 22: TXIF = 0;
  1366  0656  120C               	bcf	(100/8),(100)&7
  1367                           	line	23
  1368                           	
  1369  0657                     l2003:	
  1370                           ;adc.c: 23: RCIF = 0;
  1371  0657  128C               	bcf	(101/8),(101)&7
  1372                           	line	24
  1373                           	
  1374  0658                     l690:	
  1375  0658  0008               	return
  1376                           	opt stack 0
  1377                           GLOBAL	__end_of_uart_init
  1378  0659                     	__end_of_uart_init:
  1379 ;; =============== function _uart_init ends ============
  1380                           
  1381                           	signat	_uart_init,88
  1382                           	global	_gpio_config
  1383                           psect	text184,local,class=CODE,delta=2
  1384                           global __ptext184
  1385  0633                     __ptext184:
  1386                           
  1387 ;; *************** function _gpio_config *****************
  1388 ;; Defined at:
  1389 ;;		line 6 in file "G:\PIC ass\AnalogToDigitalConverter\adc.c"
  1390 ;; Parameters:    Size  Location     Type
  1391 ;;		None
  1392 ;; Auto vars:     Size  Location     Type
  1393 ;;		None
  1394 ;; Return value:  Size  Location     Type
  1395 ;;		None               void
  1396 ;; Registers used:
  1397 ;;		wreg, status,2
  1398 ;; Tracked objects:
  1399 ;;		On entry : 0/0
  1400 ;;		On exit  : 0/0
  1401 ;;		Unchanged: 0/0
  1402 ;; Data sizes:     COMMON   BANK0   BANK1   BANK3   BANK2
  1403 ;;      Params:         0       0       0       0       0
  1404 ;;      Locals:         0       0       0       0       0
  1405 ;;      Temps:          0       0       0       0       0
  1406 ;;      Totals:         0       0       0       0       0
  1407 ;;Total ram usage:        0 bytes
  1408 ;; Hardware stack levels used:    1
  1409 ;; This function calls:
  1410 ;;		Nothing
  1411 ;; This function is called by:
  1412 ;;		_main
  1413 ;; This function uses a non-reentrant model
  1414 ;;
  1415                           psect	text184
  1416                           	file	"G:\PIC ass\AnalogToDigitalConverter\adc.c"
  1417                           	line	6
  1418                           	global	__size_of_gpio_config
  1419  0007                     	__size_of_gpio_config	equ	__end_of_gpio_config-_gpio_config
  1420                           	
  1421  0633                     _gpio_config:	
  1422                           	opt	stack 7
  1423                           ; Regs used in _gpio_config: [wreg+status,2]
  1424                           	line	8
  1425                           	
  1426  0633                     l1985:	
  1427                           ;adc.c: 8: TRISA = 0xff;
  1428  0633  30FF               	movlw	(0FFh)
  1429  0634  1683               	bsf	status, 5	;RP0=1, select bank1
  1430  0635  1303               	bcf	status, 6	;RP1=0, select bank1
  1431  0636  0085               	movwf	(133)^080h	;volatile
  1432                           	line	9
  1433                           	
  1434  0637                     l1987:	
  1435                           ;adc.c: 9: TRISC = 0x00;
  1436  0637  0187               	clrf	(135)^080h	;volatile
  1437                           	line	10
  1438                           	
  1439  0638                     l1989:	
  1440                           ;adc.c: 10: TRISD = 0x00;
  1441  0638  0188               	clrf	(136)^080h	;volatile
  1442                           	line	12
  1443                           	
  1444  0639                     l687:	
  1445  0639  0008               	return
  1446                           	opt stack 0
  1447                           GLOBAL	__end_of_gpio_config
  1448  063A                     	__end_of_gpio_config:
  1449 ;; =============== function _gpio_config ends ============
  1450                           
  1451                           	signat	_gpio_config,88
  1452                           psect	text185,local,class=CODE,delta=2
  1453                           global __ptext185
  1454  0000                     __ptext185:
  1455                           	global	btemp
  1456  007E                     	btemp set 07Eh
  1457                           
  1458                           	DABS	1,126,2	;btemp
  1459                           	global	wtemp0
  1460  007E                     	wtemp0 set btemp


HI-TECH Software PICC Macro Assembler V9.81 build 7503 
Symbol Table                                                                                   Sat Mar 23 14:59:46 2024

                 l702 0719                   l703 0723                   l704 0723                   l705 0728  
                 l730 06FF                   l706 07FC                   l723 06F8                   l707 07FD  
                 l724 06CA                   l740 06B1                   l708 07FD                   l725 06BE  
                 l733 06AA                   l726 06CF                   l734 0684                   l727 06D0  
                 l735 0678                   l728 06E9                   l736 0689                   l729 06F7  
                 l737 068A                   l690 0658                   l738 069B                   l739 06A9  
                 l693 066D                   l687 0639                   l696 0640                   l697 0640  
                 l698 0644                   l699 0645                  l2001 0656                  l2003 0657  
                l2011 06B4                  l2005 0659                  l2021 06D0                  l2013 06BA  
                l2007 063B                  l2023 06E1                  l2015 06BE                  l2031 06F8  
                l2033 06FF                  l2025 06E7                  l2017 06C5                  l2009 06B2  
                l2041 067F                  l2027 06E9                  l2019 06CA                  l2051 06A2  
                l2043 0684                  l2035 066E                  l2029 06F0                  l2045 068A  
                l2037 0674                  l2053 06AA                  l2061 070A                  l2055 06B1  
                l2047 0694                  l2039 0678                  l2071 0728                  l2063 070E  
                l2049 069B                  l2081 079C                  l2073 073B                  l2065 0713  
                l2057 0700                  l2091 07D9                  l2083 07AA                  l2075 0740  
                l2067 0719                  l2059 0706                  l2093 07E7                  l2085 07C2  
                l2077 0767                  l2069 071F                  l2095 07ED                  l2087 07D0  
                l2079 0775                  l2089 07D3                  l1991 0646                  l1985 0633  
                l1993 064A                  l1987 0637                  l1995 064E                  l1989 0638  
                l1997 0652                  l1999 0653                  _ADIF 0066                  _ADFM 04FF  
                _ADON 00F8                  _CHS0 00FB                  _CHS1 00FC                  _CHS2 00FD  
                u2210 06E1                  u2211 06E0                  u2300 0727                  u2205 06D1  
                u2301 0726                  u2230 06F6                  u2231 06F5                  u2215 06DD  
                u2160 0644                  u2240 0674                  u2161 0643                  u2225 06EA  
                u2241 0673                  u2170 06BA                  u2171 06B9                  u2260 0688  
                u2261 0687                  u2317 071D                  u2190 06CE                  u2270 0694  
                u2191 06CD                  u2271 0693                  u2255 0679                  u2327 076F  
                u2185 06BF                  u2337 07A4                  u2290 06A8                  u2291 06A7  
                u2275 0690                  u2347 07CA                  u2285 069C                  u2357 07E1  
                u2367 07F5                  _RCIF 0065                  _SPEN 00C7                  _TXEN 04C5  
                _TXIF 0064                  _main 0700                  btemp 007E                  start 0000  
        ?_gpio_config 0070                 _ADCS0 00FE                 _ADCS1 00FF                 _ADCS2 04FE  
               ?_main 0070                 _PCFG0 04F8                 _PCFG1 04F9                 _PCFG2 04FA  
               _PCFG3 04FB       __end_of___lwdiv 0700       __end_of___lwmod 06B2                 _RCSTA 0018  
               _SPBRG 0099                 _TRISA 0085                 _TRISC 0087                 _TRISD 0088  
               _TXREG 0019                 _TXSTA 0098                 main@i 0024                 main@k 002A  
               main@m 0028       __end_of_uart_tx 0646                 status 0003                 wtemp0 007E  
        __end_of_main 0800                ??_main 0020                _ADRESH 001E                _ADRESL 009E  
              _TRISC6 043E                _TRISC7 043F             ??___lwdiv 0074             ??___lwmod 007C  
           ??_uart_tx 0070        __pcstackCOMMON 0070            _adc_config 0659  __size_of_gpio_config 0007  
          __pmaintext 0700    __size_of_uart_init 0013               _GO_DONE 00FA           ?_adc_config 0070  
             ___lwdiv 06B2               ___lwmod 066E               _uart_tx 063A               main@mod 0026  
             main@val 002C  end_of_initialization 062F     __end_of_uart_init 0659           uart_tx@data 0070  
 __size_of_adc_config 0015   start_initialization 062F         ??_gpio_config 0070         __pcstackBANK0 0020  
    ___lwdiv@dividend 0072          ??_adc_config 0070             __ptext180 06B2             __ptext181 063A  
           __ptext182 0659             __ptext183 0646             __ptext184 0633             __ptext185 0000  
           __ptext178 0000             __ptext179 066E              ?___lwdiv 0070              ?___lwmod 0078  
 __end_of_gpio_config 063A              ?_uart_tx 0070      ___lwdiv@quotient 0075    __end_of_adc_config 066E  
           _uart_init 0646           _gpio_config 0633            ?_uart_init 0070      __size_of___lwdiv 004E  
    __size_of___lwmod 0044       ___lwdiv@divisor 0070       ___lwdiv@counter 0077      __size_of_uart_tx 000C  
       __size_of_main 0100      ___lwmod@dividend 007A           ??_uart_init 0070       ___lwmod@divisor 0078  
     ___lwmod@counter 007D  
