

HI-TECH Software PIC LITE Macro Assembler V9.81 build 7503 
                                                                                               Fri Sep 01 07:11:31 2023

HI-TECH Software Omniscient Code Generator (Lite mode) build 7503
     1  0000                     opt subtitle "HI-TECH Software Omniscient Code Generator (Lite mode) build 7503"
     2                           
     3                           opt pagewidth 120
     4                           
     5                           	opt lm
     6                           
     7                           	processor	16F877A
     8                           clrc	macro
     9                           	bcf	3,0
    10  0000                     	endm
    11                           clrz	macro
    12                           	bcf	3,2
    13  0000                     	endm
    14                           setc	macro
    15                           	bsf	3,0
    16  0000                     	endm
    17                           setz	macro
    18                           	bsf	3,2
    19  0000                     	endm
    20                           skipc	macro
    21                           	btfss	3,0
    22  0000                     	endm
    23                           skipz	macro
    24                           	btfss	3,2
    25  0000                     	endm
    26                           skipnc	macro
    27                           	btfsc	3,0
    28  0000                     	endm
    29                           skipnz	macro
    30                           	btfsc	3,2
    31  0000                     	endm
    32  0000                     indf	equ	0
    33  0000                     indf0	equ	0
    34  0002                     pc	equ	2
    35  0002                     pcl	equ	2
    36  0003                     status	equ	3
    37  0004                     fsr	equ	4
    38  0004                     fsr0	equ	4
    39  0001                     c	equ	1
    40  0000                     z	equ	0
    41  000A                     pclath	equ	10
    42                           # 2 "G:\PIC ass\7SEGMENT\7segWitharr\pushbonled.c"
    43                           	psect config,class=CONFIG,delta=2 ;#
    44                           # 2 "G:\PIC ass\7SEGMENT\7segWitharr\pushbonled.c"
    45  2007  1F7A               	dw 0x1f7a ;#
    46                           	FNROOT	_main
    47                           	global	_RB0
    48                           psect	maintext,global,class=CODE,delta=2
    49                           global __pmaintext
    50  07D0                     __pmaintext:
    51  0030                     _RB0	set	48
    52                           	global	_RD0
    53  0040                     _RD0	set	64
    54                           	global	_TRISB0
    55  0430                     _TRISB0	set	1072
    56                           	global	_TRISD0
    57  0440                     _TRISD0	set	1088
    58                           	file	"pushbutton1.as"
    59                           	line	#
    60                           psect cinit,class=CODE,delta=2
    61                           global start_initialization
    62  07CC                     start_initialization:
    63                           
    64                           psect cinit,class=CODE,delta=2
    65                           global end_of_initialization
    66                           
    67                           ;End of C runtime variable initialization code
    68                           
    69  07CC                     end_of_initialization:
    70  07CC  0183               clrf status
    71  07CD  120A  118A  2FD0   ljmp _main	;jump to C main() function
    72                           psect	cstackCOMMON,class=COMMON,space=1
    73                           global __pcstackCOMMON
    74  0070                     __pcstackCOMMON:
    75                           	global	?_main
    76  0070                     ?_main:	; 0 bytes @ 0x0
    77                           	global	??_main
    78  0070                     ??_main:	; 0 bytes @ 0x0
    79  0070                     	ds	3
    80 ;;Data sizes: Strings 0, constant 0, data 0, bss 0, persistent 0 stack 0
    81 ;;Auto spaces:   Size  Autos    Used
    82 ;; COMMON          14      3       3
    83 ;; BANK0           80      0       0
    84 ;; BANK1           80      0       0
    85 ;; BANK3           96      0       0
    86 ;; BANK2           96      0       0
    87                           
    88 ;;
    89 ;; Pointer list with targets:
    90                           
    91                           
    92                           
    93 ;;
    94 ;; Critical Paths under _main in COMMON
    95 ;;
    96 ;;   None.
    97 ;;
    98 ;; Critical Paths under _main in BANK0
    99 ;;
   100 ;;   None.
   101 ;;
   102 ;; Critical Paths under _main in BANK1
   103 ;;
   104 ;;   None.
   105 ;;
   106 ;; Critical Paths under _main in BANK3
   107 ;;
   108 ;;   None.
   109 ;;
   110 ;; Critical Paths under _main in BANK2
   111 ;;
   112 ;;   None.
   113                           
   114 ;;
   115 ;;Main: autosize = 0, tempsize = 3, incstack = 0, save=0
   116 ;;
   117                           
   118 ;;
   119 ;;Call Graph Tables:
   120 ;;
   121 ;; ---------------------------------------------------------------------------------
   122 ;; (Depth) Function   	        Calls       Base Space   Used Autos Params    Refs
   123 ;; ---------------------------------------------------------------------------------
   124 ;; (0) _main                                                 3     3      0       0
   125 ;;                                              0 COMMON     3     3      0
   126 ;; ---------------------------------------------------------------------------------
   127 ;; Estimated maximum stack depth 0
   128 ;; ---------------------------------------------------------------------------------
   129                           
   130 ;; Call Graph Graphs:
   131                           
   132 ;; _main (ROOT)
   133 ;;
   134                           
   135 ;; Address spaces:
   136                           
   137 ;;Name               Size   Autos  Total    Cost      Usage
   138 ;;BITCOMMON            E      0       0       0        0.0%
   139 ;;EEDATA             100      0       0       0        0.0%
   140 ;;NULL                 0      0       0       0        0.0%
   141 ;;CODE                 0      0       0       0        0.0%
   142 ;;COMMON               E      3       3       1       21.4%
   143 ;;BITSFR0              0      0       0       1        0.0%
   144 ;;SFR0                 0      0       0       1        0.0%
   145 ;;BITSFR1              0      0       0       2        0.0%
   146 ;;SFR1                 0      0       0       2        0.0%
   147 ;;STACK                0      0       0       2        0.0%
   148 ;;ABS                  0      0       0       3        0.0%
   149 ;;BITBANK0            50      0       0       4        0.0%
   150 ;;BITSFR3              0      0       0       4        0.0%
   151 ;;SFR3                 0      0       0       4        0.0%
   152 ;;BANK0               50      0       0       5        0.0%
   153 ;;BITSFR2              0      0       0       5        0.0%
   154 ;;SFR2                 0      0       0       5        0.0%
   155 ;;BITBANK1            50      0       0       6        0.0%
   156 ;;BANK1               50      0       0       7        0.0%
   157 ;;BITBANK3            60      0       0       8        0.0%
   158 ;;BANK3               60      0       0       9        0.0%
   159 ;;BITBANK2            60      0       0      10        0.0%
   160 ;;BANK2               60      0       0      11        0.0%
   161 ;;DATA                 0      0       0      12        0.0%
   162                           
   163                           	global	_main
   164                           psect	maintext
   165                           
   166 ;; *************** function _main *****************
   167 ;; Defined at:
   168 ;;		line 5 in file "G:\PIC ass\7SEGMENT\7segWitharr\pushbonled.c"
   169 ;; Parameters:    Size  Location     Type
   170 ;;		None
   171 ;; Auto vars:     Size  Location     Type
   172 ;;		None
   173 ;; Return value:  Size  Location     Type
   174 ;;		None               void
   175 ;; Registers used:
   176 ;;		wreg
   177 ;; Tracked objects:
   178 ;;		On entry : 17F/0
   179 ;;		On exit  : 0/0
   180 ;;		Unchanged: 0/0
   181 ;; Data sizes:     COMMON   BANK0   BANK1   BANK3   BANK2
   182 ;;      Params:         0       0       0       0       0
   183 ;;      Locals:         0       0       0       0       0
   184 ;;      Temps:          3       0       0       0       0
   185 ;;      Totals:         3       0       0       0       0
   186 ;;Total ram usage:        3 bytes
   187 ;; This function calls:
   188 ;;		Nothing
   189 ;; This function is called by:
   190 ;;		Startup code after reset
   191 ;; This function uses a non-reentrant model
   192 ;;
   193                           psect	maintext
   194                           	file	"G:\PIC ass\7SEGMENT\7segWitharr\pushbonled.c"
   195                           	line	5
   196                           	global	__size_of_main
   197  0030                     	__size_of_main	equ	__end_of_main-_main
   198                           	
   199  07D0                     _main:	
   200                           	opt	stack 8
   201                           ; Regs used in _main: [wreg]
   202                           	line	6
   203                           	
   204  07D0                     l1826:	
   205                           ;pushbonled.c: 6: TRISB0=0;
   206  07D0  1683               	bsf	status, 5	;RP0=1, select bank1
   207  07D1  1303               	bcf	status, 6	;RP1=0, select bank1
   208  07D2  1006               	bcf	(1072/8)^080h,(1072)&7
   209                           	line	7
   210                           ;pushbonled.c: 7: TRISD0=1;
   211  07D3  1408               	bsf	(1088/8)^080h,(1088)&7
   212                           	line	8
   213                           ;pushbonled.c: 8: RB0=0;
   214  07D4  1283               	bcf	status, 5	;RP0=0, select bank0
   215  07D5  1303               	bcf	status, 6	;RP1=0, select bank0
   216  07D6  1006               	bcf	(48/8),(48)&7
   217                           	line	9
   218                           ;pushbonled.c: 9: while(1)
   219                           	
   220  07D7                     l687:	
   221                           	line	11
   222                           ;pushbonled.c: 10: {
   223                           ;pushbonled.c: 11: if(RD0==0)
   224  07D7  1283               	bcf	status, 5	;RP0=0, select bank0
   225  07D8  1303               	bcf	status, 6	;RP1=0, select bank0
   226  07D9  1808               	btfsc	(64/8),(64)&7
   227  07DA  2FDC               	goto	u2141
   228  07DB  2FDD               	goto	u2140
   229  07DC                     u2141:
   230  07DC  2FD7               	goto	l687
   231  07DD                     u2140:
   232                           	line	13
   233                           	
   234  07DD                     l1828:	
   235                           ;pushbonled.c: 12: {
   236                           ;pushbonled.c: 13: RB0=1;
   237  07DD  1406               	bsf	(48/8),(48)&7
   238                           	line	14
   239                           	
   240  07DE                     l1830:	
   241                           ;pushbonled.c: 14: _delay((unsigned long)((300)*(20000000/4000.0)));
   242                           	opt asmopt_off
   243  07DE  3008               movlw  8
   244  07DF  00F2               movwf	((??_main+0)+0+2),f
   245  07E0  3096               movlw	150
   246  07E1  00F1               movwf	((??_main+0)+0+1),f
   247  07E2  3009               	movlw	9
   248  07E3  00F0               movwf	((??_main+0)+0),f
   249  07E4                     u2157:
   250  07E4  0BF0               	decfsz	((??_main+0)+0),f
   251  07E5  2FE4               	goto	u2157
   252  07E6  0BF1               	decfsz	((??_main+0)+0+1),f
   253  07E7  2FE4               	goto	u2157
   254  07E8  0BF2               	decfsz	((??_main+0)+0+2),f
   255  07E9  2FE4               	goto	u2157
   256  07EA  0064               	clrwdt
   257                           opt asmopt_on
   258                           
   259                           	line	15
   260                           	
   261  07EB                     l1832:	
   262                           ;pushbonled.c: 15: RB0=0;
   263  07EB  1283               	bcf	status, 5	;RP0=0, select bank0
   264  07EC  1303               	bcf	status, 6	;RP1=0, select bank0
   265  07ED  1006               	bcf	(48/8),(48)&7
   266                           	line	16
   267                           ;pushbonled.c: 16: _delay((unsigned long)((200)*(20000000/4000.0)));
   268                           	opt asmopt_off
   269  07EE  3006               movlw  6
   270  07EF  00F2               movwf	((??_main+0)+0+2),f
   271  07F0  300E               movlw	14
   272  07F1  00F1               movwf	((??_main+0)+0+1),f
   273  07F2  30B0               	movlw	176
   274  07F3  00F0               movwf	((??_main+0)+0),f
   275  07F4                     u2167:
   276  07F4  0BF0               	decfsz	((??_main+0)+0),f
   277  07F5  2FF4               	goto	u2167
   278  07F6  0BF1               	decfsz	((??_main+0)+0+1),f
   279  07F7  2FF4               	goto	u2167
   280  07F8  0BF2               	decfsz	((??_main+0)+0+2),f
   281  07F9  2FF4               	goto	u2167
   282                           opt asmopt_on
   283                           
   284  07FA  2FD7               	goto	l687
   285                           	line	17
   286                           	
   287  07FB                     l688:	
   288  07FB  2FD7               	goto	l687
   289                           	line	18
   290                           	
   291  07FC                     l689:	
   292                           	line	9
   293  07FC  2FD7               	goto	l687
   294                           	
   295  07FD                     l690:	
   296                           	line	19
   297                           	
   298  07FD                     l691:	
   299                           	global	start
   300  07FD  120A  118A  2800   	ljmp	start
   301                           	opt stack 0
   302                           GLOBAL	__end_of_main
   303  0800                     	__end_of_main:
   304 ;; =============== function _main ends ============
   305                           
   306                           	signat	_main,88
   307                           psect	maintext
   308                           	global	btemp
   309  007E                     	btemp set 07Eh
   310                           
   311                           	DABS	1,126,2	;btemp
   312                           	global	wtemp0
   313  007E                     	wtemp0 set btemp


HI-TECH Software PICC Macro Assembler V9.81 build 7503 
Symbol Table                                                                                   Fri Sep 01 07:11:31 2023

                 l690 07FD                   l691 07FD                   l687 07D7                   l688 07FB  
                 l689 07FC                   _RB0 0030                   _RD0 0040                  l1830 07DE  
                l1832 07EB                  l1826 07D0                  l1828 07DD                  u2140 07DD  
                u2141 07DC                  u2157 07E4                  u2167 07F4                  _main 07D0  
                btemp 007E                  start 0000                 ?_main 0070                 status 0003  
               wtemp0 007E          __end_of_main 0800                ??_main 0070                _TRISB0 0430  
              _TRISD0 0440        __pcstackCOMMON 0070            __pmaintext 07D0  end_of_initialization 07CC  
 start_initialization 07CC         __size_of_main 0030  
