

HI-TECH Software PIC LITE Macro Assembler V9.81 build 7503 
                                                                                               Wed Aug 30 07:24:55 2023

HI-TECH Software Omniscient Code Generator (Lite mode) build 7503
     1  0000                     opt subtitle "HI-TECH Software Omniscient Code Generator (Lite mode) build 7503"
     2                           
     3                           opt pagewidth 120
     4                           
     5                           	opt lm
     6                           
     7                           	processor	16F877A
     8                           clrc	macro
     9                           	bcf	3,0
    10  0000                     	endm
    11                           clrz	macro
    12                           	bcf	3,2
    13  0000                     	endm
    14                           setc	macro
    15                           	bsf	3,0
    16  0000                     	endm
    17                           setz	macro
    18                           	bsf	3,2
    19  0000                     	endm
    20                           skipc	macro
    21                           	btfss	3,0
    22  0000                     	endm
    23                           skipz	macro
    24                           	btfss	3,2
    25  0000                     	endm
    26                           skipnc	macro
    27                           	btfsc	3,0
    28  0000                     	endm
    29                           skipnz	macro
    30                           	btfsc	3,2
    31  0000                     	endm
    32  0000                     indf	equ	0
    33  0000                     indf0	equ	0
    34  0002                     pc	equ	2
    35  0002                     pcl	equ	2
    36  0003                     status	equ	3
    37  0004                     fsr	equ	4
    38  0004                     fsr0	equ	4
    39  0001                     c	equ	1
    40  0000                     z	equ	0
    41  000A                     pclath	equ	10
    42                           # 2 "G:\PIC ass\7SEGMENT\7seg1.c"
    43                           	psect config,class=CONFIG,delta=2 ;#
    44                           # 2 "G:\PIC ass\7SEGMENT\7seg1.c"
    45  2007  1F7A               	dw 0x1f7a ;#
    46                           	FNROOT	_main
    47                           	global	_PORTD
    48                           psect	maintext,global,class=CODE,delta=2
    49                           global __pmaintext
    50  074D                     __pmaintext:
    51  0008                     _PORTD	set	8
    52                           	global	_TRISD
    53  0088                     _TRISD	set	136
    54                           	file	"7seg01.as"
    55                           	line	#
    56                           psect cinit,class=CODE,delta=2
    57                           global start_initialization
    58  0749                     start_initialization:
    59                           
    60                           psect cinit,class=CODE,delta=2
    61                           global end_of_initialization
    62                           
    63                           ;End of C runtime variable initialization code
    64                           
    65  0749                     end_of_initialization:
    66  0749  0183               clrf status
    67  074A  120A  118A  2F4D   ljmp _main	;jump to C main() function
    68                           psect	cstackCOMMON,class=COMMON,space=1
    69                           global __pcstackCOMMON
    70  0070                     __pcstackCOMMON:
    71                           	global	?_main
    72  0070                     ?_main:	; 0 bytes @ 0x0
    73                           	global	??_main
    74  0070                     ??_main:	; 0 bytes @ 0x0
    75  0070                     	ds	3
    76 ;;Data sizes: Strings 0, constant 0, data 0, bss 0, persistent 0 stack 0
    77 ;;Auto spaces:   Size  Autos    Used
    78 ;; COMMON          14      3       3
    79 ;; BANK0           80      0       0
    80 ;; BANK1           80      0       0
    81 ;; BANK3           96      0       0
    82 ;; BANK2           96      0       0
    83                           
    84 ;;
    85 ;; Pointer list with targets:
    86                           
    87                           
    88                           
    89 ;;
    90 ;; Critical Paths under _main in COMMON
    91 ;;
    92 ;;   None.
    93 ;;
    94 ;; Critical Paths under _main in BANK0
    95 ;;
    96 ;;   None.
    97 ;;
    98 ;; Critical Paths under _main in BANK1
    99 ;;
   100 ;;   None.
   101 ;;
   102 ;; Critical Paths under _main in BANK3
   103 ;;
   104 ;;   None.
   105 ;;
   106 ;; Critical Paths under _main in BANK2
   107 ;;
   108 ;;   None.
   109                           
   110 ;;
   111 ;;Main: autosize = 0, tempsize = 3, incstack = 0, save=0
   112 ;;
   113                           
   114 ;;
   115 ;;Call Graph Tables:
   116 ;;
   117 ;; ---------------------------------------------------------------------------------
   118 ;; (Depth) Function   	        Calls       Base Space   Used Autos Params    Refs
   119 ;; ---------------------------------------------------------------------------------
   120 ;; (0) _main                                                 3     3      0       0
   121 ;;                                              0 COMMON     3     3      0
   122 ;; ---------------------------------------------------------------------------------
   123 ;; Estimated maximum stack depth 0
   124 ;; ---------------------------------------------------------------------------------
   125                           
   126 ;; Call Graph Graphs:
   127                           
   128 ;; _main (ROOT)
   129 ;;
   130                           
   131 ;; Address spaces:
   132                           
   133 ;;Name               Size   Autos  Total    Cost      Usage
   134 ;;BITCOMMON            E      0       0       0        0.0%
   135 ;;EEDATA             100      0       0       0        0.0%
   136 ;;NULL                 0      0       0       0        0.0%
   137 ;;CODE                 0      0       0       0        0.0%
   138 ;;COMMON               E      3       3       1       21.4%
   139 ;;BITSFR0              0      0       0       1        0.0%
   140 ;;SFR0                 0      0       0       1        0.0%
   141 ;;BITSFR1              0      0       0       2        0.0%
   142 ;;SFR1                 0      0       0       2        0.0%
   143 ;;STACK                0      0       0       2        0.0%
   144 ;;ABS                  0      0       0       3        0.0%
   145 ;;BITBANK0            50      0       0       4        0.0%
   146 ;;BITSFR3              0      0       0       4        0.0%
   147 ;;SFR3                 0      0       0       4        0.0%
   148 ;;BANK0               50      0       0       5        0.0%
   149 ;;BITSFR2              0      0       0       5        0.0%
   150 ;;SFR2                 0      0       0       5        0.0%
   151 ;;BITBANK1            50      0       0       6        0.0%
   152 ;;BANK1               50      0       0       7        0.0%
   153 ;;BITBANK3            60      0       0       8        0.0%
   154 ;;BANK3               60      0       0       9        0.0%
   155 ;;BITBANK2            60      0       0      10        0.0%
   156 ;;BANK2               60      0       0      11        0.0%
   157 ;;DATA                 0      0       0      12        0.0%
   158                           
   159                           	global	_main
   160                           psect	maintext
   161                           
   162 ;; *************** function _main *****************
   163 ;; Defined at:
   164 ;;		line 5 in file "G:\PIC ass\7SEGMENT\7seg1.c"
   165 ;; Parameters:    Size  Location     Type
   166 ;;		None
   167 ;; Auto vars:     Size  Location     Type
   168 ;;		None
   169 ;; Return value:  Size  Location     Type
   170 ;;		None               void
   171 ;; Registers used:
   172 ;;		wreg, status,2
   173 ;; Tracked objects:
   174 ;;		On entry : 17F/0
   175 ;;		On exit  : 0/0
   176 ;;		Unchanged: 0/0
   177 ;; Data sizes:     COMMON   BANK0   BANK1   BANK3   BANK2
   178 ;;      Params:         0       0       0       0       0
   179 ;;      Locals:         0       0       0       0       0
   180 ;;      Temps:          3       0       0       0       0
   181 ;;      Totals:         3       0       0       0       0
   182 ;;Total ram usage:        3 bytes
   183 ;; This function calls:
   184 ;;		Nothing
   185 ;; This function is called by:
   186 ;;		Startup code after reset
   187 ;; This function uses a non-reentrant model
   188 ;;
   189                           psect	maintext
   190                           	file	"G:\PIC ass\7SEGMENT\7seg1.c"
   191                           	line	5
   192                           	global	__size_of_main
   193  00B3                     	__size_of_main	equ	__end_of_main-_main
   194                           	
   195  074D                     _main:	
   196                           	opt	stack 8
   197                           ; Regs used in _main: [wreg+status,2]
   198                           	line	6
   199                           	
   200  074D                     l1825:	
   201                           ;7seg1.c: 6: TRISD=0;
   202  074D  1683               	bsf	status, 5	;RP0=1, select bank1
   203  074E  1303               	bcf	status, 6	;RP1=0, select bank1
   204  074F  0188               	clrf	(136)^080h	;volatile
   205  0750  2F51               	goto	l1827
   206                           	line	7
   207                           ;7seg1.c: 7: while(1)
   208                           	
   209  0751                     l687:	
   210                           	line	9
   211                           	
   212  0751                     l1827:	
   213                           ;7seg1.c: 8: {
   214                           ;7seg1.c: 9: PORTD=0b11000000;
   215  0751  30C0               	movlw	(0C0h)
   216  0752  1283               	bcf	status, 5	;RP0=0, select bank0
   217  0753  1303               	bcf	status, 6	;RP1=0, select bank0
   218  0754  0088               	movwf	(8)	;volatile
   219                           	line	10
   220                           	
   221  0755                     l1829:	
   222                           ;7seg1.c: 10: _delay((unsigned long)((500)*(20000000/4000.0)));
   223                           	opt asmopt_off
   224  0755  300D               movlw  13
   225  0756  00F2               movwf	((??_main+0)+0+2),f
   226  0757  30A3               movlw	163
   227  0758  00F1               movwf	((??_main+0)+0+1),f
   228  0759  30BD               	movlw	189
   229  075A  00F0               movwf	((??_main+0)+0),f
   230  075B                     u2147:
   231  075B  0BF0               	decfsz	((??_main+0)+0),f
   232  075C  2F5B               	goto	u2147
   233  075D  0BF1               	decfsz	((??_main+0)+0+1),f
   234  075E  2F5B               	goto	u2147
   235  075F  0BF2               	decfsz	((??_main+0)+0+2),f
   236  0760  2F5B               	goto	u2147
   237  0761  0064               	clrwdt
   238                           opt asmopt_on
   239                           
   240                           	line	12
   241                           	
   242  0762                     l1831:	
   243                           ;7seg1.c: 12: PORTD=0b11111001;
   244  0762  30F9               	movlw	(0F9h)
   245  0763  1283               	bcf	status, 5	;RP0=0, select bank0
   246  0764  1303               	bcf	status, 6	;RP1=0, select bank0
   247  0765  0088               	movwf	(8)	;volatile
   248                           	line	13
   249                           	
   250  0766                     l1833:	
   251                           ;7seg1.c: 13: _delay((unsigned long)((500)*(20000000/4000.0)));
   252                           	opt asmopt_off
   253  0766  300D               movlw  13
   254  0767  00F2               movwf	((??_main+0)+0+2),f
   255  0768  30A3               movlw	163
   256  0769  00F1               movwf	((??_main+0)+0+1),f
   257  076A  30BD               	movlw	189
   258  076B  00F0               movwf	((??_main+0)+0),f
   259  076C                     u2157:
   260  076C  0BF0               	decfsz	((??_main+0)+0),f
   261  076D  2F6C               	goto	u2157
   262  076E  0BF1               	decfsz	((??_main+0)+0+1),f
   263  076F  2F6C               	goto	u2157
   264  0770  0BF2               	decfsz	((??_main+0)+0+2),f
   265  0771  2F6C               	goto	u2157
   266  0772  0064               	clrwdt
   267                           opt asmopt_on
   268                           
   269                           	line	15
   270                           	
   271  0773                     l1835:	
   272                           ;7seg1.c: 15: PORTD=0b10100100;
   273  0773  30A4               	movlw	(0A4h)
   274  0774  1283               	bcf	status, 5	;RP0=0, select bank0
   275  0775  1303               	bcf	status, 6	;RP1=0, select bank0
   276  0776  0088               	movwf	(8)	;volatile
   277                           	line	16
   278                           	
   279  0777                     l1837:	
   280                           ;7seg1.c: 16: _delay((unsigned long)((500)*(20000000/4000.0)));
   281                           	opt asmopt_off
   282  0777  300D               movlw  13
   283  0778  00F2               movwf	((??_main+0)+0+2),f
   284  0779  30A3               movlw	163
   285  077A  00F1               movwf	((??_main+0)+0+1),f
   286  077B  30BD               	movlw	189
   287  077C  00F0               movwf	((??_main+0)+0),f
   288  077D                     u2167:
   289  077D  0BF0               	decfsz	((??_main+0)+0),f
   290  077E  2F7D               	goto	u2167
   291  077F  0BF1               	decfsz	((??_main+0)+0+1),f
   292  0780  2F7D               	goto	u2167
   293  0781  0BF2               	decfsz	((??_main+0)+0+2),f
   294  0782  2F7D               	goto	u2167
   295  0783  0064               	clrwdt
   296                           opt asmopt_on
   297                           
   298                           	line	18
   299                           	
   300  0784                     l1839:	
   301                           ;7seg1.c: 18: PORTD=0b10110000;
   302  0784  30B0               	movlw	(0B0h)
   303  0785  1283               	bcf	status, 5	;RP0=0, select bank0
   304  0786  1303               	bcf	status, 6	;RP1=0, select bank0
   305  0787  0088               	movwf	(8)	;volatile
   306                           	line	19
   307                           	
   308  0788                     l1841:	
   309                           ;7seg1.c: 19: _delay((unsigned long)((500)*(20000000/4000.0)));
   310                           	opt asmopt_off
   311  0788  300D               movlw  13
   312  0789  00F2               movwf	((??_main+0)+0+2),f
   313  078A  30A3               movlw	163
   314  078B  00F1               movwf	((??_main+0)+0+1),f
   315  078C  30BD               	movlw	189
   316  078D  00F0               movwf	((??_main+0)+0),f
   317  078E                     u2177:
   318  078E  0BF0               	decfsz	((??_main+0)+0),f
   319  078F  2F8E               	goto	u2177
   320  0790  0BF1               	decfsz	((??_main+0)+0+1),f
   321  0791  2F8E               	goto	u2177
   322  0792  0BF2               	decfsz	((??_main+0)+0+2),f
   323  0793  2F8E               	goto	u2177
   324  0794  0064               	clrwdt
   325                           opt asmopt_on
   326                           
   327                           	line	21
   328                           	
   329  0795                     l1843:	
   330                           ;7seg1.c: 21: PORTD=0b10011001;
   331  0795  3099               	movlw	(099h)
   332  0796  1283               	bcf	status, 5	;RP0=0, select bank0
   333  0797  1303               	bcf	status, 6	;RP1=0, select bank0
   334  0798  0088               	movwf	(8)	;volatile
   335                           	line	22
   336                           	
   337  0799                     l1845:	
   338                           ;7seg1.c: 22: _delay((unsigned long)((500)*(20000000/4000.0)));
   339                           	opt asmopt_off
   340  0799  300D               movlw  13
   341  079A  00F2               movwf	((??_main+0)+0+2),f
   342  079B  30A3               movlw	163
   343  079C  00F1               movwf	((??_main+0)+0+1),f
   344  079D  30BD               	movlw	189
   345  079E  00F0               movwf	((??_main+0)+0),f
   346  079F                     u2187:
   347  079F  0BF0               	decfsz	((??_main+0)+0),f
   348  07A0  2F9F               	goto	u2187
   349  07A1  0BF1               	decfsz	((??_main+0)+0+1),f
   350  07A2  2F9F               	goto	u2187
   351  07A3  0BF2               	decfsz	((??_main+0)+0+2),f
   352  07A4  2F9F               	goto	u2187
   353  07A5  0064               	clrwdt
   354                           opt asmopt_on
   355                           
   356                           	line	24
   357                           	
   358  07A6                     l1847:	
   359                           ;7seg1.c: 24: PORTD=0b10010010;
   360  07A6  3092               	movlw	(092h)
   361  07A7  1283               	bcf	status, 5	;RP0=0, select bank0
   362  07A8  1303               	bcf	status, 6	;RP1=0, select bank0
   363  07A9  0088               	movwf	(8)	;volatile
   364                           	line	25
   365                           	
   366  07AA                     l1849:	
   367                           ;7seg1.c: 25: _delay((unsigned long)((500)*(20000000/4000.0)));
   368                           	opt asmopt_off
   369  07AA  300D               movlw  13
   370  07AB  00F2               movwf	((??_main+0)+0+2),f
   371  07AC  30A3               movlw	163
   372  07AD  00F1               movwf	((??_main+0)+0+1),f
   373  07AE  30BD               	movlw	189
   374  07AF  00F0               movwf	((??_main+0)+0),f
   375  07B0                     u2197:
   376  07B0  0BF0               	decfsz	((??_main+0)+0),f
   377  07B1  2FB0               	goto	u2197
   378  07B2  0BF1               	decfsz	((??_main+0)+0+1),f
   379  07B3  2FB0               	goto	u2197
   380  07B4  0BF2               	decfsz	((??_main+0)+0+2),f
   381  07B5  2FB0               	goto	u2197
   382  07B6  0064               	clrwdt
   383                           opt asmopt_on
   384                           
   385                           	line	27
   386                           	
   387  07B7                     l1851:	
   388                           ;7seg1.c: 27: PORTD=0b10000010;
   389  07B7  3082               	movlw	(082h)
   390  07B8  1283               	bcf	status, 5	;RP0=0, select bank0
   391  07B9  1303               	bcf	status, 6	;RP1=0, select bank0
   392  07BA  0088               	movwf	(8)	;volatile
   393                           	line	28
   394                           	
   395  07BB                     l1853:	
   396                           ;7seg1.c: 28: _delay((unsigned long)((500)*(20000000/4000.0)));
   397                           	opt asmopt_off
   398  07BB  300D               movlw  13
   399  07BC  00F2               movwf	((??_main+0)+0+2),f
   400  07BD  30A3               movlw	163
   401  07BE  00F1               movwf	((??_main+0)+0+1),f
   402  07BF  30BD               	movlw	189
   403  07C0  00F0               movwf	((??_main+0)+0),f
   404  07C1                     u2207:
   405  07C1  0BF0               	decfsz	((??_main+0)+0),f
   406  07C2  2FC1               	goto	u2207
   407  07C3  0BF1               	decfsz	((??_main+0)+0+1),f
   408  07C4  2FC1               	goto	u2207
   409  07C5  0BF2               	decfsz	((??_main+0)+0+2),f
   410  07C6  2FC1               	goto	u2207
   411  07C7  0064               	clrwdt
   412                           opt asmopt_on
   413                           
   414                           	line	30
   415                           	
   416  07C8                     l1855:	
   417                           ;7seg1.c: 30: PORTD=0b11111000;
   418  07C8  30F8               	movlw	(0F8h)
   419  07C9  1283               	bcf	status, 5	;RP0=0, select bank0
   420  07CA  1303               	bcf	status, 6	;RP1=0, select bank0
   421  07CB  0088               	movwf	(8)	;volatile
   422                           	line	31
   423                           	
   424  07CC                     l1857:	
   425                           ;7seg1.c: 31: _delay((unsigned long)((500)*(20000000/4000.0)));
   426                           	opt asmopt_off
   427  07CC  300D               movlw  13
   428  07CD  00F2               movwf	((??_main+0)+0+2),f
   429  07CE  30A3               movlw	163
   430  07CF  00F1               movwf	((??_main+0)+0+1),f
   431  07D0  30BD               	movlw	189
   432  07D1  00F0               movwf	((??_main+0)+0),f
   433  07D2                     u2217:
   434  07D2  0BF0               	decfsz	((??_main+0)+0),f
   435  07D3  2FD2               	goto	u2217
   436  07D4  0BF1               	decfsz	((??_main+0)+0+1),f
   437  07D5  2FD2               	goto	u2217
   438  07D6  0BF2               	decfsz	((??_main+0)+0+2),f
   439  07D7  2FD2               	goto	u2217
   440  07D8  0064               	clrwdt
   441                           opt asmopt_on
   442                           
   443                           	line	33
   444                           	
   445  07D9                     l1859:	
   446                           ;7seg1.c: 33: PORTD=0b10000000;
   447  07D9  3080               	movlw	(080h)
   448  07DA  1283               	bcf	status, 5	;RP0=0, select bank0
   449  07DB  1303               	bcf	status, 6	;RP1=0, select bank0
   450  07DC  0088               	movwf	(8)	;volatile
   451                           	line	34
   452                           	
   453  07DD                     l1861:	
   454                           ;7seg1.c: 34: _delay((unsigned long)((500)*(20000000/4000.0)));
   455                           	opt asmopt_off
   456  07DD  300D               movlw  13
   457  07DE  00F2               movwf	((??_main+0)+0+2),f
   458  07DF  30A3               movlw	163
   459  07E0  00F1               movwf	((??_main+0)+0+1),f
   460  07E1  30BD               	movlw	189
   461  07E2  00F0               movwf	((??_main+0)+0),f
   462  07E3                     u2227:
   463  07E3  0BF0               	decfsz	((??_main+0)+0),f
   464  07E4  2FE3               	goto	u2227
   465  07E5  0BF1               	decfsz	((??_main+0)+0+1),f
   466  07E6  2FE3               	goto	u2227
   467  07E7  0BF2               	decfsz	((??_main+0)+0+2),f
   468  07E8  2FE3               	goto	u2227
   469  07E9  0064               	clrwdt
   470                           opt asmopt_on
   471                           
   472                           	line	36
   473                           	
   474  07EA                     l1863:	
   475                           ;7seg1.c: 36: PORTD=0b10010000;
   476  07EA  3090               	movlw	(090h)
   477  07EB  1283               	bcf	status, 5	;RP0=0, select bank0
   478  07EC  1303               	bcf	status, 6	;RP1=0, select bank0
   479  07ED  0088               	movwf	(8)	;volatile
   480                           	line	37
   481                           	
   482  07EE                     l1865:	
   483                           ;7seg1.c: 37: _delay((unsigned long)((500)*(20000000/4000.0)));
   484                           	opt asmopt_off
   485  07EE  300D               movlw  13
   486  07EF  00F2               movwf	((??_main+0)+0+2),f
   487  07F0  30A3               movlw	163
   488  07F1  00F1               movwf	((??_main+0)+0+1),f
   489  07F2  30BD               	movlw	189
   490  07F3  00F0               movwf	((??_main+0)+0),f
   491  07F4                     u2237:
   492  07F4  0BF0               	decfsz	((??_main+0)+0),f
   493  07F5  2FF4               	goto	u2237
   494  07F6  0BF1               	decfsz	((??_main+0)+0+1),f
   495  07F7  2FF4               	goto	u2237
   496  07F8  0BF2               	decfsz	((??_main+0)+0+2),f
   497  07F9  2FF4               	goto	u2237
   498  07FA  0064               	clrwdt
   499                           opt asmopt_on
   500                           
   501  07FB  2F51               	goto	l1827
   502                           	line	38
   503                           	
   504  07FC                     l688:	
   505                           	line	7
   506  07FC  2F51               	goto	l1827
   507                           	
   508  07FD                     l689:	
   509                           	line	39
   510                           	
   511  07FD                     l690:	
   512                           	global	start
   513  07FD  120A  118A  2800   	ljmp	start
   514                           	opt stack 0
   515                           GLOBAL	__end_of_main
   516  0800                     	__end_of_main:
   517 ;; =============== function _main ends ============
   518                           
   519                           	signat	_main,88
   520                           psect	maintext
   521                           	global	btemp
   522  007E                     	btemp set 07Eh
   523                           
   524                           	DABS	1,126,2	;btemp
   525                           	global	wtemp0
   526  007E                     	wtemp0 set btemp


HI-TECH Software PICC Macro Assembler V9.81 build 7503 
Symbol Table                                                                                   Wed Aug 30 07:24:55 2023

                 l690 07FD                   l687 0751                   l688 07FC                   l689 07FD  
                l1831 0762                  l1841 0788                  l1833 0766                  l1825 074D  
                l1851 07B7                  l1843 0795                  l1835 0773                  l1827 0751  
                l1861 07DD                  l1853 07BB                  l1845 0799                  l1837 0777  
                l1829 0755                  l1863 07EA                  l1855 07C8                  l1847 07A6  
                l1839 0784                  l1865 07EE                  l1857 07CC                  l1849 07AA  
                l1859 07D9                  u2207 07C1                  u2217 07D2                  u2227 07E3  
                u2147 075B                  u2237 07F4                  u2157 076C                  u2167 077D  
                u2177 078E                  u2187 079F                  u2197 07B0                  _main 074D  
                btemp 007E                  start 0000                 ?_main 0070                 _PORTD 0008  
               _TRISD 0088                 status 0003                 wtemp0 007E          __end_of_main 0800  
              ??_main 0070        __pcstackCOMMON 0070            __pmaintext 074D  end_of_initialization 0749  
 start_initialization 0749         __size_of_main 00B3  
