

HI-TECH Software PIC LITE Macro Assembler V9.81 build 7503 
                                                                                               Mon Sep 11 12:15:15 2023

HI-TECH Software Omniscient Code Generator (Lite mode) build 7503
     1  0000                     opt subtitle "HI-TECH Software Omniscient Code Generator (Lite mode) build 7503"
     2                           
     3                           opt pagewidth 120
     4                           
     5                           	opt lm
     6                           
     7                           	processor	16F877A
     8                           clrc	macro
     9                           	bcf	3,0
    10  0000                     	endm
    11                           clrz	macro
    12                           	bcf	3,2
    13  0000                     	endm
    14                           setc	macro
    15                           	bsf	3,0
    16  0000                     	endm
    17                           setz	macro
    18                           	bsf	3,2
    19  0000                     	endm
    20                           skipc	macro
    21                           	btfss	3,0
    22  0000                     	endm
    23                           skipz	macro
    24                           	btfss	3,2
    25  0000                     	endm
    26                           skipnc	macro
    27                           	btfsc	3,0
    28  0000                     	endm
    29                           skipnz	macro
    30                           	btfsc	3,2
    31  0000                     	endm
    32  0000                     indf	equ	0
    33  0000                     indf0	equ	0
    34  0002                     pc	equ	2
    35  0002                     pcl	equ	2
    36  0003                     status	equ	3
    37  0004                     fsr	equ	4
    38  0004                     fsr0	equ	4
    39  0001                     c	equ	1
    40  0000                     z	equ	0
    41  000A                     pclath	equ	10
    42                           # 2 "G:\PIC ass\Timer\Timer1\timer1_100msdelay.c"
    43                           	psect config,class=CONFIG,delta=2 ;#
    44                           # 2 "G:\PIC ass\Timer\Timer1\timer1_100msdelay.c"
    45  2007  1F7A               	dw 0x1f7a ;#
    46                           	FNCALL	_main,_delay
    47                           	FNROOT	_main
    48                           	global	_TMR1H
    49                           psect	text60,local,class=CODE,delta=2
    50                           global __ptext60
    51  0000                     __ptext60:
    52  000F                     _TMR1H	set	15
    53                           	global	_TMR1L
    54  000E                     _TMR1L	set	14
    55                           	global	_RD0
    56  0040                     _RD0	set	64
    57                           	global	_T1CKPS0
    58  0084                     _T1CKPS0	set	132
    59                           	global	_T1CKPS1
    60  0085                     _T1CKPS1	set	133
    61                           	global	_TMR1CS
    62  0081                     _TMR1CS	set	129
    63                           	global	_TMR1IF
    64  0060                     _TMR1IF	set	96
    65                           	global	_TMR1ON
    66  0080                     _TMR1ON	set	128
    67                           	global	_TRISD
    68  0088                     _TRISD	set	136
    69                           	file	"timer1_delay_100ms.as"
    70                           	line	#
    71                           psect cinit,class=CODE,delta=2
    72                           global start_initialization
    73  07D1                     start_initialization:
    74                           
    75                           psect cinit,class=CODE,delta=2
    76                           global end_of_initialization
    77                           
    78                           ;End of C runtime variable initialization code
    79                           
    80  07D1                     end_of_initialization:
    81  07D1  0183               clrf status
    82  07D2  120A  118A  2FE7   ljmp _main	;jump to C main() function
    83                           psect	cstackCOMMON,class=COMMON,space=1
    84                           global __pcstackCOMMON
    85  0000                     __pcstackCOMMON:
    86                           	global	?_delay
    87  0000                     ?_delay:	; 0 bytes @ 0x0
    88                           	global	??_delay
    89  0000                     ??_delay:	; 0 bytes @ 0x0
    90                           	global	?_main
    91  0000                     ?_main:	; 0 bytes @ 0x0
    92                           	global	??_main
    93  0000                     ??_main:	; 0 bytes @ 0x0
    94 ;;Data sizes: Strings 0, constant 0, data 0, bss 0, persistent 0 stack 0
    95 ;;Auto spaces:   Size  Autos    Used
    96 ;; COMMON          14      0       0
    97 ;; BANK0           80      0       0
    98 ;; BANK1           80      0       0
    99 ;; BANK3           96      0       0
   100 ;; BANK2           96      0       0
   101                           
   102 ;;
   103 ;; Pointer list with targets:
   104                           
   105                           
   106                           
   107 ;;
   108 ;; Critical Paths under _main in COMMON
   109 ;;
   110 ;;   None.
   111 ;;
   112 ;; Critical Paths under _main in BANK0
   113 ;;
   114 ;;   None.
   115 ;;
   116 ;; Critical Paths under _main in BANK1
   117 ;;
   118 ;;   None.
   119 ;;
   120 ;; Critical Paths under _main in BANK3
   121 ;;
   122 ;;   None.
   123 ;;
   124 ;; Critical Paths under _main in BANK2
   125 ;;
   126 ;;   None.
   127                           
   128 ;;
   129 ;;Main: autosize = 0, tempsize = 0, incstack = 0, save=0
   130 ;;
   131                           
   132 ;;
   133 ;;Call Graph Tables:
   134 ;;
   135 ;; ---------------------------------------------------------------------------------
   136 ;; (Depth) Function   	        Calls       Base Space   Used Autos Params    Refs
   137 ;; ---------------------------------------------------------------------------------
   138 ;; (0) _main                                                 0     0      0       0
   139 ;;                              _delay
   140 ;; ---------------------------------------------------------------------------------
   141 ;; (1) _delay                                                0     0      0       0
   142 ;; ---------------------------------------------------------------------------------
   143 ;; Estimated maximum stack depth 1
   144 ;; ---------------------------------------------------------------------------------
   145                           
   146 ;; Call Graph Graphs:
   147                           
   148 ;; _main (ROOT)
   149 ;;   _delay
   150 ;;
   151                           
   152 ;; Address spaces:
   153                           
   154 ;;Name               Size   Autos  Total    Cost      Usage
   155 ;;BITCOMMON            E      0       0       0        0.0%
   156 ;;EEDATA             100      0       0       0        0.0%
   157 ;;NULL                 0      0       0       0        0.0%
   158 ;;CODE                 0      0       0       0        0.0%
   159 ;;COMMON               E      0       0       1        0.0%
   160 ;;BITSFR0              0      0       0       1        0.0%
   161 ;;SFR0                 0      0       0       1        0.0%
   162 ;;BITSFR1              0      0       0       2        0.0%
   163 ;;SFR1                 0      0       0       2        0.0%
   164 ;;STACK                0      0       1       2        0.0%
   165 ;;ABS                  0      0       0       3        0.0%
   166 ;;BITBANK0            50      0       0       4        0.0%
   167 ;;BITSFR3              0      0       0       4        0.0%
   168 ;;SFR3                 0      0       0       4        0.0%
   169 ;;BANK0               50      0       0       5        0.0%
   170 ;;BITSFR2              0      0       0       5        0.0%
   171 ;;SFR2                 0      0       0       5        0.0%
   172 ;;BITBANK1            50      0       0       6        0.0%
   173 ;;BANK1               50      0       0       7        0.0%
   174 ;;BITBANK3            60      0       0       8        0.0%
   175 ;;BANK3               60      0       0       9        0.0%
   176 ;;BITBANK2            60      0       0      10        0.0%
   177 ;;BANK2               60      0       0      11        0.0%
   178 ;;DATA                 0      0       0      12        0.0%
   179                           
   180                           	global	_main
   181                           psect	maintext,global,class=CODE,delta=2
   182                           global __pmaintext
   183  07E7                     __pmaintext:
   184                           
   185 ;; *************** function _main *****************
   186 ;; Defined at:
   187 ;;		line 6 in file "G:\PIC ass\Timer\Timer1\timer1_100msdelay.c"
   188 ;; Parameters:    Size  Location     Type
   189 ;;		None
   190 ;; Auto vars:     Size  Location     Type
   191 ;;		None
   192 ;; Return value:  Size  Location     Type
   193 ;;		None               void
   194 ;; Registers used:
   195 ;;		wreg, status,2, status,0, pclath, cstack
   196 ;; Tracked objects:
   197 ;;		On entry : 17F/0
   198 ;;		On exit  : 0/0
   199 ;;		Unchanged: 0/0
   200 ;; Data sizes:     COMMON   BANK0   BANK1   BANK3   BANK2
   201 ;;      Params:         0       0       0       0       0
   202 ;;      Locals:         0       0       0       0       0
   203 ;;      Temps:          0       0       0       0       0
   204 ;;      Totals:         0       0       0       0       0
   205 ;;Total ram usage:        0 bytes
   206 ;; Hardware stack levels required when called:    1
   207 ;; This function calls:
   208 ;;		_delay
   209 ;; This function is called by:
   210 ;;		Startup code after reset
   211 ;; This function uses a non-reentrant model
   212 ;;
   213                           psect	maintext
   214                           	file	"G:\PIC ass\Timer\Timer1\timer1_100msdelay.c"
   215                           	line	6
   216                           	global	__size_of_main
   217  0019                     	__size_of_main	equ	__end_of_main-_main
   218                           	
   219  07E7                     _main:	
   220                           	opt	stack 7
   221                           ; Regs used in _main: [wreg+status,2+status,0+pclath+cstack]
   222                           	line	7
   223                           	
   224  07E7                     l1837:	
   225                           ;timer1_100msdelay.c: 7: TRISD=0;
   226  07E7  1683               	bsf	status, 5	;RP0=1, select bank1
   227  07E8  1303               	bcf	status, 6	;RP1=0, select bank1
   228  07E9  0188               	clrf	(136)^080h	;volatile
   229  07EA  2FEB               	goto	l1839
   230                           	line	8
   231                           ;timer1_100msdelay.c: 8: while(1)
   232                           	
   233  07EB                     l687:	
   234                           	line	10
   235                           	
   236  07EB                     l1839:	
   237                           ;timer1_100msdelay.c: 9: {
   238                           ;timer1_100msdelay.c: 10: RD0=1;
   239  07EB  1283               	bcf	status, 5	;RP0=0, select bank0
   240  07EC  1303               	bcf	status, 6	;RP1=0, select bank0
   241  07ED  1408               	bsf	(64/8),(64)&7
   242                           	line	11
   243                           	
   244  07EE                     l1841:	
   245                           ;timer1_100msdelay.c: 11: delay();
   246  07EE  120A  118A  27D5   	fcall	_delay
              120A  118A         
   247                           	line	12
   248                           	
   249  07F3                     l1843:	
   250                           ;timer1_100msdelay.c: 12: RD0=0;
   251  07F3  1283               	bcf	status, 5	;RP0=0, select bank0
   252  07F4  1303               	bcf	status, 6	;RP1=0, select bank0
   253  07F5  1008               	bcf	(64/8),(64)&7
   254                           	line	13
   255                           	
   256  07F6                     l1845:	
   257                           ;timer1_100msdelay.c: 13: delay();
   258  07F6  120A  118A  27D5   	fcall	_delay
              120A  118A         
   259  07FB  2FEB               	goto	l1839
   260                           	line	14
   261                           	
   262  07FC                     l688:	
   263                           	line	8
   264  07FC  2FEB               	goto	l1839
   265                           	
   266  07FD                     l689:	
   267                           	line	15
   268                           	
   269  07FD                     l690:	
   270                           	global	start
   271  07FD  120A  118A  2800   	ljmp	start
   272                           	opt stack 0
   273                           GLOBAL	__end_of_main
   274  0800                     	__end_of_main:
   275 ;; =============== function _main ends ============
   276                           
   277                           	signat	_main,88
   278                           	global	_delay
   279                           psect	text61,local,class=CODE,delta=2
   280                           global __ptext61
   281  07D5                     __ptext61:
   282                           
   283 ;; *************** function _delay *****************
   284 ;; Defined at:
   285 ;;		line 17 in file "G:\PIC ass\Timer\Timer1\timer1_100msdelay.c"
   286 ;; Parameters:    Size  Location     Type
   287 ;;		None
   288 ;; Auto vars:     Size  Location     Type
   289 ;;		None
   290 ;; Return value:  Size  Location     Type
   291 ;;		None               void
   292 ;; Registers used:
   293 ;;		wreg
   294 ;; Tracked objects:
   295 ;;		On entry : 0/0
   296 ;;		On exit  : 0/0
   297 ;;		Unchanged: 0/0
   298 ;; Data sizes:     COMMON   BANK0   BANK1   BANK3   BANK2
   299 ;;      Params:         0       0       0       0       0
   300 ;;      Locals:         0       0       0       0       0
   301 ;;      Temps:          0       0       0       0       0
   302 ;;      Totals:         0       0       0       0       0
   303 ;;Total ram usage:        0 bytes
   304 ;; Hardware stack levels used:    1
   305 ;; This function calls:
   306 ;;		Nothing
   307 ;; This function is called by:
   308 ;;		_main
   309 ;; This function uses a non-reentrant model
   310 ;;
   311                           psect	text61
   312                           	file	"G:\PIC ass\Timer\Timer1\timer1_100msdelay.c"
   313                           	line	17
   314                           	global	__size_of_delay
   315  0012                     	__size_of_delay	equ	__end_of_delay-_delay
   316                           	
   317  07D5                     _delay:	
   318                           	opt	stack 7
   319                           ; Regs used in _delay: [wreg]
   320                           	line	18
   321                           	
   322  07D5                     l1065:	
   323                           ;timer1_100msdelay.c: 18: T1CKPS1=1;
   324  07D5  1283               	bcf	status, 5	;RP0=0, select bank0
   325  07D6  1303               	bcf	status, 6	;RP1=0, select bank0
   326  07D7  1690               	bsf	(133/8),(133)&7
   327                           	line	19
   328                           ;timer1_100msdelay.c: 19: T1CKPS0=1;
   329  07D8  1610               	bsf	(132/8),(132)&7
   330                           	line	20
   331                           ;timer1_100msdelay.c: 20: TMR1CS=0;
   332  07D9  1090               	bcf	(129/8),(129)&7
   333                           	line	21
   334                           	
   335  07DA                     l1067:	
   336                           ;timer1_100msdelay.c: 21: TMR1H=0x0B;
   337  07DA  300B               	movlw	(0Bh)
   338  07DB  008F               	movwf	(15)	;volatile
   339                           	line	22
   340                           ;timer1_100msdelay.c: 22: TMR1L=0xDC;
   341  07DC  30DC               	movlw	(0DCh)
   342  07DD  008E               	movwf	(14)	;volatile
   343                           	line	23
   344                           	
   345  07DE                     l1069:	
   346                           ;timer1_100msdelay.c: 23: TMR1ON=1;
   347  07DE  1410               	bsf	(128/8),(128)&7
   348                           	line	24
   349                           ;timer1_100msdelay.c: 24: while(!TMR1IF);
   350  07DF  2FE0               	goto	l693
   351                           	
   352  07E0                     l694:	
   353                           	
   354  07E0                     l693:	
   355  07E0  1C0C               	btfss	(96/8),(96)&7
   356  07E1  2FE3               	goto	u11
   357  07E2  2FE4               	goto	u10
   358  07E3                     u11:
   359  07E3  2FE0               	goto	l693
   360  07E4                     u10:
   361                           	
   362  07E4                     l695:	
   363                           	line	25
   364                           ;timer1_100msdelay.c: 25: TMR1IF=0;
   365  07E4  100C               	bcf	(96/8),(96)&7
   366                           	line	26
   367                           ;timer1_100msdelay.c: 26: TMR1ON=0;
   368  07E5  1010               	bcf	(128/8),(128)&7
   369                           	line	28
   370                           	
   371  07E6                     l696:	
   372  07E6  0008               	return
   373                           	opt stack 0
   374                           GLOBAL	__end_of_delay
   375  07E7                     	__end_of_delay:
   376 ;; =============== function _delay ends ============
   377                           
   378                           	signat	_delay,88
   379                           psect	text62,local,class=CODE,delta=2
   380                           global __ptext62
   381  0000                     __ptext62:
   382                           	global	btemp
   383  007E                     	btemp set 07Eh
   384                           
   385                           	DABS	1,126,2	;btemp
   386                           	global	wtemp0
   387  007E                     	wtemp0 set btemp


HI-TECH Software PICC Macro Assembler V9.81 build 7503 
Symbol Table                                                                                   Mon Sep 11 12:15:15 2023

                  u10 07E4                    u11 07E3                   l690 07FD                   l693 07E0  
                 l694 07E0                   l695 07E4                   l687 07EB                   l696 07E6  
                 l688 07FC                   l689 07FD                   _RD0 0040                  l1065 07D5  
                l1067 07DA                  l1069 07DE                  l1841 07EE                  l1843 07F3  
                l1845 07F6                  l1837 07E7                  l1839 07EB                  _main 07E7  
                btemp 007E                  start 0000                 ?_main 0000                 _TMR1H 000F  
               _TMR1L 000E                 _TRISD 0088                 _delay 07D5                 status 0003  
               wtemp0 007E          __end_of_main 0800                ??_main 0000                ?_delay 0000  
              _TMR1IF 0060                _TMR1CS 0081                _TMR1ON 0080        __pcstackCOMMON 0000  
       __end_of_delay 07E7               ??_delay 0000            __pmaintext 07E7               _T1CKPS0 0084  
             _T1CKPS1 0085  end_of_initialization 07D1   start_initialization 07D1        __size_of_delay 0012  
            __ptext60 0000              __ptext61 07D5              __ptext62 0000         __size_of_main 0019  
