

HI-TECH Software PIC LITE Macro Assembler V9.81 build 7503 
                                                                                               Thu Sep 07 06:39:14 2023

HI-TECH Software Omniscient Code Generator (Lite mode) build 7503
     1  0000                     opt subtitle "HI-TECH Software Omniscient Code Generator (Lite mode) build 7503"
     2                           
     3                           opt pagewidth 120
     4                           
     5                           	opt lm
     6                           
     7                           	processor	16F877A
     8                           clrc	macro
     9                           	bcf	3,0
    10  0000                     	endm
    11                           clrz	macro
    12                           	bcf	3,2
    13  0000                     	endm
    14                           setc	macro
    15                           	bsf	3,0
    16  0000                     	endm
    17                           setz	macro
    18                           	bsf	3,2
    19  0000                     	endm
    20                           skipc	macro
    21                           	btfss	3,0
    22  0000                     	endm
    23                           skipz	macro
    24                           	btfss	3,2
    25  0000                     	endm
    26                           skipnc	macro
    27                           	btfsc	3,0
    28  0000                     	endm
    29                           skipnz	macro
    30                           	btfsc	3,2
    31  0000                     	endm
    32  0000                     indf	equ	0
    33  0000                     indf0	equ	0
    34  0002                     pc	equ	2
    35  0002                     pcl	equ	2
    36  0003                     status	equ	3
    37  0004                     fsr	equ	4
    38  0004                     fsr0	equ	4
    39  0001                     c	equ	1
    40  0000                     z	equ	0
    41  000A                     pclath	equ	10
    42                           # 2 "G:\PIC ass\7segment_stop_watch\7seg_4digit_led\7seg_4digit_led.c"
    43                           	psect config,class=CONFIG,delta=2 ;#
    44                           # 2 "G:\PIC ass\7segment_stop_watch\7seg_4digit_led\7seg_4digit_led.c"
    45  2007  1F7A               	dw 0x1f7a ;#
    46                           	FNROOT	_main
    47                           	global	main@F1084
    48                           psect	idataBANK0,class=CODE,space=0,delta=2
    49                           global __pidataBANK0
    50  05DD                     __pidataBANK0:
    51                           	file	"G:\PIC ass\7segment_stop_watch\7seg_4digit_led\7seg_4digit_led.c"
    52                           	line	9
    53                           
    54                           ;initializer for main@F1084
    55  05DD  343F               	retlw	03Fh
    56  05DE  3400               	retlw	0
    57                           
    58  05DF  3406               	retlw	06h
    59  05E0  3400               	retlw	0
    60                           
    61  05E1  345B               	retlw	05Bh
    62  05E2  3400               	retlw	0
    63                           
    64  05E3  344F               	retlw	04Fh
    65  05E4  3400               	retlw	0
    66                           
    67  05E5  3466               	retlw	066h
    68  05E6  3400               	retlw	0
    69                           
    70  05E7  346D               	retlw	06Dh
    71  05E8  3400               	retlw	0
    72                           
    73  05E9  347D               	retlw	07Dh
    74  05EA  3400               	retlw	0
    75                           
    76  05EB  3407               	retlw	07h
    77  05EC  3400               	retlw	0
    78                           
    79  05ED  347F               	retlw	07Fh
    80  05EE  3400               	retlw	0
    81                           
    82  05EF  346F               	retlw	06Fh
    83  05F0  3400               	retlw	0
    84                           
    85                           	global	_PORTB
    86  0006                     _PORTB	set	6
    87                           	global	_RC0
    88  0038                     _RC0	set	56
    89                           	global	_RD0
    90  0040                     _RD0	set	64
    91                           	global	_RD1
    92  0041                     _RD1	set	65
    93                           	global	_RD2
    94  0042                     _RD2	set	66
    95                           	global	_RD3
    96  0043                     _RD3	set	67
    97                           	global	_TRISB
    98  0086                     _TRISB	set	134
    99                           	global	_TRISD
   100  0088                     _TRISD	set	136
   101                           	global	_TRISC0
   102  0438                     _TRISC0	set	1080
   103                           	file	"7seg_4digit_led.as"
   104                           	line	#
   105                           psect cinit,class=CODE,delta=2
   106                           global start_initialization
   107  05CB                     start_initialization:
   108                           
   109                           psect	dataBANK0,class=BANK0,space=1
   110                           global __pdataBANK0
   111  003E                     __pdataBANK0:
   112                           	file	"G:\PIC ass\7segment_stop_watch\7seg_4digit_led\7seg_4digit_led.c"
   113  003E                     main@F1084:
   114  003E                            ds      20
   115                           
   116                           global btemp
   117                           psect inittext,class=CODE,delta=2
   118                           global init_fetch,btemp
   119                           ;	Called with low address in FSR and high address in W
   120  05BA                     init_fetch:
   121  05BA  087E               	movf btemp,w
   122  05BB  008A               	movwf pclath
   123  05BC  087F               	movf btemp+1,w
   124  05BD  0082               	movwf pc
   125                           global init_ram
   126                           ;Called with:
   127                           ;	high address of idata address in btemp 
   128                           ;	low address of idata address in btemp+1 
   129                           ;	low address of data in FSR
   130                           ;	high address + 1 of data in btemp-1
   131  05BE                     init_ram:
   132  05BE  25BA  120A  118A   	fcall init_fetch
   133  05C1  0080               	movwf indf,f
   134  05C2  0A84               	incf fsr,f
   135  05C3  0804               	movf fsr,w
   136  05C4  067D               	xorwf btemp-1,w
   137  05C5  1903               	btfsc status,2
   138  05C6  3400               	retlw 0
   139  05C7  0AFF               	incf btemp+1,f
   140  05C8  1903               	btfsc status,2
   141  05C9  0AFE               	incf btemp,f
   142  05CA  2DBE               	goto init_ram
   143                           ; Initialize objects allocated to BANK0
   144                           psect cinit,class=CODE,delta=2
   145                           global init_ram, __pidataBANK0
   146  05CB  1383               	bcf	status, 7	;select IRP bank0
   147  05CC  3052               	movlw low(__pdataBANK0+20)
   148  05CD  00FD               	movwf btemp-1,f
   149  05CE  3005               	movlw high(__pidataBANK0)
   150  05CF  00FE               	movwf btemp,f
   151  05D0  30DD               	movlw low(__pidataBANK0)
   152  05D1  00FF               	movwf btemp+1,f
   153  05D2  303E               	movlw low(__pdataBANK0)
   154  05D3  0084               	movwf fsr,f
   155  05D4  120A  118A  25BE   	fcall init_ram
              120A  118A         
   156                           psect cinit,class=CODE,delta=2
   157                           global end_of_initialization
   158                           
   159                           ;End of C runtime variable initialization code
   160                           
   161  05D9                     end_of_initialization:
   162  05D9  0183               clrf status
   163  05DA  120A  118A  2DF1   ljmp _main	;jump to C main() function
   164                           psect	cstackCOMMON,class=COMMON,space=1
   165                           global __pcstackCOMMON
   166  0070                     __pcstackCOMMON:
   167                           	global	?_main
   168  0070                     ?_main:	; 0 bytes @ 0x0
   169                           	global	??_main
   170  0070                     ??_main:	; 0 bytes @ 0x0
   171  0070                     	ds	4
   172                           psect	cstackBANK0,class=BANK0,space=1
   173                           global __pcstackBANK0
   174  0020                     __pcstackBANK0:
   175                           	global	main@arr
   176  0020                     main@arr:	; 20 bytes @ 0x0
   177  0020                     	ds	20
   178                           	global	main@m
   179  0034                     main@m:	; 2 bytes @ 0x14
   180  0034                     	ds	2
   181                           	global	main@i
   182  0036                     main@i:	; 2 bytes @ 0x16
   183  0036                     	ds	2
   184                           	global	main@j
   185  0038                     main@j:	; 2 bytes @ 0x18
   186  0038                     	ds	2
   187                           	global	main@k
   188  003A                     main@k:	; 2 bytes @ 0x1A
   189  003A                     	ds	2
   190                           	global	main@l
   191  003C                     main@l:	; 2 bytes @ 0x1C
   192  003C                     	ds	2
   193 ;;Data sizes: Strings 0, constant 0, data 20, bss 0, persistent 0 stack 0
   194 ;;Auto spaces:   Size  Autos    Used
   195 ;; COMMON          14      4       4
   196 ;; BANK0           80     30      50
   197 ;; BANK1           80      0       0
   198 ;; BANK3           96      0       0
   199 ;; BANK2           96      0       0
   200                           
   201 ;;
   202 ;; Pointer list with targets:
   203                           
   204                           
   205                           
   206 ;;
   207 ;; Critical Paths under _main in COMMON
   208 ;;
   209 ;;   None.
   210 ;;
   211 ;; Critical Paths under _main in BANK0
   212 ;;
   213 ;;   None.
   214 ;;
   215 ;; Critical Paths under _main in BANK1
   216 ;;
   217 ;;   None.
   218 ;;
   219 ;; Critical Paths under _main in BANK3
   220 ;;
   221 ;;   None.
   222 ;;
   223 ;; Critical Paths under _main in BANK2
   224 ;;
   225 ;;   None.
   226                           
   227 ;;
   228 ;;Main: autosize = 0, tempsize = 4, incstack = 0, save=0
   229 ;;
   230                           
   231 ;;
   232 ;;Call Graph Tables:
   233 ;;
   234 ;; ---------------------------------------------------------------------------------
   235 ;; (Depth) Function   	        Calls       Base Space   Used Autos Params    Refs
   236 ;; ---------------------------------------------------------------------------------
   237 ;; (0) _main                                                34    34      0     591
   238 ;;                                              0 COMMON     4     4      0
   239 ;;                                              0 BANK0     30    30      0
   240 ;; ---------------------------------------------------------------------------------
   241 ;; Estimated maximum stack depth 0
   242 ;; ---------------------------------------------------------------------------------
   243                           
   244 ;; Call Graph Graphs:
   245                           
   246 ;; _main (ROOT)
   247 ;;
   248                           
   249 ;; Address spaces:
   250                           
   251 ;;Name               Size   Autos  Total    Cost      Usage
   252 ;;BANK3               60      0       0       9        0.0%
   253 ;;BITBANK3            60      0       0       8        0.0%
   254 ;;SFR3                 0      0       0       4        0.0%
   255 ;;BITSFR3              0      0       0       4        0.0%
   256 ;;BANK2               60      0       0      11        0.0%
   257 ;;BITBANK2            60      0       0      10        0.0%
   258 ;;SFR2                 0      0       0       5        0.0%
   259 ;;BITSFR2              0      0       0       5        0.0%
   260 ;;SFR1                 0      0       0       2        0.0%
   261 ;;BITSFR1              0      0       0       2        0.0%
   262 ;;BANK1               50      0       0       7        0.0%
   263 ;;BITBANK1            50      0       0       6        0.0%
   264 ;;CODE                 0      0       0       0        0.0%
   265 ;;DATA                 0      0      36      12        0.0%
   266 ;;ABS                  0      0      36       3        0.0%
   267 ;;NULL                 0      0       0       0        0.0%
   268 ;;STACK                0      0       0       2        0.0%
   269 ;;BANK0               50     1E      32       5       62.5%
   270 ;;BITBANK0            50      0       0       4        0.0%
   271 ;;SFR0                 0      0       0       1        0.0%
   272 ;;BITSFR0              0      0       0       1        0.0%
   273 ;;COMMON               E      4       4       1       28.6%
   274 ;;BITCOMMON            E      0       0       0        0.0%
   275 ;;EEDATA             100      0       0       0        0.0%
   276                           
   277                           	global	_main
   278                           psect	maintext,global,class=CODE,delta=2
   279                           global __pmaintext
   280  05F1                     __pmaintext:
   281                           
   282 ;; *************** function _main *****************
   283 ;; Defined at:
   284 ;;		line 5 in file "G:\PIC ass\7segment_stop_watch\7seg_4digit_led\7seg_4digit_led.c"
   285 ;; Parameters:    Size  Location     Type
   286 ;;		None
   287 ;; Auto vars:     Size  Location     Type
   288 ;;  m               2   20[BANK0 ] int 
   289 ;;  l               2   28[BANK0 ] int 
   290 ;;  k               2   26[BANK0 ] int 
   291 ;;  j               2   24[BANK0 ] int 
   292 ;;  i               2   22[BANK0 ] int 
   293 ;;  arr            20    0[BANK0 ] int [10]
   294 ;; Return value:  Size  Location     Type
   295 ;;		None               void
   296 ;; Registers used:
   297 ;;		wreg, fsr0l, fsr0h, status,2, status,0, btemp+1
   298 ;; Tracked objects:
   299 ;;		On entry : 17F/0
   300 ;;		On exit  : 0/0
   301 ;;		Unchanged: 0/0
   302 ;; Data sizes:     COMMON   BANK0   BANK1   BANK3   BANK2
   303 ;;      Params:         0       0       0       0       0
   304 ;;      Locals:         0      30       0       0       0
   305 ;;      Temps:          4       0       0       0       0
   306 ;;      Totals:         4      30       0       0       0
   307 ;;Total ram usage:       34 bytes
   308 ;; This function calls:
   309 ;;		Nothing
   310 ;; This function is called by:
   311 ;;		Startup code after reset
   312 ;; This function uses a non-reentrant model
   313 ;;
   314                           psect	maintext
   315                           	file	"G:\PIC ass\7segment_stop_watch\7seg_4digit_led\7seg_4digit_led.c"
   316                           	line	5
   317                           	global	__size_of_main
   318  020F                     	__size_of_main	equ	__end_of_main-_main
   319                           	
   320  05F1                     _main:	
   321                           	opt	stack 8
   322                           ; Regs used in _main: [wreg-fsr0h+status,2+status,0+btemp+1]
   323                           	line	6
   324                           	
   325  05F1                     l2027:	
   326                           ;7seg_4digit_led.c: 6: TRISB=0;
   327  05F1  1683               	bsf	status, 5	;RP0=1, select bank1
   328  05F2  1303               	bcf	status, 6	;RP1=0, select bank1
   329  05F3  0186               	clrf	(134)^080h	;volatile
   330                           	line	7
   331                           ;7seg_4digit_led.c: 7: TRISD=0;
   332  05F4  0188               	clrf	(136)^080h	;volatile
   333                           	line	8
   334                           	
   335  05F5                     l2029:	
   336                           ;7seg_4digit_led.c: 8: TRISC0=0;
   337  05F5  1007               	bcf	(1080/8)^080h,(1080)&7
   338                           	line	9
   339                           	
   340  05F6                     l2031:	
   341                           ;7seg_4digit_led.c: 9: int arr[10]={0x3f,0x06,0x5b,0x4f,0x66,0x6d,0x7d,0x07,0x7f,0x6f};
   342  05F6  3020               	movlw	(main@arr)&0ffh
   343  05F7  0084               	movwf	fsr0
   344  05F8  303E               	movlw	low(main@F1084)
   345  05F9  00F0               	movwf	(??_main+0)+0
   346  05FA  0804               	movf	fsr0,w
   347  05FB  00F1               	movwf	((??_main+0)+0+1)
   348  05FC  3014               	movlw	20
   349  05FD  00F2               	movwf	((??_main+0)+0+2)
   350  05FE                     u2270:
   351  05FE  0870               	movf	(??_main+0)+0,w
   352  05FF  0084               	movwf	fsr0
   353  0600  1383               	bcf	status, 7	;select IRP bank0
   354                           	
   355  0601  0800               	movf	indf,w
   356  0602  00F3               	movwf	((??_main+0)+0+3)
   357  0603  0AF0               	incf	(??_main+0)+0,f
   358  0604  0871               	movf	((??_main+0)+0+1),w
   359  0605  0084               	movwf	fsr0
   360                           	
   361  0606  0873               	movf	((??_main+0)+0+3),w
   362  0607  0080               	movwf	indf
   363  0608  0AF1               	incf	((??_main+0)+0+1),f
   364  0609  0BF2               	decfsz	((??_main+0)+0+2),f
   365  060A  2DFE               	goto	u2270
   366  060B  2E0C               	goto	l2033
   367                           	line	10
   368                           ;7seg_4digit_led.c: 10: while(1)
   369                           	
   370  060C                     l689:	
   371                           	line	12
   372                           	
   373  060C                     l2033:	
   374                           ;7seg_4digit_led.c: 11: {
   375                           ;7seg_4digit_led.c: 12: RD0=1;
   376  060C  1283               	bcf	status, 5	;RP0=0, select bank0
   377  060D  1303               	bcf	status, 6	;RP1=0, select bank0
   378  060E  1408               	bsf	(64/8),(64)&7
   379                           	line	13
   380                           	
   381  060F                     l2035:	
   382                           ;7seg_4digit_led.c: 13: RD1=1;
   383  060F  1488               	bsf	(65/8),(65)&7
   384                           	line	14
   385                           	
   386  0610                     l2037:	
   387                           ;7seg_4digit_led.c: 14: RD2=1;
   388  0610  1508               	bsf	(66/8),(66)&7
   389                           	line	15
   390                           	
   391  0611                     l2039:	
   392                           ;7seg_4digit_led.c: 15: RD3=1;
   393  0611  1588               	bsf	(67/8),(67)&7
   394                           	line	16
   395                           	
   396  0612                     l2041:	
   397                           ;7seg_4digit_led.c: 16: for(int i=0;i<6;i++)
   398  0612  01B6               	clrf	(main@i)
   399  0613  01B7               	clrf	(main@i+1)
   400                           	
   401  0614                     l2043:	
   402  0614  0837               	movf	(main@i+1),w
   403  0615  3A80               	xorlw	80h
   404  0616  00FF               	movwf	btemp+1
   405  0617  3080               	movlw	(high(06h))^80h
   406  0618  027F               	subwf	btemp+1,w
   407  0619  1D03               	skipz
   408  061A  2E1D               	goto	u2285
   409  061B  3006               	movlw	low(06h)
   410  061C  0236               	subwf	(main@i),w
   411  061D                     u2285:
   412                           
   413  061D  1C03               	skipc
   414  061E  2E20               	goto	u2281
   415  061F  2E21               	goto	u2280
   416  0620                     u2281:
   417  0620  2E23               	goto	l2047
   418  0621                     u2280:
   419  0621  2E0C               	goto	l2033
   420                           	
   421  0622                     l2045:	
   422  0622  2E0C               	goto	l2033
   423                           	line	17
   424                           	
   425  0623                     l690:	
   426                           	line	18
   427                           	
   428  0623                     l2047:	
   429                           ;7seg_4digit_led.c: 17: {
   430                           ;7seg_4digit_led.c: 18: for(int j=0;j<10;j++)
   431  0623  1283               	bcf	status, 5	;RP0=0, select bank0
   432  0624  1303               	bcf	status, 6	;RP1=0, select bank0
   433  0625  01B8               	clrf	(main@j)
   434  0626  01B9               	clrf	(main@j+1)
   435                           	
   436  0627                     l2049:	
   437  0627  0839               	movf	(main@j+1),w
   438  0628  3A80               	xorlw	80h
   439  0629  00FF               	movwf	btemp+1
   440  062A  3080               	movlw	(high(0Ah))^80h
   441  062B  027F               	subwf	btemp+1,w
   442  062C  1D03               	skipz
   443  062D  2E30               	goto	u2295
   444  062E  300A               	movlw	low(0Ah)
   445  062F  0238               	subwf	(main@j),w
   446  0630                     u2295:
   447                           
   448  0630  1C03               	skipc
   449  0631  2E33               	goto	u2291
   450  0632  2E34               	goto	u2290
   451  0633                     u2291:
   452  0633  2E36               	goto	l2053
   453  0634                     u2290:
   454  0634  2FE5               	goto	l2207
   455                           	
   456  0635                     l2051:	
   457  0635  2FE5               	goto	l2207
   458                           	line	19
   459                           	
   460  0636                     l692:	
   461                           	line	20
   462                           	
   463  0636                     l2053:	
   464                           ;7seg_4digit_led.c: 19: {
   465                           ;7seg_4digit_led.c: 20: for(int k=0;k<6;k++)
   466  0636  1283               	bcf	status, 5	;RP0=0, select bank0
   467  0637  1303               	bcf	status, 6	;RP1=0, select bank0
   468  0638  01BA               	clrf	(main@k)
   469  0639  01BB               	clrf	(main@k+1)
   470                           	
   471  063A                     l2055:	
   472  063A  083B               	movf	(main@k+1),w
   473  063B  3A80               	xorlw	80h
   474  063C  00FF               	movwf	btemp+1
   475  063D  3080               	movlw	(high(06h))^80h
   476  063E  027F               	subwf	btemp+1,w
   477  063F  1D03               	skipz
   478  0640  2E43               	goto	u2305
   479  0641  3006               	movlw	low(06h)
   480  0642  023A               	subwf	(main@k),w
   481  0643                     u2305:
   482                           
   483  0643  1C03               	skipc
   484  0644  2E46               	goto	u2301
   485  0645  2E47               	goto	u2300
   486  0646                     u2301:
   487  0646  2E49               	goto	l2059
   488  0647                     u2300:
   489  0647  2FCF               	goto	l2203
   490                           	
   491  0648                     l2057:	
   492  0648  2FCF               	goto	l2203
   493                           	line	21
   494                           	
   495  0649                     l694:	
   496                           	line	22
   497                           	
   498  0649                     l2059:	
   499                           ;7seg_4digit_led.c: 21: {
   500                           ;7seg_4digit_led.c: 22: for(int l=0;l<10;l++)
   501  0649  1283               	bcf	status, 5	;RP0=0, select bank0
   502  064A  1303               	bcf	status, 6	;RP1=0, select bank0
   503  064B  01BC               	clrf	(main@l)
   504  064C  01BD               	clrf	(main@l+1)
   505                           	
   506  064D                     l2061:	
   507  064D  083D               	movf	(main@l+1),w
   508  064E  3A80               	xorlw	80h
   509  064F  00FF               	movwf	btemp+1
   510  0650  3080               	movlw	(high(0Ah))^80h
   511  0651  027F               	subwf	btemp+1,w
   512  0652  1D03               	skipz
   513  0653  2E56               	goto	u2315
   514  0654  300A               	movlw	low(0Ah)
   515  0655  023C               	subwf	(main@l),w
   516  0656                     u2315:
   517                           
   518  0656  1C03               	skipc
   519  0657  2E59               	goto	u2311
   520  0658  2E5A               	goto	u2310
   521  0659                     u2311:
   522  0659  2E5C               	goto	l2065
   523  065A                     u2310:
   524  065A  2FB9               	goto	l2199
   525                           	
   526  065B                     l2063:	
   527  065B  2FB9               	goto	l2199
   528                           	line	23
   529                           	
   530  065C                     l696:	
   531                           	line	24
   532                           	
   533  065C                     l2065:	
   534                           ;7seg_4digit_led.c: 23: {
   535                           ;7seg_4digit_led.c: 24: for(int m=0;m<150;m++)
   536  065C  1283               	bcf	status, 5	;RP0=0, select bank0
   537  065D  1303               	bcf	status, 6	;RP1=0, select bank0
   538  065E  01B4               	clrf	(main@m)
   539  065F  01B5               	clrf	(main@m+1)
   540                           	
   541  0660                     l2067:	
   542  0660  0835               	movf	(main@m+1),w
   543  0661  3A80               	xorlw	80h
   544  0662  00FF               	movwf	btemp+1
   545  0663  3080               	movlw	(high(096h))^80h
   546  0664  027F               	subwf	btemp+1,w
   547  0665  1D03               	skipz
   548  0666  2E69               	goto	u2325
   549  0667  3096               	movlw	low(096h)
   550  0668  0234               	subwf	(main@m),w
   551  0669                     u2325:
   552                           
   553  0669  1C03               	skipc
   554  066A  2E6C               	goto	u2321
   555  066B  2E6D               	goto	u2320
   556  066C                     u2321:
   557  066C  2E6F               	goto	l698
   558  066D                     u2320:
   559  066D  2FA3               	goto	l2195
   560                           	
   561  066E                     l2069:	
   562  066E  2FA3               	goto	l2195
   563                           	line	25
   564                           	
   565  066F                     l698:	
   566                           	line	26
   567                           ;7seg_4digit_led.c: 25: {
   568                           ;7seg_4digit_led.c: 26: if(RC0==1)
   569  066F  1283               	bcf	status, 5	;RP0=0, select bank0
   570  0670  1303               	bcf	status, 6	;RP1=0, select bank0
   571  0671  1C07               	btfss	(56/8),(56)&7
   572  0672  2E74               	goto	u2331
   573  0673  2E75               	goto	u2330
   574  0674                     u2331:
   575  0674  2F0A               	goto	l700
   576  0675                     u2330:
   577                           	line	28
   578                           ;7seg_4digit_led.c: 27: {
   579                           ;7seg_4digit_led.c: 28: while(1)
   580                           	
   581  0675                     l701:	
   582                           	line	30
   583                           ;7seg_4digit_led.c: 29: {
   584                           ;7seg_4digit_led.c: 30: RD0=1;
   585  0675  1408               	bsf	(64/8),(64)&7
   586                           	line	31
   587                           	
   588  0676                     l2071:	
   589                           ;7seg_4digit_led.c: 31: _delay((unsigned long)((3)*(20000000/4000.0)));
   590                           	opt asmopt_off
   591  0676  3014               movlw	20
   592  0677  00F1               movwf	((??_main+0)+0+1),f
   593  0678  3079               	movlw	121
   594  0679  00F0               movwf	((??_main+0)+0),f
   595  067A                     u2407:
   596  067A  0BF0               	decfsz	((??_main+0)+0),f
   597  067B  2E7A               	goto	u2407
   598  067C  0BF1               	decfsz	((??_main+0)+0+1),f
   599  067D  2E7A               	goto	u2407
   600  067E  2E7F               	nop2
   601                           opt asmopt_on
   602                           
   603                           	line	32
   604                           	
   605  067F                     l2073:	
   606                           ;7seg_4digit_led.c: 32: RD1=0;
   607  067F  1283               	bcf	status, 5	;RP0=0, select bank0
   608  0680  1303               	bcf	status, 6	;RP1=0, select bank0
   609  0681  1088               	bcf	(65/8),(65)&7
   610                           	line	33
   611                           	
   612  0682                     l2075:	
   613                           ;7seg_4digit_led.c: 33: RD2=0;
   614  0682  1108               	bcf	(66/8),(66)&7
   615                           	line	34
   616                           	
   617  0683                     l2077:	
   618                           ;7seg_4digit_led.c: 34: RD3=0;
   619  0683  1188               	bcf	(67/8),(67)&7
   620                           	line	35
   621                           	
   622  0684                     l2079:	
   623                           ;7seg_4digit_led.c: 35: PORTB=arr[i];
   624  0684  0836               	movf	(main@i),w
   625  0685  00F0               	movwf	(??_main+0)+0
   626  0686  0770               	addwf	(??_main+0)+0,w
   627  0687  3E20               	addlw	main@arr&0ffh
   628  0688  0084               	movwf	fsr0
   629  0689  1383               	bcf	status, 7	;select IRP bank0
   630  068A  0800               	movf	indf,w
   631  068B  0086               	movwf	(6)	;volatile
   632                           	line	36
   633                           	
   634  068C                     l2081:	
   635                           ;7seg_4digit_led.c: 36: _delay((unsigned long)((3)*(20000000/4000.0)));
   636                           	opt asmopt_off
   637  068C  3014               movlw	20
   638  068D  00F1               movwf	((??_main+0)+0+1),f
   639  068E  3079               	movlw	121
   640  068F  00F0               movwf	((??_main+0)+0),f
   641  0690                     u2417:
   642  0690  0BF0               	decfsz	((??_main+0)+0),f
   643  0691  2E90               	goto	u2417
   644  0692  0BF1               	decfsz	((??_main+0)+0+1),f
   645  0693  2E90               	goto	u2417
   646  0694  2E95               	nop2
   647                           opt asmopt_on
   648                           
   649                           	line	37
   650                           	
   651  0695                     l2083:	
   652                           ;7seg_4digit_led.c: 37: PORTB=0;
   653  0695  1283               	bcf	status, 5	;RP0=0, select bank0
   654  0696  1303               	bcf	status, 6	;RP1=0, select bank0
   655  0697  0186               	clrf	(6)	;volatile
   656                           	line	39
   657                           	
   658  0698                     l2085:	
   659                           ;7seg_4digit_led.c: 39: RD1=1;
   660  0698  1488               	bsf	(65/8),(65)&7
   661                           	line	40
   662                           	
   663  0699                     l2087:	
   664                           ;7seg_4digit_led.c: 40: _delay((unsigned long)((3)*(20000000/4000.0)));
   665                           	opt asmopt_off
   666  0699  3014               movlw	20
   667  069A  00F1               movwf	((??_main+0)+0+1),f
   668  069B  3079               	movlw	121
   669  069C  00F0               movwf	((??_main+0)+0),f
   670  069D                     u2427:
   671  069D  0BF0               	decfsz	((??_main+0)+0),f
   672  069E  2E9D               	goto	u2427
   673  069F  0BF1               	decfsz	((??_main+0)+0+1),f
   674  06A0  2E9D               	goto	u2427
   675  06A1  2EA2               	nop2
   676                           opt asmopt_on
   677                           
   678                           	line	41
   679                           	
   680  06A2                     l2089:	
   681                           ;7seg_4digit_led.c: 41: RD0=0;
   682  06A2  1283               	bcf	status, 5	;RP0=0, select bank0
   683  06A3  1303               	bcf	status, 6	;RP1=0, select bank0
   684  06A4  1008               	bcf	(64/8),(64)&7
   685                           	line	42
   686                           	
   687  06A5                     l2091:	
   688                           ;7seg_4digit_led.c: 42: RD2=0;
   689  06A5  1108               	bcf	(66/8),(66)&7
   690                           	line	43
   691                           	
   692  06A6                     l2093:	
   693                           ;7seg_4digit_led.c: 43: RD3=0;
   694  06A6  1188               	bcf	(67/8),(67)&7
   695                           	line	44
   696                           	
   697  06A7                     l2095:	
   698                           ;7seg_4digit_led.c: 44: PORTB=arr[j];
   699  06A7  0838               	movf	(main@j),w
   700  06A8  00F0               	movwf	(??_main+0)+0
   701  06A9  0770               	addwf	(??_main+0)+0,w
   702  06AA  3E20               	addlw	main@arr&0ffh
   703  06AB  0084               	movwf	fsr0
   704  06AC  1383               	bcf	status, 7	;select IRP bank0
   705  06AD  0800               	movf	indf,w
   706  06AE  0086               	movwf	(6)	;volatile
   707                           	line	45
   708                           	
   709  06AF                     l2097:	
   710                           ;7seg_4digit_led.c: 45: _delay((unsigned long)((3)*(20000000/4000.0)));
   711                           	opt asmopt_off
   712  06AF  3014               movlw	20
   713  06B0  00F1               movwf	((??_main+0)+0+1),f
   714  06B1  3079               	movlw	121
   715  06B2  00F0               movwf	((??_main+0)+0),f
   716  06B3                     u2437:
   717  06B3  0BF0               	decfsz	((??_main+0)+0),f
   718  06B4  2EB3               	goto	u2437
   719  06B5  0BF1               	decfsz	((??_main+0)+0+1),f
   720  06B6  2EB3               	goto	u2437
   721  06B7  2EB8               	nop2
   722                           opt asmopt_on
   723                           
   724                           	line	46
   725                           ;7seg_4digit_led.c: 46: PORTB=0;
   726  06B8  1283               	bcf	status, 5	;RP0=0, select bank0
   727  06B9  1303               	bcf	status, 6	;RP1=0, select bank0
   728  06BA  0186               	clrf	(6)	;volatile
   729                           	line	48
   730                           	
   731  06BB                     l2099:	
   732                           ;7seg_4digit_led.c: 48: RD2=1;
   733  06BB  1508               	bsf	(66/8),(66)&7
   734                           	line	49
   735                           	
   736  06BC                     l2101:	
   737                           ;7seg_4digit_led.c: 49: _delay((unsigned long)((3)*(20000000/4000.0)));
   738                           	opt asmopt_off
   739  06BC  3014               movlw	20
   740  06BD  00F1               movwf	((??_main+0)+0+1),f
   741  06BE  3079               	movlw	121
   742  06BF  00F0               movwf	((??_main+0)+0),f
   743  06C0                     u2447:
   744  06C0  0BF0               	decfsz	((??_main+0)+0),f
   745  06C1  2EC0               	goto	u2447
   746  06C2  0BF1               	decfsz	((??_main+0)+0+1),f
   747  06C3  2EC0               	goto	u2447
   748  06C4  2EC5               	nop2
   749                           opt asmopt_on
   750                           
   751                           	line	50
   752                           	
   753  06C5                     l2103:	
   754                           ;7seg_4digit_led.c: 50: RD0=0;
   755  06C5  1283               	bcf	status, 5	;RP0=0, select bank0
   756  06C6  1303               	bcf	status, 6	;RP1=0, select bank0
   757  06C7  1008               	bcf	(64/8),(64)&7
   758                           	line	51
   759                           	
   760  06C8                     l2105:	
   761                           ;7seg_4digit_led.c: 51: RD1=0;
   762  06C8  1088               	bcf	(65/8),(65)&7
   763                           	line	52
   764                           	
   765  06C9                     l2107:	
   766                           ;7seg_4digit_led.c: 52: RD3=0;
   767  06C9  1188               	bcf	(67/8),(67)&7
   768                           	line	53
   769                           	
   770  06CA                     l2109:	
   771                           ;7seg_4digit_led.c: 53: PORTB=arr[k];
   772  06CA  083A               	movf	(main@k),w
   773  06CB  00F0               	movwf	(??_main+0)+0
   774  06CC  0770               	addwf	(??_main+0)+0,w
   775  06CD  3E20               	addlw	main@arr&0ffh
   776  06CE  0084               	movwf	fsr0
   777  06CF  1383               	bcf	status, 7	;select IRP bank0
   778  06D0  0800               	movf	indf,w
   779  06D1  0086               	movwf	(6)	;volatile
   780                           	line	54
   781                           	
   782  06D2                     l2111:	
   783                           ;7seg_4digit_led.c: 54: _delay((unsigned long)((3)*(20000000/4000.0)));
   784                           	opt asmopt_off
   785  06D2  3014               movlw	20
   786  06D3  00F1               movwf	((??_main+0)+0+1),f
   787  06D4  3079               	movlw	121
   788  06D5  00F0               movwf	((??_main+0)+0),f
   789  06D6                     u2457:
   790  06D6  0BF0               	decfsz	((??_main+0)+0),f
   791  06D7  2ED6               	goto	u2457
   792  06D8  0BF1               	decfsz	((??_main+0)+0+1),f
   793  06D9  2ED6               	goto	u2457
   794  06DA  2EDB               	nop2
   795                           opt asmopt_on
   796                           
   797                           	line	55
   798                           	
   799  06DB                     l2113:	
   800                           ;7seg_4digit_led.c: 55: PORTB=0;
   801  06DB  1283               	bcf	status, 5	;RP0=0, select bank0
   802  06DC  1303               	bcf	status, 6	;RP1=0, select bank0
   803  06DD  0186               	clrf	(6)	;volatile
   804                           	line	57
   805                           	
   806  06DE                     l2115:	
   807                           ;7seg_4digit_led.c: 57: RD3=1;
   808  06DE  1588               	bsf	(67/8),(67)&7
   809                           	line	58
   810                           	
   811  06DF                     l2117:	
   812                           ;7seg_4digit_led.c: 58: _delay((unsigned long)((3)*(20000000/4000.0)));
   813                           	opt asmopt_off
   814  06DF  3014               movlw	20
   815  06E0  00F1               movwf	((??_main+0)+0+1),f
   816  06E1  3079               	movlw	121
   817  06E2  00F0               movwf	((??_main+0)+0),f
   818  06E3                     u2467:
   819  06E3  0BF0               	decfsz	((??_main+0)+0),f
   820  06E4  2EE3               	goto	u2467
   821  06E5  0BF1               	decfsz	((??_main+0)+0+1),f
   822  06E6  2EE3               	goto	u2467
   823  06E7  2EE8               	nop2
   824                           opt asmopt_on
   825                           
   826                           	line	59
   827                           	
   828  06E8                     l2119:	
   829                           ;7seg_4digit_led.c: 59: RD0=0;
   830  06E8  1283               	bcf	status, 5	;RP0=0, select bank0
   831  06E9  1303               	bcf	status, 6	;RP1=0, select bank0
   832  06EA  1008               	bcf	(64/8),(64)&7
   833                           	line	60
   834                           	
   835  06EB                     l2121:	
   836                           ;7seg_4digit_led.c: 60: RD2=0;
   837  06EB  1108               	bcf	(66/8),(66)&7
   838                           	line	61
   839                           	
   840  06EC                     l2123:	
   841                           ;7seg_4digit_led.c: 61: RD1=0;
   842  06EC  1088               	bcf	(65/8),(65)&7
   843                           	line	62
   844                           	
   845  06ED                     l2125:	
   846                           ;7seg_4digit_led.c: 62: PORTB=arr[l];
   847  06ED  083C               	movf	(main@l),w
   848  06EE  00F0               	movwf	(??_main+0)+0
   849  06EF  0770               	addwf	(??_main+0)+0,w
   850  06F0  3E20               	addlw	main@arr&0ffh
   851  06F1  0084               	movwf	fsr0
   852  06F2  1383               	bcf	status, 7	;select IRP bank0
   853  06F3  0800               	movf	indf,w
   854  06F4  0086               	movwf	(6)	;volatile
   855                           	line	63
   856                           ;7seg_4digit_led.c: 63: _delay((unsigned long)((3)*(20000000/4000.0)));
   857                           	opt asmopt_off
   858  06F5  3014               movlw	20
   859  06F6  00F1               movwf	((??_main+0)+0+1),f
   860  06F7  3079               	movlw	121
   861  06F8  00F0               movwf	((??_main+0)+0),f
   862  06F9                     u2477:
   863  06F9  0BF0               	decfsz	((??_main+0)+0),f
   864  06FA  2EF9               	goto	u2477
   865  06FB  0BF1               	decfsz	((??_main+0)+0+1),f
   866  06FC  2EF9               	goto	u2477
   867  06FD  2EFE               	nop2
   868                           opt asmopt_on
   869                           
   870                           	line	64
   871                           	
   872  06FE                     l2127:	
   873                           ;7seg_4digit_led.c: 64: PORTB=0;
   874  06FE  1283               	bcf	status, 5	;RP0=0, select bank0
   875  06FF  1303               	bcf	status, 6	;RP1=0, select bank0
   876  0700  0186               	clrf	(6)	;volatile
   877                           	line	65
   878                           	
   879  0701                     l2129:	
   880                           ;7seg_4digit_led.c: 65: if(RC0==0)
   881  0701  1807               	btfsc	(56/8),(56)&7
   882  0702  2F04               	goto	u2341
   883  0703  2F05               	goto	u2340
   884  0704                     u2341:
   885  0704  2E75               	goto	l701
   886  0705                     u2340:
   887  0705  2F8F               	goto	l2191
   888                           	line	67
   889                           	
   890  0706                     l2131:	
   891                           ;7seg_4digit_led.c: 66: {
   892                           ;7seg_4digit_led.c: 67: break;
   893  0706  2F8F               	goto	l2191
   894                           	line	68
   895                           	
   896  0707                     l702:	
   897  0707  2E75               	goto	l701
   898                           	line	69
   899                           	
   900  0708                     l704:	
   901                           	line	28
   902  0708  2E75               	goto	l701
   903                           	
   904  0709                     l703:	
   905                           	line	70
   906                           ;7seg_4digit_led.c: 68: }
   907                           ;7seg_4digit_led.c: 69: }
   908                           ;7seg_4digit_led.c: 70: }
   909  0709  2F8F               	goto	l2191
   910                           	line	71
   911                           	
   912  070A                     l700:	
   913                           	line	73
   914                           ;7seg_4digit_led.c: 71: else
   915                           ;7seg_4digit_led.c: 72: {
   916                           ;7seg_4digit_led.c: 73: RD0=1;
   917  070A  1408               	bsf	(64/8),(64)&7
   918                           	line	74
   919                           	
   920  070B                     l2133:	
   921                           ;7seg_4digit_led.c: 74: _delay((unsigned long)((1)*(20000000/4000.0)));
   922                           	opt asmopt_off
   923  070B  3007               movlw	7
   924  070C  00F1               movwf	((??_main+0)+0+1),f
   925  070D  307D               	movlw	125
   926  070E  00F0               movwf	((??_main+0)+0),f
   927  070F                     u2487:
   928  070F  0BF0               	decfsz	((??_main+0)+0),f
   929  0710  2F0F               	goto	u2487
   930  0711  0BF1               	decfsz	((??_main+0)+0+1),f
   931  0712  2F0F               	goto	u2487
   932                           opt asmopt_on
   933                           
   934                           	line	75
   935                           	
   936  0713                     l2135:	
   937                           ;7seg_4digit_led.c: 75: RD1=0;
   938  0713  1283               	bcf	status, 5	;RP0=0, select bank0
   939  0714  1303               	bcf	status, 6	;RP1=0, select bank0
   940  0715  1088               	bcf	(65/8),(65)&7
   941                           	line	76
   942                           	
   943  0716                     l2137:	
   944                           ;7seg_4digit_led.c: 76: RD2=0;
   945  0716  1108               	bcf	(66/8),(66)&7
   946                           	line	77
   947                           	
   948  0717                     l2139:	
   949                           ;7seg_4digit_led.c: 77: RD3=0;
   950  0717  1188               	bcf	(67/8),(67)&7
   951                           	line	78
   952                           	
   953  0718                     l2141:	
   954                           ;7seg_4digit_led.c: 78: PORTB=arr[i];
   955  0718  0836               	movf	(main@i),w
   956  0719  00F0               	movwf	(??_main+0)+0
   957  071A  0770               	addwf	(??_main+0)+0,w
   958  071B  3E20               	addlw	main@arr&0ffh
   959  071C  0084               	movwf	fsr0
   960  071D  1383               	bcf	status, 7	;select IRP bank0
   961  071E  0800               	movf	indf,w
   962  071F  0086               	movwf	(6)	;volatile
   963                           	line	79
   964                           	
   965  0720                     l2143:	
   966                           ;7seg_4digit_led.c: 79: _delay((unsigned long)((1)*(20000000/4000.0)));
   967                           	opt asmopt_off
   968  0720  3007               movlw	7
   969  0721  00F1               movwf	((??_main+0)+0+1),f
   970  0722  307D               	movlw	125
   971  0723  00F0               movwf	((??_main+0)+0),f
   972  0724                     u2497:
   973  0724  0BF0               	decfsz	((??_main+0)+0),f
   974  0725  2F24               	goto	u2497
   975  0726  0BF1               	decfsz	((??_main+0)+0+1),f
   976  0727  2F24               	goto	u2497
   977                           opt asmopt_on
   978                           
   979                           	line	80
   980                           	
   981  0728                     l2145:	
   982                           ;7seg_4digit_led.c: 80: PORTB=0;
   983  0728  1283               	bcf	status, 5	;RP0=0, select bank0
   984  0729  1303               	bcf	status, 6	;RP1=0, select bank0
   985  072A  0186               	clrf	(6)	;volatile
   986                           	line	82
   987                           	
   988  072B                     l2147:	
   989                           ;7seg_4digit_led.c: 82: RD1=1;
   990  072B  1488               	bsf	(65/8),(65)&7
   991                           	line	83
   992                           	
   993  072C                     l2149:	
   994                           ;7seg_4digit_led.c: 83: _delay((unsigned long)((1)*(20000000/4000.0)));
   995                           	opt asmopt_off
   996  072C  3007               movlw	7
   997  072D  00F1               movwf	((??_main+0)+0+1),f
   998  072E  307D               	movlw	125
   999  072F  00F0               movwf	((??_main+0)+0),f
  1000  0730                     u2507:
  1001  0730  0BF0               	decfsz	((??_main+0)+0),f
  1002  0731  2F30               	goto	u2507
  1003  0732  0BF1               	decfsz	((??_main+0)+0+1),f
  1004  0733  2F30               	goto	u2507
  1005                           opt asmopt_on
  1006                           
  1007                           	line	84
  1008                           	
  1009  0734                     l2151:	
  1010                           ;7seg_4digit_led.c: 84: RD0=0;
  1011  0734  1283               	bcf	status, 5	;RP0=0, select bank0
  1012  0735  1303               	bcf	status, 6	;RP1=0, select bank0
  1013  0736  1008               	bcf	(64/8),(64)&7
  1014                           	line	85
  1015                           	
  1016  0737                     l2153:	
  1017                           ;7seg_4digit_led.c: 85: RD2=0;
  1018  0737  1108               	bcf	(66/8),(66)&7
  1019                           	line	86
  1020                           	
  1021  0738                     l2155:	
  1022                           ;7seg_4digit_led.c: 86: RD3=0;
  1023  0738  1188               	bcf	(67/8),(67)&7
  1024                           	line	87
  1025                           	
  1026  0739                     l2157:	
  1027                           ;7seg_4digit_led.c: 87: PORTB=arr[j];
  1028  0739  0838               	movf	(main@j),w
  1029  073A  00F0               	movwf	(??_main+0)+0
  1030  073B  0770               	addwf	(??_main+0)+0,w
  1031  073C  3E20               	addlw	main@arr&0ffh
  1032  073D  0084               	movwf	fsr0
  1033  073E  1383               	bcf	status, 7	;select IRP bank0
  1034  073F  0800               	movf	indf,w
  1035  0740  0086               	movwf	(6)	;volatile
  1036                           	line	88
  1037                           	
  1038  0741                     l2159:	
  1039                           ;7seg_4digit_led.c: 88: _delay((unsigned long)((1)*(20000000/4000.0)));
  1040                           	opt asmopt_off
  1041  0741  3007               movlw	7
  1042  0742  00F1               movwf	((??_main+0)+0+1),f
  1043  0743  307D               	movlw	125
  1044  0744  00F0               movwf	((??_main+0)+0),f
  1045  0745                     u2517:
  1046  0745  0BF0               	decfsz	((??_main+0)+0),f
  1047  0746  2F45               	goto	u2517
  1048  0747  0BF1               	decfsz	((??_main+0)+0+1),f
  1049  0748  2F45               	goto	u2517
  1050                           opt asmopt_on
  1051                           
  1052                           	line	89
  1053                           ;7seg_4digit_led.c: 89: PORTB=0;
  1054  0749  1283               	bcf	status, 5	;RP0=0, select bank0
  1055  074A  1303               	bcf	status, 6	;RP1=0, select bank0
  1056  074B  0186               	clrf	(6)	;volatile
  1057                           	line	91
  1058                           	
  1059  074C                     l2161:	
  1060                           ;7seg_4digit_led.c: 91: RD2=1;
  1061  074C  1508               	bsf	(66/8),(66)&7
  1062                           	line	92
  1063                           	
  1064  074D                     l2163:	
  1065                           ;7seg_4digit_led.c: 92: _delay((unsigned long)((1)*(20000000/4000.0)));
  1066                           	opt asmopt_off
  1067  074D  3007               movlw	7
  1068  074E  00F1               movwf	((??_main+0)+0+1),f
  1069  074F  307D               	movlw	125
  1070  0750  00F0               movwf	((??_main+0)+0),f
  1071  0751                     u2527:
  1072  0751  0BF0               	decfsz	((??_main+0)+0),f
  1073  0752  2F51               	goto	u2527
  1074  0753  0BF1               	decfsz	((??_main+0)+0+1),f
  1075  0754  2F51               	goto	u2527
  1076                           opt asmopt_on
  1077                           
  1078                           	line	93
  1079                           	
  1080  0755                     l2165:	
  1081                           ;7seg_4digit_led.c: 93: RD1=0;
  1082  0755  1283               	bcf	status, 5	;RP0=0, select bank0
  1083  0756  1303               	bcf	status, 6	;RP1=0, select bank0
  1084  0757  1088               	bcf	(65/8),(65)&7
  1085                           	line	94
  1086                           	
  1087  0758                     l2167:	
  1088                           ;7seg_4digit_led.c: 94: RD0=0;
  1089  0758  1008               	bcf	(64/8),(64)&7
  1090                           	line	95
  1091                           	
  1092  0759                     l2169:	
  1093                           ;7seg_4digit_led.c: 95: RD3=0;
  1094  0759  1188               	bcf	(67/8),(67)&7
  1095                           	line	96
  1096                           	
  1097  075A                     l2171:	
  1098                           ;7seg_4digit_led.c: 96: PORTB=arr[k];
  1099  075A  083A               	movf	(main@k),w
  1100  075B  00F0               	movwf	(??_main+0)+0
  1101  075C  0770               	addwf	(??_main+0)+0,w
  1102  075D  3E20               	addlw	main@arr&0ffh
  1103  075E  0084               	movwf	fsr0
  1104  075F  1383               	bcf	status, 7	;select IRP bank0
  1105  0760  0800               	movf	indf,w
  1106  0761  0086               	movwf	(6)	;volatile
  1107                           	line	97
  1108                           	
  1109  0762                     l2173:	
  1110                           ;7seg_4digit_led.c: 97: _delay((unsigned long)((1)*(20000000/4000.0)));
  1111                           	opt asmopt_off
  1112  0762  3007               movlw	7
  1113  0763  00F1               movwf	((??_main+0)+0+1),f
  1114  0764  307D               	movlw	125
  1115  0765  00F0               movwf	((??_main+0)+0),f
  1116  0766                     u2537:
  1117  0766  0BF0               	decfsz	((??_main+0)+0),f
  1118  0767  2F66               	goto	u2537
  1119  0768  0BF1               	decfsz	((??_main+0)+0+1),f
  1120  0769  2F66               	goto	u2537
  1121                           opt asmopt_on
  1122                           
  1123                           	line	98
  1124                           	
  1125  076A                     l2175:	
  1126                           ;7seg_4digit_led.c: 98: PORTB=0;
  1127  076A  1283               	bcf	status, 5	;RP0=0, select bank0
  1128  076B  1303               	bcf	status, 6	;RP1=0, select bank0
  1129  076C  0186               	clrf	(6)	;volatile
  1130                           	line	100
  1131                           	
  1132  076D                     l2177:	
  1133                           ;7seg_4digit_led.c: 100: RD3=1;
  1134  076D  1588               	bsf	(67/8),(67)&7
  1135                           	line	101
  1136                           	
  1137  076E                     l2179:	
  1138                           ;7seg_4digit_led.c: 101: _delay((unsigned long)((1)*(20000000/4000.0)));
  1139                           	opt asmopt_off
  1140  076E  3007               movlw	7
  1141  076F  00F1               movwf	((??_main+0)+0+1),f
  1142  0770  307D               	movlw	125
  1143  0771  00F0               movwf	((??_main+0)+0),f
  1144  0772                     u2547:
  1145  0772  0BF0               	decfsz	((??_main+0)+0),f
  1146  0773  2F72               	goto	u2547
  1147  0774  0BF1               	decfsz	((??_main+0)+0+1),f
  1148  0775  2F72               	goto	u2547
  1149                           opt asmopt_on
  1150                           
  1151                           	line	102
  1152                           	
  1153  0776                     l2181:	
  1154                           ;7seg_4digit_led.c: 102: RD1=0;
  1155  0776  1283               	bcf	status, 5	;RP0=0, select bank0
  1156  0777  1303               	bcf	status, 6	;RP1=0, select bank0
  1157  0778  1088               	bcf	(65/8),(65)&7
  1158                           	line	103
  1159                           	
  1160  0779                     l2183:	
  1161                           ;7seg_4digit_led.c: 103: RD2=0;
  1162  0779  1108               	bcf	(66/8),(66)&7
  1163                           	line	104
  1164                           	
  1165  077A                     l2185:	
  1166                           ;7seg_4digit_led.c: 104: RD0=0;
  1167  077A  1008               	bcf	(64/8),(64)&7
  1168                           	line	105
  1169                           	
  1170  077B                     l2187:	
  1171                           ;7seg_4digit_led.c: 105: PORTB=arr[l];
  1172  077B  083C               	movf	(main@l),w
  1173  077C  00F0               	movwf	(??_main+0)+0
  1174  077D  0770               	addwf	(??_main+0)+0,w
  1175  077E  3E20               	addlw	main@arr&0ffh
  1176  077F  0084               	movwf	fsr0
  1177  0780  1383               	bcf	status, 7	;select IRP bank0
  1178  0781  0800               	movf	indf,w
  1179  0782  0086               	movwf	(6)	;volatile
  1180                           	line	106
  1181                           ;7seg_4digit_led.c: 106: _delay((unsigned long)((1)*(20000000/4000.0)));
  1182                           	opt asmopt_off
  1183  0783  3007               movlw	7
  1184  0784  00F1               movwf	((??_main+0)+0+1),f
  1185  0785  307D               	movlw	125
  1186  0786  00F0               movwf	((??_main+0)+0),f
  1187  0787                     u2557:
  1188  0787  0BF0               	decfsz	((??_main+0)+0),f
  1189  0788  2F87               	goto	u2557
  1190  0789  0BF1               	decfsz	((??_main+0)+0+1),f
  1191  078A  2F87               	goto	u2557
  1192                           opt asmopt_on
  1193                           
  1194                           	line	107
  1195                           	
  1196  078B                     l2189:	
  1197                           ;7seg_4digit_led.c: 107: PORTB=0;
  1198  078B  1283               	bcf	status, 5	;RP0=0, select bank0
  1199  078C  1303               	bcf	status, 6	;RP1=0, select bank0
  1200  078D  0186               	clrf	(6)	;volatile
  1201  078E  2F8F               	goto	l2191
  1202                           	line	108
  1203                           	
  1204  078F                     l705:	
  1205                           	line	24
  1206                           	
  1207  078F                     l2191:	
  1208  078F  3001               	movlw	low(01h)
  1209  0790  07B4               	addwf	(main@m),f
  1210  0791  1803               	skipnc
  1211  0792  0AB5               	incf	(main@m+1),f
  1212  0793  3000               	movlw	high(01h)
  1213  0794  07B5               	addwf	(main@m+1),f
  1214                           	
  1215  0795                     l2193:	
  1216  0795  0835               	movf	(main@m+1),w
  1217  0796  3A80               	xorlw	80h
  1218  0797  00FF               	movwf	btemp+1
  1219  0798  3080               	movlw	(high(096h))^80h
  1220  0799  027F               	subwf	btemp+1,w
  1221  079A  1D03               	skipz
  1222  079B  2F9E               	goto	u2355
  1223  079C  3096               	movlw	low(096h)
  1224  079D  0234               	subwf	(main@m),w
  1225  079E                     u2355:
  1226                           
  1227  079E  1C03               	skipc
  1228  079F  2FA1               	goto	u2351
  1229  07A0  2FA2               	goto	u2350
  1230  07A1                     u2351:
  1231  07A1  2E6F               	goto	l698
  1232  07A2                     u2350:
  1233  07A2  2FA3               	goto	l2195
  1234                           	
  1235  07A3                     l699:	
  1236                           	line	22
  1237                           	
  1238  07A3                     l2195:	
  1239  07A3  3001               	movlw	low(01h)
  1240  07A4  1283               	bcf	status, 5	;RP0=0, select bank0
  1241  07A5  1303               	bcf	status, 6	;RP1=0, select bank0
  1242  07A6  07BC               	addwf	(main@l),f
  1243  07A7  1803               	skipnc
  1244  07A8  0ABD               	incf	(main@l+1),f
  1245  07A9  3000               	movlw	high(01h)
  1246  07AA  07BD               	addwf	(main@l+1),f
  1247                           	
  1248  07AB                     l2197:	
  1249  07AB  083D               	movf	(main@l+1),w
  1250  07AC  3A80               	xorlw	80h
  1251  07AD  00FF               	movwf	btemp+1
  1252  07AE  3080               	movlw	(high(0Ah))^80h
  1253  07AF  027F               	subwf	btemp+1,w
  1254  07B0  1D03               	skipz
  1255  07B1  2FB4               	goto	u2365
  1256  07B2  300A               	movlw	low(0Ah)
  1257  07B3  023C               	subwf	(main@l),w
  1258  07B4                     u2365:
  1259                           
  1260  07B4  1C03               	skipc
  1261  07B5  2FB7               	goto	u2361
  1262  07B6  2FB8               	goto	u2360
  1263  07B7                     u2361:
  1264  07B7  2E5C               	goto	l2065
  1265  07B8                     u2360:
  1266  07B8  2FB9               	goto	l2199
  1267                           	
  1268  07B9                     l697:	
  1269                           	line	20
  1270                           	
  1271  07B9                     l2199:	
  1272  07B9  3001               	movlw	low(01h)
  1273  07BA  1283               	bcf	status, 5	;RP0=0, select bank0
  1274  07BB  1303               	bcf	status, 6	;RP1=0, select bank0
  1275  07BC  07BA               	addwf	(main@k),f
  1276  07BD  1803               	skipnc
  1277  07BE  0ABB               	incf	(main@k+1),f
  1278  07BF  3000               	movlw	high(01h)
  1279  07C0  07BB               	addwf	(main@k+1),f
  1280                           	
  1281  07C1                     l2201:	
  1282  07C1  083B               	movf	(main@k+1),w
  1283  07C2  3A80               	xorlw	80h
  1284  07C3  00FF               	movwf	btemp+1
  1285  07C4  3080               	movlw	(high(06h))^80h
  1286  07C5  027F               	subwf	btemp+1,w
  1287  07C6  1D03               	skipz
  1288  07C7  2FCA               	goto	u2375
  1289  07C8  3006               	movlw	low(06h)
  1290  07C9  023A               	subwf	(main@k),w
  1291  07CA                     u2375:
  1292                           
  1293  07CA  1C03               	skipc
  1294  07CB  2FCD               	goto	u2371
  1295  07CC  2FCE               	goto	u2370
  1296  07CD                     u2371:
  1297  07CD  2E49               	goto	l2059
  1298  07CE                     u2370:
  1299  07CE  2FCF               	goto	l2203
  1300                           	
  1301  07CF                     l695:	
  1302                           	line	18
  1303                           	
  1304  07CF                     l2203:	
  1305  07CF  3001               	movlw	low(01h)
  1306  07D0  1283               	bcf	status, 5	;RP0=0, select bank0
  1307  07D1  1303               	bcf	status, 6	;RP1=0, select bank0
  1308  07D2  07B8               	addwf	(main@j),f
  1309  07D3  1803               	skipnc
  1310  07D4  0AB9               	incf	(main@j+1),f
  1311  07D5  3000               	movlw	high(01h)
  1312  07D6  07B9               	addwf	(main@j+1),f
  1313                           	
  1314  07D7                     l2205:	
  1315  07D7  0839               	movf	(main@j+1),w
  1316  07D8  3A80               	xorlw	80h
  1317  07D9  00FF               	movwf	btemp+1
  1318  07DA  3080               	movlw	(high(0Ah))^80h
  1319  07DB  027F               	subwf	btemp+1,w
  1320  07DC  1D03               	skipz
  1321  07DD  2FE0               	goto	u2385
  1322  07DE  300A               	movlw	low(0Ah)
  1323  07DF  0238               	subwf	(main@j),w
  1324  07E0                     u2385:
  1325                           
  1326  07E0  1C03               	skipc
  1327  07E1  2FE3               	goto	u2381
  1328  07E2  2FE4               	goto	u2380
  1329  07E3                     u2381:
  1330  07E3  2E36               	goto	l2053
  1331  07E4                     u2380:
  1332  07E4  2FE5               	goto	l2207
  1333                           	
  1334  07E5                     l693:	
  1335                           	line	16
  1336                           	
  1337  07E5                     l2207:	
  1338  07E5  3001               	movlw	low(01h)
  1339  07E6  1283               	bcf	status, 5	;RP0=0, select bank0
  1340  07E7  1303               	bcf	status, 6	;RP1=0, select bank0
  1341  07E8  07B6               	addwf	(main@i),f
  1342  07E9  1803               	skipnc
  1343  07EA  0AB7               	incf	(main@i+1),f
  1344  07EB  3000               	movlw	high(01h)
  1345  07EC  07B7               	addwf	(main@i+1),f
  1346                           	
  1347  07ED                     l2209:	
  1348  07ED  0837               	movf	(main@i+1),w
  1349  07EE  3A80               	xorlw	80h
  1350  07EF  00FF               	movwf	btemp+1
  1351  07F0  3080               	movlw	(high(06h))^80h
  1352  07F1  027F               	subwf	btemp+1,w
  1353  07F2  1D03               	skipz
  1354  07F3  2FF6               	goto	u2395
  1355  07F4  3006               	movlw	low(06h)
  1356  07F5  0236               	subwf	(main@i),w
  1357  07F6                     u2395:
  1358                           
  1359  07F6  1C03               	skipc
  1360  07F7  2FF9               	goto	u2391
  1361  07F8  2FFA               	goto	u2390
  1362  07F9                     u2391:
  1363  07F9  2E23               	goto	l2047
  1364  07FA                     u2390:
  1365  07FA  2E0C               	goto	l2033
  1366                           	
  1367  07FB                     l691:	
  1368  07FB  2E0C               	goto	l2033
  1369                           	line	114
  1370                           	
  1371  07FC                     l706:	
  1372                           	line	10
  1373  07FC  2E0C               	goto	l2033
  1374                           	
  1375  07FD                     l707:	
  1376                           	line	115
  1377                           	
  1378  07FD                     l708:	
  1379                           	global	start
  1380  07FD  120A  118A  2800   	ljmp	start
  1381                           	opt stack 0
  1382                           GLOBAL	__end_of_main
  1383  0800                     	__end_of_main:
  1384 ;; =============== function _main ends ============
  1385                           
  1386                           	signat	_main,88
  1387                           psect	maintext
  1388                           	global	btemp
  1389  007E                     	btemp set 07Eh
  1390                           
  1391                           	DABS	1,126,2	;btemp
  1392                           	global	wtemp0
  1393  007E                     	wtemp0 set btemp


HI-TECH Software PICC Macro Assembler V9.81 build 7503 
Symbol Table                                                                                   Thu Sep 07 06:39:14 2023

                   pc 0002                    fsr 0004                   l700 070A                   l701 0675  
                 l702 0707                   l703 0709                   l704 0708                   l705 078F  
                 l706 07FC                   l707 07FD                   l708 07FD                   l690 0623  
                 l691 07FB                   l692 0636                   l693 07E5                   l694 0649  
                 l695 07CF                   l696 065C                   l697 07B9                   l689 060C  
                 l698 066F                   l699 07A3                   _RC0 0038                   _RD0 0040  
                 _RD1 0041                   _RD2 0042                   _RD3 0043                   fsr0 0004  
                 indf 0000                  l2101 06BC                  l2111 06D2                  l2103 06C5  
                l2031 05F6                  l2201 07C1                  l2121 06EB                  l2113 06DB  
                l2105 06C8                  l2041 0612                  l2033 060C                  l2131 0706  
                l2123 06EC                  l2115 06DE                  l2107 06C9                  l2203 07CF  
                l2051 0635                  l2043 0614                  l2035 060F                  l2027 05F1  
                l2205 07D7                  l2141 0718                  l2133 070B                  l2125 06ED  
                l2117 06DF                  l2109 06CA                  l2061 064D                  l2053 0636  
                l2045 0622                  l2037 0610                  l2029 05F5                  l2151 0734  
                l2143 0720                  l2135 0713                  l2127 06FE                  l2119 06E8  
                l2071 0676                  l2063 065B                  l2055 063A                  l2207 07E5  
                l2047 0623                  l2039 0611                  l2209 07ED                  l2161 074C  
                l2153 0737                  l2145 0728                  l2137 0716                  l2129 0701  
                l2081 068C                  l2073 067F                  l2065 065C                  l2057 0648  
                l2049 0627                  l2171 075A                  l2163 074D                  l2155 0738  
                l2147 072B                  l2139 0717                  l2091 06A5                  l2083 0695  
                l2075 0682                  l2067 0660                  l2059 0649                  l2181 0776  
                l2173 0762                  l2165 0755                  l2157 0739                  l2149 072C  
                l2093 06A6                  l2085 0698                  l2077 0683                  l2069 066E  
                l2183 0779                  l2175 076A                  l2167 0758                  l2159 0741  
                l2191 078F                  l2095 06A7                  l2087 0699                  l2079 0684  
                l2193 0795                  l2185 077A                  l2177 076D                  l2169 0759  
                l2097 06AF                  l2089 06A2                  l2187 077B                  l2179 076E  
                l2099 06BB                  l2195 07A3                  l2197 07AB                  l2189 078B  
                l2199 07B9                  u2300 0647                  u2301 0646                  u2310 065A  
                u2311 0659                  u2320 066D                  u2321 066C                  u2305 0643  
                u2330 0675                  u2331 0674                  u2315 0656                  u2340 0705  
                u2341 0704                  u2325 0669                  u2350 07A2                  u2270 05FE  
                u2351 07A1                  u2407 067A                  u2360 07B8                  u2280 0621  
                u2361 07B7                  u2417 0690                  u2281 0620                  u2370 07CE  
                u2290 0634                  u2371 07CD                  u2355 079E                  u2507 0730  
                u2427 069D                  u2291 0633                  u2380 07E4                  u2381 07E3  
                u2365 07B4                  u2517 0745                  u2437 06B3                  u2285 061D  
                u2390 07FA                  u2391 07F9                  u2375 07CA                  u2527 0751  
                u2447 06C0                  u2295 0630                  u2385 07E0                  u2537 0766  
                u2457 06D6                  u2395 07F6                  u2547 0772                  u2467 06E3  
                u2557 0787                  u2477 06F9                  u2487 070F                  u2497 0724  
                _main 05F1                  btemp 007E                  start 0000                 ?_main 0070  
               _PORTB 0006                 _TRISB 0086                 _TRISD 0088                 main@i 0036  
               main@j 0038                 main@k 003A                 main@l 003C                 main@m 0034  
               pclath 000A                 status 0003                 wtemp0 007E          __end_of_main 0800  
              ??_main 0070                _TRISC0 0438        __pcstackCOMMON 0070          __pidataBANK0 05DD  
          __pmaintext 05F1               main@arr 0020  end_of_initialization 05D9               init_ram 05BE  
 start_initialization 05CB           __pdataBANK0 003E         __pcstackBANK0 0020             main@F1084 003E  
           init_fetch 05BA         __size_of_main 020F  
