

HI-TECH Software PIC LITE Macro Assembler V9.81 build 7503 
                                                                                               Fri Sep 01 04:51:21 2023

HI-TECH Software Omniscient Code Generator (Lite mode) build 7503
     1  0000                     opt subtitle "HI-TECH Software Omniscient Code Generator (Lite mode) build 7503"
     2                           
     3                           opt pagewidth 120
     4                           
     5                           	opt lm
     6                           
     7                           	processor	16F877A
     8                           clrc	macro
     9                           	bcf	3,0
    10  0000                     	endm
    11                           clrz	macro
    12                           	bcf	3,2
    13  0000                     	endm
    14                           setc	macro
    15                           	bsf	3,0
    16  0000                     	endm
    17                           setz	macro
    18                           	bsf	3,2
    19  0000                     	endm
    20                           skipc	macro
    21                           	btfss	3,0
    22  0000                     	endm
    23                           skipz	macro
    24                           	btfss	3,2
    25  0000                     	endm
    26                           skipnc	macro
    27                           	btfsc	3,0
    28  0000                     	endm
    29                           skipnz	macro
    30                           	btfsc	3,2
    31  0000                     	endm
    32  0000                     indf	equ	0
    33  0000                     indf0	equ	0
    34  0002                     pc	equ	2
    35  0002                     pcl	equ	2
    36  0003                     status	equ	3
    37  0004                     fsr	equ	4
    38  0004                     fsr0	equ	4
    39  0001                     c	equ	1
    40  0000                     z	equ	0
    41  000A                     pclath	equ	10
    42                           # 2 "G:\PIC ass\7SEGMENT\7segWitharr\3.c"
    43                           	psect config,class=CONFIG,delta=2 ;#
    44                           # 2 "G:\PIC ass\7SEGMENT\7segWitharr\3.c"
    45  2007  1F7A               	dw 0x1f7a ;#
    46                           	FNROOT	_main
    47                           	global	main@F1084
    48                           psect	idataBANK0,class=CODE,space=0,delta=2
    49                           global __pidataBANK0
    50  06A0                     __pidataBANK0:
    51                           	file	"G:\PIC ass\7SEGMENT\7segWitharr\3.c"
    52                           	line	8
    53                           
    54                           ;initializer for main@F1084
    55  06A0  34C0               	retlw	0C0h
    56  06A1  3400               	retlw	0
    57                           
    58  06A2  34F9               	retlw	0F9h
    59  06A3  3400               	retlw	0
    60                           
    61  06A4  34A4               	retlw	0A4h
    62  06A5  3400               	retlw	0
    63                           
    64  06A6  34B0               	retlw	0B0h
    65  06A7  3400               	retlw	0
    66                           
    67  06A8  3499               	retlw	099h
    68  06A9  3400               	retlw	0
    69                           
    70  06AA  3492               	retlw	092h
    71  06AB  3400               	retlw	0
    72                           
    73  06AC  3482               	retlw	082h
    74  06AD  3400               	retlw	0
    75                           
    76  06AE  34F8               	retlw	0F8h
    77  06AF  3400               	retlw	0
    78                           
    79  06B0  3480               	retlw	080h
    80  06B1  3400               	retlw	0
    81                           
    82  06B2  3490               	retlw	090h
    83  06B3  3400               	retlw	0
    84                           
    85                           	global	_PORTB
    86  0006                     _PORTB	set	6
    87                           	global	_RD0
    88  0040                     _RD0	set	64
    89                           	global	_RD1
    90  0041                     _RD1	set	65
    91                           	global	_RD2
    92  0042                     _RD2	set	66
    93                           	global	_RD3
    94  0043                     _RD3	set	67
    95                           	global	_TRISB
    96  0086                     _TRISB	set	134
    97                           	global	_TRISD
    98  0088                     _TRISD	set	136
    99                           	file	"4_7segled.as"
   100                           	line	#
   101                           psect cinit,class=CODE,delta=2
   102                           global start_initialization
   103  068E                     start_initialization:
   104                           
   105                           psect	dataBANK0,class=BANK0,space=1
   106                           global __pdataBANK0
   107  003E                     __pdataBANK0:
   108                           	file	"G:\PIC ass\7SEGMENT\7segWitharr\3.c"
   109  003E                     main@F1084:
   110  003E                            ds      20
   111                           
   112                           global btemp
   113                           psect inittext,class=CODE,delta=2
   114                           global init_fetch,btemp
   115                           ;	Called with low address in FSR and high address in W
   116  067D                     init_fetch:
   117  067D  087E               	movf btemp,w
   118  067E  008A               	movwf pclath
   119  067F  087F               	movf btemp+1,w
   120  0680  0082               	movwf pc
   121                           global init_ram
   122                           ;Called with:
   123                           ;	high address of idata address in btemp 
   124                           ;	low address of idata address in btemp+1 
   125                           ;	low address of data in FSR
   126                           ;	high address + 1 of data in btemp-1
   127  0681                     init_ram:
   128  0681  267D  120A  118A   	fcall init_fetch
   129  0684  0080               	movwf indf,f
   130  0685  0A84               	incf fsr,f
   131  0686  0804               	movf fsr,w
   132  0687  067D               	xorwf btemp-1,w
   133  0688  1903               	btfsc status,2
   134  0689  3400               	retlw 0
   135  068A  0AFF               	incf btemp+1,f
   136  068B  1903               	btfsc status,2
   137  068C  0AFE               	incf btemp,f
   138  068D  2E81               	goto init_ram
   139                           ; Initialize objects allocated to BANK0
   140                           psect cinit,class=CODE,delta=2
   141                           global init_ram, __pidataBANK0
   142  068E  1383               	bcf	status, 7	;select IRP bank0
   143  068F  3052               	movlw low(__pdataBANK0+20)
   144  0690  00FD               	movwf btemp-1,f
   145  0691  3006               	movlw high(__pidataBANK0)
   146  0692  00FE               	movwf btemp,f
   147  0693  30A0               	movlw low(__pidataBANK0)
   148  0694  00FF               	movwf btemp+1,f
   149  0695  303E               	movlw low(__pdataBANK0)
   150  0696  0084               	movwf fsr,f
   151  0697  120A  118A  2681   	fcall init_ram
              120A  118A         
   152                           psect cinit,class=CODE,delta=2
   153                           global end_of_initialization
   154                           
   155                           ;End of C runtime variable initialization code
   156                           
   157  069C                     end_of_initialization:
   158  069C  0183               clrf status
   159  069D  120A  118A  2EB4   ljmp _main	;jump to C main() function
   160                           psect	cstackCOMMON,class=COMMON,space=1
   161                           global __pcstackCOMMON
   162  0070                     __pcstackCOMMON:
   163                           	global	?_main
   164  0070                     ?_main:	; 0 bytes @ 0x0
   165                           	global	??_main
   166  0070                     ??_main:	; 0 bytes @ 0x0
   167  0070                     	ds	4
   168                           psect	cstackBANK0,class=BANK0,space=1
   169                           global __pcstackBANK0
   170  0020                     __pcstackBANK0:
   171                           	global	main@arr
   172  0020                     main@arr:	; 20 bytes @ 0x0
   173  0020                     	ds	20
   174                           	global	main@k
   175  0034                     main@k:	; 2 bytes @ 0x14
   176  0034                     	ds	2
   177                           	global	main@i
   178  0036                     main@i:	; 2 bytes @ 0x16
   179  0036                     	ds	2
   180                           	global	main@j
   181  0038                     main@j:	; 2 bytes @ 0x18
   182  0038                     	ds	2
   183                           	global	main@l
   184  003A                     main@l:	; 2 bytes @ 0x1A
   185  003A                     	ds	2
   186                           	global	main@m
   187  003C                     main@m:	; 2 bytes @ 0x1C
   188  003C                     	ds	2
   189 ;;Data sizes: Strings 0, constant 0, data 20, bss 0, persistent 0 stack 0
   190 ;;Auto spaces:   Size  Autos    Used
   191 ;; COMMON          14      4       4
   192 ;; BANK0           80     30      50
   193 ;; BANK1           80      0       0
   194 ;; BANK3           96      0       0
   195 ;; BANK2           96      0       0
   196                           
   197 ;;
   198 ;; Pointer list with targets:
   199                           
   200                           
   201                           
   202 ;;
   203 ;; Critical Paths under _main in COMMON
   204 ;;
   205 ;;   None.
   206 ;;
   207 ;; Critical Paths under _main in BANK0
   208 ;;
   209 ;;   None.
   210 ;;
   211 ;; Critical Paths under _main in BANK1
   212 ;;
   213 ;;   None.
   214 ;;
   215 ;; Critical Paths under _main in BANK3
   216 ;;
   217 ;;   None.
   218 ;;
   219 ;; Critical Paths under _main in BANK2
   220 ;;
   221 ;;   None.
   222                           
   223 ;;
   224 ;;Main: autosize = 0, tempsize = 4, incstack = 0, save=0
   225 ;;
   226                           
   227 ;;
   228 ;;Call Graph Tables:
   229 ;;
   230 ;; ---------------------------------------------------------------------------------
   231 ;; (Depth) Function   	        Calls       Base Space   Used Autos Params    Refs
   232 ;; ---------------------------------------------------------------------------------
   233 ;; (0) _main                                                34    34      0     411
   234 ;;                                              0 COMMON     4     4      0
   235 ;;                                              0 BANK0     30    30      0
   236 ;; ---------------------------------------------------------------------------------
   237 ;; Estimated maximum stack depth 0
   238 ;; ---------------------------------------------------------------------------------
   239                           
   240 ;; Call Graph Graphs:
   241                           
   242 ;; _main (ROOT)
   243 ;;
   244                           
   245 ;; Address spaces:
   246                           
   247 ;;Name               Size   Autos  Total    Cost      Usage
   248 ;;BANK3               60      0       0       9        0.0%
   249 ;;BITBANK3            60      0       0       8        0.0%
   250 ;;SFR3                 0      0       0       4        0.0%
   251 ;;BITSFR3              0      0       0       4        0.0%
   252 ;;BANK2               60      0       0      11        0.0%
   253 ;;BITBANK2            60      0       0      10        0.0%
   254 ;;SFR2                 0      0       0       5        0.0%
   255 ;;BITSFR2              0      0       0       5        0.0%
   256 ;;SFR1                 0      0       0       2        0.0%
   257 ;;BITSFR1              0      0       0       2        0.0%
   258 ;;BANK1               50      0       0       7        0.0%
   259 ;;BITBANK1            50      0       0       6        0.0%
   260 ;;CODE                 0      0       0       0        0.0%
   261 ;;DATA                 0      0      36      12        0.0%
   262 ;;ABS                  0      0      36       3        0.0%
   263 ;;NULL                 0      0       0       0        0.0%
   264 ;;STACK                0      0       0       2        0.0%
   265 ;;BANK0               50     1E      32       5       62.5%
   266 ;;BITBANK0            50      0       0       4        0.0%
   267 ;;SFR0                 0      0       0       1        0.0%
   268 ;;BITSFR0              0      0       0       1        0.0%
   269 ;;COMMON               E      4       4       1       28.6%
   270 ;;BITCOMMON            E      0       0       0        0.0%
   271 ;;EEDATA             100      0       0       0        0.0%
   272                           
   273                           	global	_main
   274                           psect	maintext,global,class=CODE,delta=2
   275                           global __pmaintext
   276  06B4                     __pmaintext:
   277                           
   278 ;; *************** function _main *****************
   279 ;; Defined at:
   280 ;;		line 5 in file "G:\PIC ass\7SEGMENT\7segWitharr\3.c"
   281 ;; Parameters:    Size  Location     Type
   282 ;;		None
   283 ;; Auto vars:     Size  Location     Type
   284 ;;  k               2   20[BANK0 ] int 
   285 ;;  m               2   28[BANK0 ] int 
   286 ;;  l               2   26[BANK0 ] int 
   287 ;;  j               2   24[BANK0 ] int 
   288 ;;  i               2   22[BANK0 ] int 
   289 ;;  arr            20    0[BANK0 ] int [10]
   290 ;; Return value:  Size  Location     Type
   291 ;;		None               void
   292 ;; Registers used:
   293 ;;		wreg, fsr0l, fsr0h, status,2, status,0, btemp+1
   294 ;; Tracked objects:
   295 ;;		On entry : 17F/0
   296 ;;		On exit  : 0/0
   297 ;;		Unchanged: 0/0
   298 ;; Data sizes:     COMMON   BANK0   BANK1   BANK3   BANK2
   299 ;;      Params:         0       0       0       0       0
   300 ;;      Locals:         0      30       0       0       0
   301 ;;      Temps:          4       0       0       0       0
   302 ;;      Totals:         4      30       0       0       0
   303 ;;Total ram usage:       34 bytes
   304 ;; This function calls:
   305 ;;		Nothing
   306 ;; This function is called by:
   307 ;;		Startup code after reset
   308 ;; This function uses a non-reentrant model
   309 ;;
   310                           psect	maintext
   311                           	file	"G:\PIC ass\7SEGMENT\7segWitharr\3.c"
   312                           	line	5
   313                           	global	__size_of_main
   314  014C                     	__size_of_main	equ	__end_of_main-_main
   315                           	
   316  06B4                     _main:	
   317                           	opt	stack 8
   318                           ; Regs used in _main: [wreg-fsr0h+status,2+status,0+btemp+1]
   319                           	line	6
   320                           	
   321  06B4                     l1941:	
   322                           ;3.c: 6: TRISB=0;
   323  06B4  1683               	bsf	status, 5	;RP0=1, select bank1
   324  06B5  1303               	bcf	status, 6	;RP1=0, select bank1
   325  06B6  0186               	clrf	(134)^080h	;volatile
   326                           	line	7
   327                           ;3.c: 7: TRISD=0;
   328  06B7  0188               	clrf	(136)^080h	;volatile
   329                           	line	8
   330                           	
   331  06B8                     l1943:	
   332                           ;3.c: 8: int arr[10]={0xc0,0xf9,0xa4,0xb0,0x99,0x92,0x82,0xf8,0x80,0x90};
   333  06B8  3020               	movlw	(main@arr)&0ffh
   334  06B9  0084               	movwf	fsr0
   335  06BA  303E               	movlw	low(main@F1084)
   336  06BB  00F0               	movwf	(??_main+0)+0
   337  06BC  0804               	movf	fsr0,w
   338  06BD  00F1               	movwf	((??_main+0)+0+1)
   339  06BE  3014               	movlw	20
   340  06BF  00F2               	movwf	((??_main+0)+0+2)
   341  06C0                     u2250:
   342  06C0  0870               	movf	(??_main+0)+0,w
   343  06C1  0084               	movwf	fsr0
   344  06C2  1383               	bcf	status, 7	;select IRP bank0
   345                           	
   346  06C3  0800               	movf	indf,w
   347  06C4  00F3               	movwf	((??_main+0)+0+3)
   348  06C5  0AF0               	incf	(??_main+0)+0,f
   349  06C6  0871               	movf	((??_main+0)+0+1),w
   350  06C7  0084               	movwf	fsr0
   351                           	
   352  06C8  0873               	movf	((??_main+0)+0+3),w
   353  06C9  0080               	movwf	indf
   354  06CA  0AF1               	incf	((??_main+0)+0+1),f
   355  06CB  0BF2               	decfsz	((??_main+0)+0+2),f
   356  06CC  2EC0               	goto	u2250
   357  06CD  2ECE               	goto	l1945
   358                           	line	9
   359                           ;3.c: 9: while(1)
   360                           	
   361  06CE                     l689:	
   362                           	line	11
   363                           	
   364  06CE                     l1945:	
   365                           ;3.c: 10: {
   366                           ;3.c: 11: RD0=1;
   367  06CE  1283               	bcf	status, 5	;RP0=0, select bank0
   368  06CF  1303               	bcf	status, 6	;RP1=0, select bank0
   369  06D0  1408               	bsf	(64/8),(64)&7
   370                           	line	12
   371                           	
   372  06D1                     l1947:	
   373                           ;3.c: 12: RD1=1;
   374  06D1  1488               	bsf	(65/8),(65)&7
   375                           	line	13
   376                           	
   377  06D2                     l1949:	
   378                           ;3.c: 13: RD2=1;
   379  06D2  1508               	bsf	(66/8),(66)&7
   380                           	line	14
   381                           	
   382  06D3                     l1951:	
   383                           ;3.c: 14: RD3=1;
   384  06D3  1588               	bsf	(67/8),(67)&7
   385                           	line	15
   386                           	
   387  06D4                     l1953:	
   388                           ;3.c: 15: for(int i=0;i<10;i++)
   389  06D4  01B6               	clrf	(main@i)
   390  06D5  01B7               	clrf	(main@i+1)
   391                           	
   392  06D6                     l1955:	
   393  06D6  0837               	movf	(main@i+1),w
   394  06D7  3A80               	xorlw	80h
   395  06D8  00FF               	movwf	btemp+1
   396  06D9  3080               	movlw	(high(0Ah))^80h
   397  06DA  027F               	subwf	btemp+1,w
   398  06DB  1D03               	skipz
   399  06DC  2EDF               	goto	u2265
   400  06DD  300A               	movlw	low(0Ah)
   401  06DE  0236               	subwf	(main@i),w
   402  06DF                     u2265:
   403                           
   404  06DF  1C03               	skipc
   405  06E0  2EE2               	goto	u2261
   406  06E1  2EE3               	goto	u2260
   407  06E2                     u2261:
   408  06E2  2EE5               	goto	l1959
   409  06E3                     u2260:
   410  06E3  2ECE               	goto	l1945
   411                           	
   412  06E4                     l1957:	
   413  06E4  2ECE               	goto	l1945
   414                           	line	16
   415                           	
   416  06E5                     l690:	
   417                           	line	17
   418                           	
   419  06E5                     l1959:	
   420                           ;3.c: 16: {
   421                           ;3.c: 17: for(int j=0;j<10;j++)
   422  06E5  1283               	bcf	status, 5	;RP0=0, select bank0
   423  06E6  1303               	bcf	status, 6	;RP1=0, select bank0
   424  06E7  01B8               	clrf	(main@j)
   425  06E8  01B9               	clrf	(main@j+1)
   426                           	
   427  06E9                     l1961:	
   428  06E9  0839               	movf	(main@j+1),w
   429  06EA  3A80               	xorlw	80h
   430  06EB  00FF               	movwf	btemp+1
   431  06EC  3080               	movlw	(high(0Ah))^80h
   432  06ED  027F               	subwf	btemp+1,w
   433  06EE  1D03               	skipz
   434  06EF  2EF2               	goto	u2275
   435  06F0  300A               	movlw	low(0Ah)
   436  06F1  0238               	subwf	(main@j),w
   437  06F2                     u2275:
   438                           
   439  06F2  1C03               	skipc
   440  06F3  2EF5               	goto	u2271
   441  06F4  2EF6               	goto	u2270
   442  06F5                     u2271:
   443  06F5  2EF8               	goto	l1965
   444  06F6                     u2270:
   445  06F6  2FE5               	goto	l2041
   446                           	
   447  06F7                     l1963:	
   448  06F7  2FE5               	goto	l2041
   449                           	line	18
   450                           	
   451  06F8                     l692:	
   452                           	line	19
   453                           	
   454  06F8                     l1965:	
   455                           ;3.c: 18: {
   456                           ;3.c: 19: for(int l=0;l<10;l++)
   457  06F8  1283               	bcf	status, 5	;RP0=0, select bank0
   458  06F9  1303               	bcf	status, 6	;RP1=0, select bank0
   459  06FA  01BA               	clrf	(main@l)
   460  06FB  01BB               	clrf	(main@l+1)
   461                           	
   462  06FC                     l1967:	
   463  06FC  083B               	movf	(main@l+1),w
   464  06FD  3A80               	xorlw	80h
   465  06FE  00FF               	movwf	btemp+1
   466  06FF  3080               	movlw	(high(0Ah))^80h
   467  0700  027F               	subwf	btemp+1,w
   468  0701  1D03               	skipz
   469  0702  2F05               	goto	u2285
   470  0703  300A               	movlw	low(0Ah)
   471  0704  023A               	subwf	(main@l),w
   472  0705                     u2285:
   473                           
   474  0705  1C03               	skipc
   475  0706  2F08               	goto	u2281
   476  0707  2F09               	goto	u2280
   477  0708                     u2281:
   478  0708  2F0B               	goto	l1971
   479  0709                     u2280:
   480  0709  2FCF               	goto	l2037
   481                           	
   482  070A                     l1969:	
   483  070A  2FCF               	goto	l2037
   484                           	line	20
   485                           	
   486  070B                     l694:	
   487                           	line	21
   488                           	
   489  070B                     l1971:	
   490                           ;3.c: 20: {
   491                           ;3.c: 21: for(int m=0;m<10;m++)
   492  070B  1283               	bcf	status, 5	;RP0=0, select bank0
   493  070C  1303               	bcf	status, 6	;RP1=0, select bank0
   494  070D  01BC               	clrf	(main@m)
   495  070E  01BD               	clrf	(main@m+1)
   496                           	
   497  070F                     l1973:	
   498  070F  083D               	movf	(main@m+1),w
   499  0710  3A80               	xorlw	80h
   500  0711  00FF               	movwf	btemp+1
   501  0712  3080               	movlw	(high(0Ah))^80h
   502  0713  027F               	subwf	btemp+1,w
   503  0714  1D03               	skipz
   504  0715  2F18               	goto	u2295
   505  0716  300A               	movlw	low(0Ah)
   506  0717  023C               	subwf	(main@m),w
   507  0718                     u2295:
   508                           
   509  0718  1C03               	skipc
   510  0719  2F1B               	goto	u2291
   511  071A  2F1C               	goto	u2290
   512  071B                     u2291:
   513  071B  2F1E               	goto	l1977
   514  071C                     u2290:
   515  071C  2FB9               	goto	l2033
   516                           	
   517  071D                     l1975:	
   518  071D  2FB9               	goto	l2033
   519                           	line	22
   520                           	
   521  071E                     l696:	
   522                           	line	24
   523                           	
   524  071E                     l1977:	
   525                           ;3.c: 22: {
   526                           ;3.c: 24: for(int k=0; k<50; k++)
   527  071E  1283               	bcf	status, 5	;RP0=0, select bank0
   528  071F  1303               	bcf	status, 6	;RP1=0, select bank0
   529  0720  01B4               	clrf	(main@k)
   530  0721  01B5               	clrf	(main@k+1)
   531                           	
   532  0722                     l1979:	
   533  0722  0835               	movf	(main@k+1),w
   534  0723  3A80               	xorlw	80h
   535  0724  00FF               	movwf	btemp+1
   536  0725  3080               	movlw	(high(032h))^80h
   537  0726  027F               	subwf	btemp+1,w
   538  0727  1D03               	skipz
   539  0728  2F2B               	goto	u2305
   540  0729  3032               	movlw	low(032h)
   541  072A  0234               	subwf	(main@k),w
   542  072B                     u2305:
   543                           
   544  072B  1C03               	skipc
   545  072C  2F2E               	goto	u2301
   546  072D  2F2F               	goto	u2300
   547  072E                     u2301:
   548  072E  2F31               	goto	l698
   549  072F                     u2300:
   550  072F  2FA3               	goto	l2029
   551                           	
   552  0730                     l1981:	
   553  0730  2FA3               	goto	l2029
   554                           	line	25
   555                           	
   556  0731                     l698:	
   557                           	line	26
   558                           ;3.c: 25: {
   559                           ;3.c: 26: RD0=1;
   560  0731  1283               	bcf	status, 5	;RP0=0, select bank0
   561  0732  1303               	bcf	status, 6	;RP1=0, select bank0
   562  0733  1408               	bsf	(64/8),(64)&7
   563                           	line	27
   564                           	
   565  0734                     l1983:	
   566                           ;3.c: 27: _delay((unsigned long)((3)*(20000000/4000.0)));
   567                           	opt asmopt_off
   568  0734  3014               movlw	20
   569  0735  00F1               movwf	((??_main+0)+0+1),f
   570  0736  3079               	movlw	121
   571  0737  00F0               movwf	((??_main+0)+0),f
   572  0738                     u2367:
   573  0738  0BF0               	decfsz	((??_main+0)+0),f
   574  0739  2F38               	goto	u2367
   575  073A  0BF1               	decfsz	((??_main+0)+0+1),f
   576  073B  2F38               	goto	u2367
   577  073C  2F3D               	nop2
   578                           opt asmopt_on
   579                           
   580                           	line	28
   581                           	
   582  073D                     l1985:	
   583                           ;3.c: 28: RD1=0;
   584  073D  1283               	bcf	status, 5	;RP0=0, select bank0
   585  073E  1303               	bcf	status, 6	;RP1=0, select bank0
   586  073F  1088               	bcf	(65/8),(65)&7
   587                           	line	29
   588                           	
   589  0740                     l1987:	
   590                           ;3.c: 29: RD2=0;
   591  0740  1108               	bcf	(66/8),(66)&7
   592                           	line	30
   593                           	
   594  0741                     l1989:	
   595                           ;3.c: 30: RD3=0;
   596  0741  1188               	bcf	(67/8),(67)&7
   597                           	line	31
   598                           	
   599  0742                     l1991:	
   600                           ;3.c: 31: PORTB=arr[i];
   601  0742  0836               	movf	(main@i),w
   602  0743  00F0               	movwf	(??_main+0)+0
   603  0744  0770               	addwf	(??_main+0)+0,w
   604  0745  3E20               	addlw	main@arr&0ffh
   605  0746  0084               	movwf	fsr0
   606  0747  1383               	bcf	status, 7	;select IRP bank0
   607  0748  0800               	movf	indf,w
   608  0749  0086               	movwf	(6)	;volatile
   609                           	line	33
   610                           	
   611  074A                     l1993:	
   612                           ;3.c: 33: RD1=1;
   613  074A  1488               	bsf	(65/8),(65)&7
   614                           	line	34
   615                           	
   616  074B                     l1995:	
   617                           ;3.c: 34: _delay((unsigned long)((3)*(20000000/4000.0)));
   618                           	opt asmopt_off
   619  074B  3014               movlw	20
   620  074C  00F1               movwf	((??_main+0)+0+1),f
   621  074D  3079               	movlw	121
   622  074E  00F0               movwf	((??_main+0)+0),f
   623  074F                     u2377:
   624  074F  0BF0               	decfsz	((??_main+0)+0),f
   625  0750  2F4F               	goto	u2377
   626  0751  0BF1               	decfsz	((??_main+0)+0+1),f
   627  0752  2F4F               	goto	u2377
   628  0753  2F54               	nop2
   629                           opt asmopt_on
   630                           
   631                           	line	35
   632                           	
   633  0754                     l1997:	
   634                           ;3.c: 35: RD0=0;
   635  0754  1283               	bcf	status, 5	;RP0=0, select bank0
   636  0755  1303               	bcf	status, 6	;RP1=0, select bank0
   637  0756  1008               	bcf	(64/8),(64)&7
   638                           	line	36
   639                           	
   640  0757                     l1999:	
   641                           ;3.c: 36: RD2=0;
   642  0757  1108               	bcf	(66/8),(66)&7
   643                           	line	37
   644                           	
   645  0758                     l2001:	
   646                           ;3.c: 37: RD3=0;
   647  0758  1188               	bcf	(67/8),(67)&7
   648                           	line	38
   649                           ;3.c: 38: PORTB=arr[j];
   650  0759  0838               	movf	(main@j),w
   651  075A  00F0               	movwf	(??_main+0)+0
   652  075B  0770               	addwf	(??_main+0)+0,w
   653  075C  3E20               	addlw	main@arr&0ffh
   654  075D  0084               	movwf	fsr0
   655  075E  1383               	bcf	status, 7	;select IRP bank0
   656  075F  0800               	movf	indf,w
   657  0760  0086               	movwf	(6)	;volatile
   658                           	line	40
   659                           	
   660  0761                     l2003:	
   661                           ;3.c: 40: RD2=1;
   662  0761  1508               	bsf	(66/8),(66)&7
   663                           	line	41
   664                           	
   665  0762                     l2005:	
   666                           ;3.c: 41: _delay((unsigned long)((3)*(20000000/4000.0)));
   667                           	opt asmopt_off
   668  0762  3014               movlw	20
   669  0763  00F1               movwf	((??_main+0)+0+1),f
   670  0764  3079               	movlw	121
   671  0765  00F0               movwf	((??_main+0)+0),f
   672  0766                     u2387:
   673  0766  0BF0               	decfsz	((??_main+0)+0),f
   674  0767  2F66               	goto	u2387
   675  0768  0BF1               	decfsz	((??_main+0)+0+1),f
   676  0769  2F66               	goto	u2387
   677  076A  2F6B               	nop2
   678                           opt asmopt_on
   679                           
   680                           	line	42
   681                           	
   682  076B                     l2007:	
   683                           ;3.c: 42: RD1=0;
   684  076B  1283               	bcf	status, 5	;RP0=0, select bank0
   685  076C  1303               	bcf	status, 6	;RP1=0, select bank0
   686  076D  1088               	bcf	(65/8),(65)&7
   687                           	line	43
   688                           	
   689  076E                     l2009:	
   690                           ;3.c: 43: RD0=0;
   691  076E  1008               	bcf	(64/8),(64)&7
   692                           	line	44
   693                           	
   694  076F                     l2011:	
   695                           ;3.c: 44: RD3=0;
   696  076F  1188               	bcf	(67/8),(67)&7
   697                           	line	45
   698                           	
   699  0770                     l2013:	
   700                           ;3.c: 45: PORTB=arr[l];
   701  0770  083A               	movf	(main@l),w
   702  0771  00F0               	movwf	(??_main+0)+0
   703  0772  0770               	addwf	(??_main+0)+0,w
   704  0773  3E20               	addlw	main@arr&0ffh
   705  0774  0084               	movwf	fsr0
   706  0775  1383               	bcf	status, 7	;select IRP bank0
   707  0776  0800               	movf	indf,w
   708  0777  0086               	movwf	(6)	;volatile
   709                           	line	47
   710                           	
   711  0778                     l2015:	
   712                           ;3.c: 47: RD3=1;
   713  0778  1588               	bsf	(67/8),(67)&7
   714                           	line	48
   715                           ;3.c: 48: _delay((unsigned long)((3)*(20000000/4000.0)));
   716                           	opt asmopt_off
   717  0779  3014               movlw	20
   718  077A  00F1               movwf	((??_main+0)+0+1),f
   719  077B  3079               	movlw	121
   720  077C  00F0               movwf	((??_main+0)+0),f
   721  077D                     u2397:
   722  077D  0BF0               	decfsz	((??_main+0)+0),f
   723  077E  2F7D               	goto	u2397
   724  077F  0BF1               	decfsz	((??_main+0)+0+1),f
   725  0780  2F7D               	goto	u2397
   726  0781  2F82               	nop2
   727                           opt asmopt_on
   728                           
   729                           	line	49
   730                           	
   731  0782                     l2017:	
   732                           ;3.c: 49: RD0=0;
   733  0782  1283               	bcf	status, 5	;RP0=0, select bank0
   734  0783  1303               	bcf	status, 6	;RP1=0, select bank0
   735  0784  1008               	bcf	(64/8),(64)&7
   736                           	line	50
   737                           	
   738  0785                     l2019:	
   739                           ;3.c: 50: RD1=0;
   740  0785  1088               	bcf	(65/8),(65)&7
   741                           	line	51
   742                           	
   743  0786                     l2021:	
   744                           ;3.c: 51: RD2=0;
   745  0786  1108               	bcf	(66/8),(66)&7
   746                           	line	52
   747                           	
   748  0787                     l2023:	
   749                           ;3.c: 52: PORTB=arr[m];
   750  0787  083C               	movf	(main@m),w
   751  0788  00F0               	movwf	(??_main+0)+0
   752  0789  0770               	addwf	(??_main+0)+0,w
   753  078A  3E20               	addlw	main@arr&0ffh
   754  078B  0084               	movwf	fsr0
   755  078C  1383               	bcf	status, 7	;select IRP bank0
   756  078D  0800               	movf	indf,w
   757  078E  0086               	movwf	(6)	;volatile
   758                           	line	24
   759                           	
   760  078F                     l2025:	
   761  078F  3001               	movlw	low(01h)
   762  0790  07B4               	addwf	(main@k),f
   763  0791  1803               	skipnc
   764  0792  0AB5               	incf	(main@k+1),f
   765  0793  3000               	movlw	high(01h)
   766  0794  07B5               	addwf	(main@k+1),f
   767                           	
   768  0795                     l2027:	
   769  0795  0835               	movf	(main@k+1),w
   770  0796  3A80               	xorlw	80h
   771  0797  00FF               	movwf	btemp+1
   772  0798  3080               	movlw	(high(032h))^80h
   773  0799  027F               	subwf	btemp+1,w
   774  079A  1D03               	skipz
   775  079B  2F9E               	goto	u2315
   776  079C  3032               	movlw	low(032h)
   777  079D  0234               	subwf	(main@k),w
   778  079E                     u2315:
   779                           
   780  079E  1C03               	skipc
   781  079F  2FA1               	goto	u2311
   782  07A0  2FA2               	goto	u2310
   783  07A1                     u2311:
   784  07A1  2F31               	goto	l698
   785  07A2                     u2310:
   786  07A2  2FA3               	goto	l2029
   787                           	
   788  07A3                     l699:	
   789                           	line	21
   790                           	
   791  07A3                     l2029:	
   792  07A3  3001               	movlw	low(01h)
   793  07A4  1283               	bcf	status, 5	;RP0=0, select bank0
   794  07A5  1303               	bcf	status, 6	;RP1=0, select bank0
   795  07A6  07BC               	addwf	(main@m),f
   796  07A7  1803               	skipnc
   797  07A8  0ABD               	incf	(main@m+1),f
   798  07A9  3000               	movlw	high(01h)
   799  07AA  07BD               	addwf	(main@m+1),f
   800                           	
   801  07AB                     l2031:	
   802  07AB  083D               	movf	(main@m+1),w
   803  07AC  3A80               	xorlw	80h
   804  07AD  00FF               	movwf	btemp+1
   805  07AE  3080               	movlw	(high(0Ah))^80h
   806  07AF  027F               	subwf	btemp+1,w
   807  07B0  1D03               	skipz
   808  07B1  2FB4               	goto	u2325
   809  07B2  300A               	movlw	low(0Ah)
   810  07B3  023C               	subwf	(main@m),w
   811  07B4                     u2325:
   812                           
   813  07B4  1C03               	skipc
   814  07B5  2FB7               	goto	u2321
   815  07B6  2FB8               	goto	u2320
   816  07B7                     u2321:
   817  07B7  2F1E               	goto	l1977
   818  07B8                     u2320:
   819  07B8  2FB9               	goto	l2033
   820                           	
   821  07B9                     l697:	
   822                           	line	19
   823                           	
   824  07B9                     l2033:	
   825  07B9  3001               	movlw	low(01h)
   826  07BA  1283               	bcf	status, 5	;RP0=0, select bank0
   827  07BB  1303               	bcf	status, 6	;RP1=0, select bank0
   828  07BC  07BA               	addwf	(main@l),f
   829  07BD  1803               	skipnc
   830  07BE  0ABB               	incf	(main@l+1),f
   831  07BF  3000               	movlw	high(01h)
   832  07C0  07BB               	addwf	(main@l+1),f
   833                           	
   834  07C1                     l2035:	
   835  07C1  083B               	movf	(main@l+1),w
   836  07C2  3A80               	xorlw	80h
   837  07C3  00FF               	movwf	btemp+1
   838  07C4  3080               	movlw	(high(0Ah))^80h
   839  07C5  027F               	subwf	btemp+1,w
   840  07C6  1D03               	skipz
   841  07C7  2FCA               	goto	u2335
   842  07C8  300A               	movlw	low(0Ah)
   843  07C9  023A               	subwf	(main@l),w
   844  07CA                     u2335:
   845                           
   846  07CA  1C03               	skipc
   847  07CB  2FCD               	goto	u2331
   848  07CC  2FCE               	goto	u2330
   849  07CD                     u2331:
   850  07CD  2F0B               	goto	l1971
   851  07CE                     u2330:
   852  07CE  2FCF               	goto	l2037
   853                           	
   854  07CF                     l695:	
   855                           	line	17
   856                           	
   857  07CF                     l2037:	
   858  07CF  3001               	movlw	low(01h)
   859  07D0  1283               	bcf	status, 5	;RP0=0, select bank0
   860  07D1  1303               	bcf	status, 6	;RP1=0, select bank0
   861  07D2  07B8               	addwf	(main@j),f
   862  07D3  1803               	skipnc
   863  07D4  0AB9               	incf	(main@j+1),f
   864  07D5  3000               	movlw	high(01h)
   865  07D6  07B9               	addwf	(main@j+1),f
   866                           	
   867  07D7                     l2039:	
   868  07D7  0839               	movf	(main@j+1),w
   869  07D8  3A80               	xorlw	80h
   870  07D9  00FF               	movwf	btemp+1
   871  07DA  3080               	movlw	(high(0Ah))^80h
   872  07DB  027F               	subwf	btemp+1,w
   873  07DC  1D03               	skipz
   874  07DD  2FE0               	goto	u2345
   875  07DE  300A               	movlw	low(0Ah)
   876  07DF  0238               	subwf	(main@j),w
   877  07E0                     u2345:
   878                           
   879  07E0  1C03               	skipc
   880  07E1  2FE3               	goto	u2341
   881  07E2  2FE4               	goto	u2340
   882  07E3                     u2341:
   883  07E3  2EF8               	goto	l1965
   884  07E4                     u2340:
   885  07E4  2FE5               	goto	l2041
   886                           	
   887  07E5                     l693:	
   888                           	line	15
   889                           	
   890  07E5                     l2041:	
   891  07E5  3001               	movlw	low(01h)
   892  07E6  1283               	bcf	status, 5	;RP0=0, select bank0
   893  07E7  1303               	bcf	status, 6	;RP1=0, select bank0
   894  07E8  07B6               	addwf	(main@i),f
   895  07E9  1803               	skipnc
   896  07EA  0AB7               	incf	(main@i+1),f
   897  07EB  3000               	movlw	high(01h)
   898  07EC  07B7               	addwf	(main@i+1),f
   899                           	
   900  07ED                     l2043:	
   901  07ED  0837               	movf	(main@i+1),w
   902  07EE  3A80               	xorlw	80h
   903  07EF  00FF               	movwf	btemp+1
   904  07F0  3080               	movlw	(high(0Ah))^80h
   905  07F1  027F               	subwf	btemp+1,w
   906  07F2  1D03               	skipz
   907  07F3  2FF6               	goto	u2355
   908  07F4  300A               	movlw	low(0Ah)
   909  07F5  0236               	subwf	(main@i),w
   910  07F6                     u2355:
   911                           
   912  07F6  1C03               	skipc
   913  07F7  2FF9               	goto	u2351
   914  07F8  2FFA               	goto	u2350
   915  07F9                     u2351:
   916  07F9  2EE5               	goto	l1959
   917  07FA                     u2350:
   918  07FA  2ECE               	goto	l1945
   919                           	
   920  07FB                     l691:	
   921  07FB  2ECE               	goto	l1945
   922                           	line	59
   923                           	
   924  07FC                     l700:	
   925                           	line	9
   926  07FC  2ECE               	goto	l1945
   927                           	
   928  07FD                     l701:	
   929                           	line	60
   930                           	
   931  07FD                     l702:	
   932                           	global	start
   933  07FD  120A  118A  2800   	ljmp	start
   934                           	opt stack 0
   935                           GLOBAL	__end_of_main
   936  0800                     	__end_of_main:
   937 ;; =============== function _main ends ============
   938                           
   939                           	signat	_main,88
   940                           psect	maintext
   941                           	global	btemp
   942  007E                     	btemp set 07Eh
   943                           
   944                           	DABS	1,126,2	;btemp
   945                           	global	wtemp0
   946  007E                     	wtemp0 set btemp


HI-TECH Software PICC Macro Assembler V9.81 build 7503 
Symbol Table                                                                                   Fri Sep 01 04:51:21 2023

                   pc 0002                    fsr 0004                   l700 07FC                   l701 07FD  
                 l702 07FD                   l690 06E5                   l691 07FB                   l692 06F8  
                 l693 07E5                   l694 070B                   l695 07CF                   l696 071E  
                 l697 07B9                   l689 06CE                   l698 0731                   l699 07A3  
                 _RD0 0040                   _RD1 0041                   _RD2 0042                   _RD3 0043  
                 fsr0 0004                   indf 0000                  l2001 0758                  l2011 076F  
                l2003 0761                  l2021 0786                  l2013 0770                  l2005 0762  
                l2031 07AB                  l2023 0787                  l2015 0778                  l2007 076B  
                l2025 078F                  l2017 0782                  l2009 076E                  l2033 07B9  
                l2041 07E5                  l2043 07ED                  l2035 07C1                  l2027 0795  
                l2019 0785                  l2029 07A3                  l2037 07CF                  l2039 07D7  
                l1941 06B4                  l1951 06D3                  l1943 06B8                  l1961 06E9  
                l1953 06D4                  l1945 06CE                  l1971 070B                  l1963 06F7  
                l1955 06D6                  l1947 06D1                  l1981 0730                  l1973 070F  
                l1965 06F8                  l1957 06E4                  l1949 06D2                  l1991 0742  
                l1983 0734                  l1975 071D                  l1967 06FC                  l1959 06E5  
                l1993 074A                  l1985 073D                  l1977 071E                  l1969 070A  
                l1995 074B                  l1987 0740                  l1979 0722                  l1997 0754  
                l1989 0741                  l1999 0757                  u2300 072F                  u2301 072E  
                u2310 07A2                  u2311 07A1                  u2320 07B8                  u2321 07B7  
                u2305 072B                  u2330 07CE                  u2250 06C0                  u2331 07CD  
                u2315 079E                  u2340 07E4                  u2260 06E3                  u2341 07E3  
                u2325 07B4                  u2261 06E2                  u2350 07FA                  u2270 06F6  
                u2351 07F9                  u2335 07CA                  u2271 06F5                  u2280 0709  
                u2345 07E0                  u2281 0708                  u2265 06DF                  u2290 071C  
                u2355 07F6                  u2291 071B                  u2275 06F2                  u2285 0705  
                u2367 0738                  u2295 0718                  u2377 074F                  u2387 0766  
                u2397 077D                  _main 06B4                  btemp 007E                  start 0000  
               ?_main 0070                 _PORTB 0006                 _TRISB 0086                 _TRISD 0088  
               main@i 0036                 main@j 0038                 main@k 0034                 main@l 003A  
               main@m 003C                 pclath 000A                 status 0003                 wtemp0 007E  
        __end_of_main 0800                ??_main 0070        __pcstackCOMMON 0070          __pidataBANK0 06A0  
          __pmaintext 06B4               main@arr 0020  end_of_initialization 069C               init_ram 0681  
 start_initialization 068E           __pdataBANK0 003E         __pcstackBANK0 0020             main@F1084 003E  
           init_fetch 067D         __size_of_main 014C  
