

HI-TECH Software PIC LITE Macro Assembler V9.81 build 7503 
                                                                                               Thu Aug 31 13:09:29 2023

HI-TECH Software Omniscient Code Generator (Lite mode) build 7503
     1  0000                     opt subtitle "HI-TECH Software Omniscient Code Generator (Lite mode) build 7503"
     2                           
     3                           opt pagewidth 120
     4                           
     5                           	opt lm
     6                           
     7                           	processor	16F877A
     8                           clrc	macro
     9                           	bcf	3,0
    10  0000                     	endm
    11                           clrz	macro
    12                           	bcf	3,2
    13  0000                     	endm
    14                           setc	macro
    15                           	bsf	3,0
    16  0000                     	endm
    17                           setz	macro
    18                           	bsf	3,2
    19  0000                     	endm
    20                           skipc	macro
    21                           	btfss	3,0
    22  0000                     	endm
    23                           skipz	macro
    24                           	btfss	3,2
    25  0000                     	endm
    26                           skipnc	macro
    27                           	btfsc	3,0
    28  0000                     	endm
    29                           skipnz	macro
    30                           	btfsc	3,2
    31  0000                     	endm
    32  0000                     indf	equ	0
    33  0000                     indf0	equ	0
    34  0002                     pc	equ	2
    35  0002                     pcl	equ	2
    36  0003                     status	equ	3
    37  0004                     fsr	equ	4
    38  0004                     fsr0	equ	4
    39  0001                     c	equ	1
    40  0000                     z	equ	0
    41  000A                     pclath	equ	10
    42                           # 2 "G:\PIC ass\7SEGMENT\7segWitharr\4_7seg_led.c"
    43                           	psect config,class=CONFIG,delta=2 ;#
    44                           # 2 "G:\PIC ass\7SEGMENT\7segWitharr\4_7seg_led.c"
    45  2007  1F7A               	dw 0x1f7a ;#
    46                           	FNROOT	_main
    47                           	global	main@F1084
    48                           psect	idataBANK0,class=CODE,space=0,delta=2
    49                           global __pidataBANK0
    50  0725                     __pidataBANK0:
    51                           	file	"G:\PIC ass\7SEGMENT\7segWitharr\4_7seg_led.c"
    52                           	line	8
    53                           
    54                           ;initializer for main@F1084
    55  0725  34C0               	retlw	0C0h
    56  0726  3400               	retlw	0
    57                           
    58  0727  34F9               	retlw	0F9h
    59  0728  3400               	retlw	0
    60                           
    61  0729  34A4               	retlw	0A4h
    62  072A  3400               	retlw	0
    63                           
    64  072B  34B0               	retlw	0B0h
    65  072C  3400               	retlw	0
    66                           
    67  072D  3499               	retlw	099h
    68  072E  3400               	retlw	0
    69                           
    70  072F  3492               	retlw	092h
    71  0730  3400               	retlw	0
    72                           
    73  0731  3482               	retlw	082h
    74  0732  3400               	retlw	0
    75                           
    76  0733  34F8               	retlw	0F8h
    77  0734  3400               	retlw	0
    78                           
    79  0735  3480               	retlw	080h
    80  0736  3400               	retlw	0
    81                           
    82  0737  3490               	retlw	090h
    83  0738  3400               	retlw	0
    84                           
    85                           	global	_PORTB
    86  0006                     _PORTB	set	6
    87                           	global	_RD0
    88  0040                     _RD0	set	64
    89                           	global	_RD1
    90  0041                     _RD1	set	65
    91                           	global	_RD2
    92  0042                     _RD2	set	66
    93                           	global	_RD3
    94  0043                     _RD3	set	67
    95                           	global	_TRISB
    96  0086                     _TRISB	set	134
    97                           	global	_TRISD
    98  0088                     _TRISD	set	136
    99                           	file	"4_7seg_led.as"
   100                           	line	#
   101                           psect cinit,class=CODE,delta=2
   102                           global start_initialization
   103  0713                     start_initialization:
   104                           
   105                           psect	dataBANK0,class=BANK0,space=1
   106                           global __pdataBANK0
   107  003A                     __pdataBANK0:
   108                           	file	"G:\PIC ass\7SEGMENT\7segWitharr\4_7seg_led.c"
   109  003A                     main@F1084:
   110  003A                            ds      20
   111                           
   112                           global btemp
   113                           psect inittext,class=CODE,delta=2
   114                           global init_fetch,btemp
   115                           ;	Called with low address in FSR and high address in W
   116  0702                     init_fetch:
   117  0702  087E               	movf btemp,w
   118  0703  008A               	movwf pclath
   119  0704  087F               	movf btemp+1,w
   120  0705  0082               	movwf pc
   121                           global init_ram
   122                           ;Called with:
   123                           ;	high address of idata address in btemp 
   124                           ;	low address of idata address in btemp+1 
   125                           ;	low address of data in FSR
   126                           ;	high address + 1 of data in btemp-1
   127  0706                     init_ram:
   128  0706  2702  120A  118A   	fcall init_fetch
   129  0709  0080               	movwf indf,f
   130  070A  0A84               	incf fsr,f
   131  070B  0804               	movf fsr,w
   132  070C  067D               	xorwf btemp-1,w
   133  070D  1903               	btfsc status,2
   134  070E  3400               	retlw 0
   135  070F  0AFF               	incf btemp+1,f
   136  0710  1903               	btfsc status,2
   137  0711  0AFE               	incf btemp,f
   138  0712  2F06               	goto init_ram
   139                           ; Initialize objects allocated to BANK0
   140                           psect cinit,class=CODE,delta=2
   141                           global init_ram, __pidataBANK0
   142  0713  1383               	bcf	status, 7	;select IRP bank0
   143  0714  304E               	movlw low(__pdataBANK0+20)
   144  0715  00FD               	movwf btemp-1,f
   145  0716  3007               	movlw high(__pidataBANK0)
   146  0717  00FE               	movwf btemp,f
   147  0718  3025               	movlw low(__pidataBANK0)
   148  0719  00FF               	movwf btemp+1,f
   149  071A  303A               	movlw low(__pdataBANK0)
   150  071B  0084               	movwf fsr,f
   151  071C  120A  118A  2706   	fcall init_ram
              120A  118A         
   152                           psect cinit,class=CODE,delta=2
   153                           global end_of_initialization
   154                           
   155                           ;End of C runtime variable initialization code
   156                           
   157  0721                     end_of_initialization:
   158  0721  0183               clrf status
   159  0722  120A  118A  2F39   ljmp _main	;jump to C main() function
   160                           psect	cstackCOMMON,class=COMMON,space=1
   161                           global __pcstackCOMMON
   162  0070                     __pcstackCOMMON:
   163                           	global	?_main
   164  0070                     ?_main:	; 0 bytes @ 0x0
   165                           	global	??_main
   166  0070                     ??_main:	; 0 bytes @ 0x0
   167  0070                     	ds	4
   168                           psect	cstackBANK0,class=BANK0,space=1
   169                           global __pcstackBANK0
   170  0020                     __pcstackBANK0:
   171                           	global	main@arr
   172  0020                     main@arr:	; 20 bytes @ 0x0
   173  0020                     	ds	20
   174                           	global	main@k
   175  0034                     main@k:	; 2 bytes @ 0x14
   176  0034                     	ds	2
   177                           	global	main@i
   178  0036                     main@i:	; 2 bytes @ 0x16
   179  0036                     	ds	2
   180                           	global	main@j
   181  0038                     main@j:	; 2 bytes @ 0x18
   182  0038                     	ds	2
   183 ;;Data sizes: Strings 0, constant 0, data 20, bss 0, persistent 0 stack 0
   184 ;;Auto spaces:   Size  Autos    Used
   185 ;; COMMON          14      4       4
   186 ;; BANK0           80     26      46
   187 ;; BANK1           80      0       0
   188 ;; BANK3           96      0       0
   189 ;; BANK2           96      0       0
   190                           
   191 ;;
   192 ;; Pointer list with targets:
   193                           
   194                           
   195                           
   196 ;;
   197 ;; Critical Paths under _main in COMMON
   198 ;;
   199 ;;   None.
   200 ;;
   201 ;; Critical Paths under _main in BANK0
   202 ;;
   203 ;;   None.
   204 ;;
   205 ;; Critical Paths under _main in BANK1
   206 ;;
   207 ;;   None.
   208 ;;
   209 ;; Critical Paths under _main in BANK3
   210 ;;
   211 ;;   None.
   212 ;;
   213 ;; Critical Paths under _main in BANK2
   214 ;;
   215 ;;   None.
   216                           
   217 ;;
   218 ;;Main: autosize = 0, tempsize = 4, incstack = 0, save=0
   219 ;;
   220                           
   221 ;;
   222 ;;Call Graph Tables:
   223 ;;
   224 ;; ---------------------------------------------------------------------------------
   225 ;; (Depth) Function   	        Calls       Base Space   Used Autos Params    Refs
   226 ;; ---------------------------------------------------------------------------------
   227 ;; (0) _main                                                30    30      0     229
   228 ;;                                              0 COMMON     4     4      0
   229 ;;                                              0 BANK0     26    26      0
   230 ;; ---------------------------------------------------------------------------------
   231 ;; Estimated maximum stack depth 0
   232 ;; ---------------------------------------------------------------------------------
   233                           
   234 ;; Call Graph Graphs:
   235                           
   236 ;; _main (ROOT)
   237 ;;
   238                           
   239 ;; Address spaces:
   240                           
   241 ;;Name               Size   Autos  Total    Cost      Usage
   242 ;;BANK3               60      0       0       9        0.0%
   243 ;;BITBANK3            60      0       0       8        0.0%
   244 ;;SFR3                 0      0       0       4        0.0%
   245 ;;BITSFR3              0      0       0       4        0.0%
   246 ;;BANK2               60      0       0      11        0.0%
   247 ;;BITBANK2            60      0       0      10        0.0%
   248 ;;SFR2                 0      0       0       5        0.0%
   249 ;;BITSFR2              0      0       0       5        0.0%
   250 ;;SFR1                 0      0       0       2        0.0%
   251 ;;BITSFR1              0      0       0       2        0.0%
   252 ;;BANK1               50      0       0       7        0.0%
   253 ;;BITBANK1            50      0       0       6        0.0%
   254 ;;CODE                 0      0       0       0        0.0%
   255 ;;DATA                 0      0      32      12        0.0%
   256 ;;ABS                  0      0      32       3        0.0%
   257 ;;NULL                 0      0       0       0        0.0%
   258 ;;STACK                0      0       0       2        0.0%
   259 ;;BANK0               50     1A      2E       5       57.5%
   260 ;;BITBANK0            50      0       0       4        0.0%
   261 ;;SFR0                 0      0       0       1        0.0%
   262 ;;BITSFR0              0      0       0       1        0.0%
   263 ;;COMMON               E      4       4       1       28.6%
   264 ;;BITCOMMON            E      0       0       0        0.0%
   265 ;;EEDATA             100      0       0       0        0.0%
   266                           
   267                           	global	_main
   268                           psect	maintext,global,class=CODE,delta=2
   269                           global __pmaintext
   270  0739                     __pmaintext:
   271                           
   272 ;; *************** function _main *****************
   273 ;; Defined at:
   274 ;;		line 5 in file "G:\PIC ass\7SEGMENT\7segWitharr\4_7seg_led.c"
   275 ;; Parameters:    Size  Location     Type
   276 ;;		None
   277 ;; Auto vars:     Size  Location     Type
   278 ;;  k               2   20[BANK0 ] int 
   279 ;;  j               2   24[BANK0 ] int 
   280 ;;  i               2   22[BANK0 ] int 
   281 ;;  arr            20    0[BANK0 ] int [10]
   282 ;; Return value:  Size  Location     Type
   283 ;;		None               void
   284 ;; Registers used:
   285 ;;		wreg, fsr0l, fsr0h, status,2, status,0, btemp+1
   286 ;; Tracked objects:
   287 ;;		On entry : 17F/0
   288 ;;		On exit  : 0/0
   289 ;;		Unchanged: 0/0
   290 ;; Data sizes:     COMMON   BANK0   BANK1   BANK3   BANK2
   291 ;;      Params:         0       0       0       0       0
   292 ;;      Locals:         0      26       0       0       0
   293 ;;      Temps:          4       0       0       0       0
   294 ;;      Totals:         4      26       0       0       0
   295 ;;Total ram usage:       30 bytes
   296 ;; This function calls:
   297 ;;		Nothing
   298 ;; This function is called by:
   299 ;;		Startup code after reset
   300 ;; This function uses a non-reentrant model
   301 ;;
   302                           psect	maintext
   303                           	file	"G:\PIC ass\7SEGMENT\7segWitharr\4_7seg_led.c"
   304                           	line	5
   305                           	global	__size_of_main
   306  00C7                     	__size_of_main	equ	__end_of_main-_main
   307                           	
   308  0739                     _main:	
   309                           	opt	stack 8
   310                           ; Regs used in _main: [wreg-fsr0h+status,2+status,0+btemp+1]
   311                           	line	6
   312                           	
   313  0739                     l1885:	
   314                           ;4_7seg_led.c: 6: TRISB=0;
   315  0739  1683               	bsf	status, 5	;RP0=1, select bank1
   316  073A  1303               	bcf	status, 6	;RP1=0, select bank1
   317  073B  0186               	clrf	(134)^080h	;volatile
   318                           	line	7
   319                           ;4_7seg_led.c: 7: TRISD=0;
   320  073C  0188               	clrf	(136)^080h	;volatile
   321                           	line	8
   322                           	
   323  073D                     l1887:	
   324                           ;4_7seg_led.c: 8: int arr[10]={0xc0,0xf9,0xa4,0xb0,0x99,0x92,0x82,0xf8,0x80,0x90};
   325  073D  3020               	movlw	(main@arr)&0ffh
   326  073E  0084               	movwf	fsr0
   327  073F  303A               	movlw	low(main@F1084)
   328  0740  00F0               	movwf	(??_main+0)+0
   329  0741  0804               	movf	fsr0,w
   330  0742  00F1               	movwf	((??_main+0)+0+1)
   331  0743  3014               	movlw	20
   332  0744  00F2               	movwf	((??_main+0)+0+2)
   333  0745                     u2210:
   334  0745  0870               	movf	(??_main+0)+0,w
   335  0746  0084               	movwf	fsr0
   336  0747  1383               	bcf	status, 7	;select IRP bank0
   337                           	
   338  0748  0800               	movf	indf,w
   339  0749  00F3               	movwf	((??_main+0)+0+3)
   340  074A  0AF0               	incf	(??_main+0)+0,f
   341  074B  0871               	movf	((??_main+0)+0+1),w
   342  074C  0084               	movwf	fsr0
   343                           	
   344  074D  0873               	movf	((??_main+0)+0+3),w
   345  074E  0080               	movwf	indf
   346  074F  0AF1               	incf	((??_main+0)+0+1),f
   347  0750  0BF2               	decfsz	((??_main+0)+0+2),f
   348  0751  2F45               	goto	u2210
   349  0752  2F53               	goto	l1889
   350                           	line	9
   351                           ;4_7seg_led.c: 9: while(1)
   352                           	
   353  0753                     l689:	
   354                           	line	12
   355                           	
   356  0753                     l1889:	
   357                           ;4_7seg_led.c: 10: {
   358                           ;4_7seg_led.c: 12: RD1=1;
   359  0753  1283               	bcf	status, 5	;RP0=0, select bank0
   360  0754  1303               	bcf	status, 6	;RP1=0, select bank0
   361  0755  1488               	bsf	(65/8),(65)&7
   362                           	line	13
   363                           	
   364  0756                     l1891:	
   365                           ;4_7seg_led.c: 13: RD2=1;
   366  0756  1508               	bsf	(66/8),(66)&7
   367                           	line	14
   368                           	
   369  0757                     l1893:	
   370                           ;4_7seg_led.c: 14: RD3=1;
   371  0757  1588               	bsf	(67/8),(67)&7
   372                           	line	15
   373                           	
   374  0758                     l1895:	
   375                           ;4_7seg_led.c: 15: for(int i=0;i<10;i++)
   376  0758  01B6               	clrf	(main@i)
   377  0759  01B7               	clrf	(main@i+1)
   378                           	
   379  075A                     l1897:	
   380  075A  0837               	movf	(main@i+1),w
   381  075B  3A80               	xorlw	80h
   382  075C  00FF               	movwf	btemp+1
   383  075D  3080               	movlw	(high(0Ah))^80h
   384  075E  027F               	subwf	btemp+1,w
   385  075F  1D03               	skipz
   386  0760  2F63               	goto	u2225
   387  0761  300A               	movlw	low(0Ah)
   388  0762  0236               	subwf	(main@i),w
   389  0763                     u2225:
   390                           
   391  0763  1C03               	skipc
   392  0764  2F66               	goto	u2221
   393  0765  2F67               	goto	u2220
   394  0766                     u2221:
   395  0766  2F69               	goto	l1901
   396  0767                     u2220:
   397  0767  2F53               	goto	l1889
   398                           	
   399  0768                     l1899:	
   400  0768  2F53               	goto	l1889
   401                           	line	16
   402                           	
   403  0769                     l690:	
   404                           	line	19
   405                           	
   406  0769                     l1901:	
   407                           ;4_7seg_led.c: 16: {
   408                           ;4_7seg_led.c: 19: for(int j=0;j<10;j++)
   409  0769  1283               	bcf	status, 5	;RP0=0, select bank0
   410  076A  1303               	bcf	status, 6	;RP1=0, select bank0
   411  076B  01B8               	clrf	(main@j)
   412  076C  01B9               	clrf	(main@j+1)
   413                           	
   414  076D                     l1903:	
   415  076D  0839               	movf	(main@j+1),w
   416  076E  3A80               	xorlw	80h
   417  076F  00FF               	movwf	btemp+1
   418  0770  3080               	movlw	(high(0Ah))^80h
   419  0771  027F               	subwf	btemp+1,w
   420  0772  1D03               	skipz
   421  0773  2F76               	goto	u2235
   422  0774  300A               	movlw	low(0Ah)
   423  0775  0238               	subwf	(main@j),w
   424  0776                     u2235:
   425                           
   426  0776  1C03               	skipc
   427  0777  2F79               	goto	u2231
   428  0778  2F7A               	goto	u2230
   429  0779                     u2231:
   430  0779  2F7C               	goto	l1907
   431  077A                     u2230:
   432  077A  2FE5               	goto	l1933
   433                           	
   434  077B                     l1905:	
   435  077B  2FE5               	goto	l1933
   436                           	line	20
   437                           	
   438  077C                     l692:	
   439                           	line	21
   440                           	
   441  077C                     l1907:	
   442                           ;4_7seg_led.c: 20: {
   443                           ;4_7seg_led.c: 21: for(int k=0; k<50; k++)
   444  077C  1283               	bcf	status, 5	;RP0=0, select bank0
   445  077D  1303               	bcf	status, 6	;RP1=0, select bank0
   446  077E  01B4               	clrf	(main@k)
   447  077F  01B5               	clrf	(main@k+1)
   448                           	
   449  0780                     l1909:	
   450  0780  0835               	movf	(main@k+1),w
   451  0781  3A80               	xorlw	80h
   452  0782  00FF               	movwf	btemp+1
   453  0783  3080               	movlw	(high(032h))^80h
   454  0784  027F               	subwf	btemp+1,w
   455  0785  1D03               	skipz
   456  0786  2F89               	goto	u2245
   457  0787  3032               	movlw	low(032h)
   458  0788  0234               	subwf	(main@k),w
   459  0789                     u2245:
   460                           
   461  0789  1C03               	skipc
   462  078A  2F8C               	goto	u2241
   463  078B  2F8D               	goto	u2240
   464  078C                     u2241:
   465  078C  2F8F               	goto	l694
   466  078D                     u2240:
   467  078D  2FCF               	goto	l1929
   468                           	
   469  078E                     l1911:	
   470  078E  2FCF               	goto	l1929
   471                           	line	22
   472                           	
   473  078F                     l694:	
   474                           	line	23
   475                           ;4_7seg_led.c: 22: {
   476                           ;4_7seg_led.c: 23: RD0=1;
   477  078F  1283               	bcf	status, 5	;RP0=0, select bank0
   478  0790  1303               	bcf	status, 6	;RP1=0, select bank0
   479  0791  1408               	bsf	(64/8),(64)&7
   480                           	line	24
   481                           	
   482  0792                     l1913:	
   483                           ;4_7seg_led.c: 24: _delay((unsigned long)((3)*(20000000/4000.0)));
   484                           	opt asmopt_off
   485  0792  3014               movlw	20
   486  0793  00F1               movwf	((??_main+0)+0+1),f
   487  0794  3079               	movlw	121
   488  0795  00F0               movwf	((??_main+0)+0),f
   489  0796                     u2287:
   490  0796  0BF0               	decfsz	((??_main+0)+0),f
   491  0797  2F96               	goto	u2287
   492  0798  0BF1               	decfsz	((??_main+0)+0+1),f
   493  0799  2F96               	goto	u2287
   494  079A  2F9B               	nop2
   495                           opt asmopt_on
   496                           
   497                           	line	25
   498                           	
   499  079B                     l1915:	
   500                           ;4_7seg_led.c: 25: RD1=0;
   501  079B  1283               	bcf	status, 5	;RP0=0, select bank0
   502  079C  1303               	bcf	status, 6	;RP1=0, select bank0
   503  079D  1088               	bcf	(65/8),(65)&7
   504                           	line	27
   505                           	
   506  079E                     l1917:	
   507                           ;4_7seg_led.c: 27: PORTB=arr[i];
   508  079E  0836               	movf	(main@i),w
   509  079F  00F0               	movwf	(??_main+0)+0
   510  07A0  0770               	addwf	(??_main+0)+0,w
   511  07A1  3E20               	addlw	main@arr&0ffh
   512  07A2  0084               	movwf	fsr0
   513  07A3  1383               	bcf	status, 7	;select IRP bank0
   514  07A4  0800               	movf	indf,w
   515  07A5  0086               	movwf	(6)	;volatile
   516                           	line	28
   517                           	
   518  07A6                     l1919:	
   519                           ;4_7seg_led.c: 28: RD1=1;
   520  07A6  1488               	bsf	(65/8),(65)&7
   521                           	line	29
   522                           	
   523  07A7                     l1921:	
   524                           ;4_7seg_led.c: 29: _delay((unsigned long)((3)*(20000000/4000.0)));
   525                           	opt asmopt_off
   526  07A7  3014               movlw	20
   527  07A8  00F1               movwf	((??_main+0)+0+1),f
   528  07A9  3079               	movlw	121
   529  07AA  00F0               movwf	((??_main+0)+0),f
   530  07AB                     u2297:
   531  07AB  0BF0               	decfsz	((??_main+0)+0),f
   532  07AC  2FAB               	goto	u2297
   533  07AD  0BF1               	decfsz	((??_main+0)+0+1),f
   534  07AE  2FAB               	goto	u2297
   535  07AF  2FB0               	nop2
   536                           opt asmopt_on
   537                           
   538                           	line	30
   539                           	
   540  07B0                     l1923:	
   541                           ;4_7seg_led.c: 30: RD0=0;
   542  07B0  1283               	bcf	status, 5	;RP0=0, select bank0
   543  07B1  1303               	bcf	status, 6	;RP1=0, select bank0
   544  07B2  1008               	bcf	(64/8),(64)&7
   545                           	line	31
   546                           ;4_7seg_led.c: 31: PORTB=arr[j];
   547  07B3  0838               	movf	(main@j),w
   548  07B4  00F0               	movwf	(??_main+0)+0
   549  07B5  0770               	addwf	(??_main+0)+0,w
   550  07B6  3E20               	addlw	main@arr&0ffh
   551  07B7  0084               	movwf	fsr0
   552  07B8  1383               	bcf	status, 7	;select IRP bank0
   553  07B9  0800               	movf	indf,w
   554  07BA  0086               	movwf	(6)	;volatile
   555                           	line	21
   556                           	
   557  07BB                     l1925:	
   558  07BB  3001               	movlw	low(01h)
   559  07BC  07B4               	addwf	(main@k),f
   560  07BD  1803               	skipnc
   561  07BE  0AB5               	incf	(main@k+1),f
   562  07BF  3000               	movlw	high(01h)
   563  07C0  07B5               	addwf	(main@k+1),f
   564                           	
   565  07C1                     l1927:	
   566  07C1  0835               	movf	(main@k+1),w
   567  07C2  3A80               	xorlw	80h
   568  07C3  00FF               	movwf	btemp+1
   569  07C4  3080               	movlw	(high(032h))^80h
   570  07C5  027F               	subwf	btemp+1,w
   571  07C6  1D03               	skipz
   572  07C7  2FCA               	goto	u2255
   573  07C8  3032               	movlw	low(032h)
   574  07C9  0234               	subwf	(main@k),w
   575  07CA                     u2255:
   576                           
   577  07CA  1C03               	skipc
   578  07CB  2FCD               	goto	u2251
   579  07CC  2FCE               	goto	u2250
   580  07CD                     u2251:
   581  07CD  2F8F               	goto	l694
   582  07CE                     u2250:
   583  07CE  2FCF               	goto	l1929
   584                           	
   585  07CF                     l695:	
   586                           	line	19
   587                           	
   588  07CF                     l1929:	
   589  07CF  3001               	movlw	low(01h)
   590  07D0  1283               	bcf	status, 5	;RP0=0, select bank0
   591  07D1  1303               	bcf	status, 6	;RP1=0, select bank0
   592  07D2  07B8               	addwf	(main@j),f
   593  07D3  1803               	skipnc
   594  07D4  0AB9               	incf	(main@j+1),f
   595  07D5  3000               	movlw	high(01h)
   596  07D6  07B9               	addwf	(main@j+1),f
   597                           	
   598  07D7                     l1931:	
   599  07D7  0839               	movf	(main@j+1),w
   600  07D8  3A80               	xorlw	80h
   601  07D9  00FF               	movwf	btemp+1
   602  07DA  3080               	movlw	(high(0Ah))^80h
   603  07DB  027F               	subwf	btemp+1,w
   604  07DC  1D03               	skipz
   605  07DD  2FE0               	goto	u2265
   606  07DE  300A               	movlw	low(0Ah)
   607  07DF  0238               	subwf	(main@j),w
   608  07E0                     u2265:
   609                           
   610  07E0  1C03               	skipc
   611  07E1  2FE3               	goto	u2261
   612  07E2  2FE4               	goto	u2260
   613  07E3                     u2261:
   614  07E3  2F7C               	goto	l1907
   615  07E4                     u2260:
   616  07E4  2FE5               	goto	l1933
   617                           	
   618  07E5                     l693:	
   619                           	line	15
   620                           	
   621  07E5                     l1933:	
   622  07E5  3001               	movlw	low(01h)
   623  07E6  1283               	bcf	status, 5	;RP0=0, select bank0
   624  07E7  1303               	bcf	status, 6	;RP1=0, select bank0
   625  07E8  07B6               	addwf	(main@i),f
   626  07E9  1803               	skipnc
   627  07EA  0AB7               	incf	(main@i+1),f
   628  07EB  3000               	movlw	high(01h)
   629  07EC  07B7               	addwf	(main@i+1),f
   630                           	
   631  07ED                     l1935:	
   632  07ED  0837               	movf	(main@i+1),w
   633  07EE  3A80               	xorlw	80h
   634  07EF  00FF               	movwf	btemp+1
   635  07F0  3080               	movlw	(high(0Ah))^80h
   636  07F1  027F               	subwf	btemp+1,w
   637  07F2  1D03               	skipz
   638  07F3  2FF6               	goto	u2275
   639  07F4  300A               	movlw	low(0Ah)
   640  07F5  0236               	subwf	(main@i),w
   641  07F6                     u2275:
   642                           
   643  07F6  1C03               	skipc
   644  07F7  2FF9               	goto	u2271
   645  07F8  2FFA               	goto	u2270
   646  07F9                     u2271:
   647  07F9  2F69               	goto	l1901
   648  07FA                     u2270:
   649  07FA  2F53               	goto	l1889
   650                           	
   651  07FB                     l691:	
   652  07FB  2F53               	goto	l1889
   653                           	line	42
   654                           	
   655  07FC                     l696:	
   656                           	line	9
   657  07FC  2F53               	goto	l1889
   658                           	
   659  07FD                     l697:	
   660                           	line	43
   661                           	
   662  07FD                     l698:	
   663                           	global	start
   664  07FD  120A  118A  2800   	ljmp	start
   665                           	opt stack 0
   666                           GLOBAL	__end_of_main
   667  0800                     	__end_of_main:
   668 ;; =============== function _main ends ============
   669                           
   670                           	signat	_main,88
   671                           psect	maintext
   672                           	global	btemp
   673  007E                     	btemp set 07Eh
   674                           
   675                           	DABS	1,126,2	;btemp
   676                           	global	wtemp0
   677  007E                     	wtemp0 set btemp


HI-TECH Software PICC Macro Assembler V9.81 build 7503 
Symbol Table                                                                                   Thu Aug 31 13:09:29 2023

                   pc 0002                    fsr 0004                   l690 0769                   l691 07FB  
                 l692 077C                   l693 07E5                   l694 078F                   l695 07CF  
                 l696 07FC                   l697 07FD                   l689 0753                   l698 07FD  
                 _RD0 0040                   _RD1 0041                   _RD2 0042                   _RD3 0043  
                 fsr0 0004                   indf 0000                  l1901 0769                  l1911 078E  
                l1903 076D                  l1921 07A7                  l1913 0792                  l1905 077B  
                l1931 07D7                  l1923 07B0                  l1915 079B                  l1907 077C  
                l1925 07BB                  l1917 079E                  l1909 0780                  l1933 07E5  
                l1935 07ED                  l1927 07C1                  l1919 07A6                  l1929 07CF  
                l1891 0756                  l1893 0757                  l1885 0739                  l1895 0758  
                l1887 073D                  l1897 075A                  l1889 0753                  l1899 0768  
                u2210 0745                  u2220 0767                  u2221 0766                  u2230 077A  
                u2231 0779                  u2240 078D                  u2241 078C                  u2225 0763  
                u2250 07CE                  u2251 07CD                  u2235 0776                  u2260 07E4  
                u2261 07E3                  u2245 0789                  u2270 07FA                  u2271 07F9  
                u2255 07CA                  u2265 07E0                  u2275 07F6                  u2287 0796  
                u2297 07AB                  _main 0739                  btemp 007E                  start 0000  
               ?_main 0070                 _PORTB 0006                 _TRISB 0086                 _TRISD 0088  
               main@i 0036                 main@j 0038                 main@k 0034                 pclath 000A  
               status 0003                 wtemp0 007E          __end_of_main 0800                ??_main 0070  
      __pcstackCOMMON 0070          __pidataBANK0 0725            __pmaintext 0739               main@arr 0020  
end_of_initialization 0721               init_ram 0706   start_initialization 0713           __pdataBANK0 003A  
       __pcstackBANK0 0020             main@F1084 003A             init_fetch 0702         __size_of_main 00C7  
