

HI-TECH Software PIC LITE Macro Assembler V9.81 build 7503 
                                                                                               Thu Aug 31 06:31:39 2023

HI-TECH Software Omniscient Code Generator (Lite mode) build 7503
     1  0000                     opt subtitle "HI-TECH Software Omniscient Code Generator (Lite mode) build 7503"
     2                           
     3                           opt pagewidth 120
     4                           
     5                           	opt lm
     6                           
     7                           	processor	16F877A
     8                           clrc	macro
     9                           	bcf	3,0
    10  0000                     	endm
    11                           clrz	macro
    12                           	bcf	3,2
    13  0000                     	endm
    14                           setc	macro
    15                           	bsf	3,0
    16  0000                     	endm
    17                           setz	macro
    18                           	bsf	3,2
    19  0000                     	endm
    20                           skipc	macro
    21                           	btfss	3,0
    22  0000                     	endm
    23                           skipz	macro
    24                           	btfss	3,2
    25  0000                     	endm
    26                           skipnc	macro
    27                           	btfsc	3,0
    28  0000                     	endm
    29                           skipnz	macro
    30                           	btfsc	3,2
    31  0000                     	endm
    32  0000                     indf	equ	0
    33  0000                     indf0	equ	0
    34  0002                     pc	equ	2
    35  0002                     pcl	equ	2
    36  0003                     status	equ	3
    37  0004                     fsr	equ	4
    38  0004                     fsr0	equ	4
    39  0001                     c	equ	1
    40  0000                     z	equ	0
    41  000A                     pclath	equ	10
    42                           # 2 "G:\PIC ass\7SEGMENT\7segWitharr\2.c"
    43                           	psect config,class=CONFIG,delta=2 ;#
    44                           # 2 "G:\PIC ass\7SEGMENT\7segWitharr\2.c"
    45  2007  1F7A               	dw 0x1f7a ;#
    46                           	FNROOT	_main
    47                           	global	main@F1084
    48                           psect	idataBANK0,class=CODE,space=0,delta=2
    49                           global __pidataBANK0
    50  074F                     __pidataBANK0:
    51                           	file	"G:\PIC ass\7SEGMENT\7segWitharr\2.c"
    52                           	line	8
    53                           
    54                           ;initializer for main@F1084
    55  074F  34C0               	retlw	0C0h
    56  0750  3400               	retlw	0
    57                           
    58  0751  34F9               	retlw	0F9h
    59  0752  3400               	retlw	0
    60                           
    61  0753  34A4               	retlw	0A4h
    62  0754  3400               	retlw	0
    63                           
    64  0755  34B0               	retlw	0B0h
    65  0756  3400               	retlw	0
    66                           
    67  0757  3499               	retlw	099h
    68  0758  3400               	retlw	0
    69                           
    70  0759  3492               	retlw	092h
    71  075A  3400               	retlw	0
    72                           
    73  075B  3482               	retlw	082h
    74  075C  3400               	retlw	0
    75                           
    76  075D  34F8               	retlw	0F8h
    77  075E  3400               	retlw	0
    78                           
    79  075F  3480               	retlw	080h
    80  0760  3400               	retlw	0
    81                           
    82  0761  3490               	retlw	090h
    83  0762  3400               	retlw	0
    84                           
    85                           	global	_PORTB
    86  0006                     _PORTB	set	6
    87                           	global	_PORTD
    88  0008                     _PORTD	set	8
    89                           	global	_TRISB
    90  0086                     _TRISB	set	134
    91                           	global	_TRISD
    92  0088                     _TRISD	set	136
    93                           	file	"Two7segled.as"
    94                           	line	#
    95                           psect cinit,class=CODE,delta=2
    96                           global start_initialization
    97  073D                     start_initialization:
    98                           
    99                           psect	dataBANK0,class=BANK0,space=1
   100                           global __pdataBANK0
   101  0038                     __pdataBANK0:
   102                           	file	"G:\PIC ass\7SEGMENT\7segWitharr\2.c"
   103  0038                     main@F1084:
   104  0038                            ds      20
   105                           
   106                           global btemp
   107                           psect inittext,class=CODE,delta=2
   108                           global init_fetch,btemp
   109                           ;	Called with low address in FSR and high address in W
   110  072C                     init_fetch:
   111  072C  087E               	movf btemp,w
   112  072D  008A               	movwf pclath
   113  072E  087F               	movf btemp+1,w
   114  072F  0082               	movwf pc
   115                           global init_ram
   116                           ;Called with:
   117                           ;	high address of idata address in btemp 
   118                           ;	low address of idata address in btemp+1 
   119                           ;	low address of data in FSR
   120                           ;	high address + 1 of data in btemp-1
   121  0730                     init_ram:
   122  0730  272C  120A  118A   	fcall init_fetch
   123  0733  0080               	movwf indf,f
   124  0734  0A84               	incf fsr,f
   125  0735  0804               	movf fsr,w
   126  0736  067D               	xorwf btemp-1,w
   127  0737  1903               	btfsc status,2
   128  0738  3400               	retlw 0
   129  0739  0AFF               	incf btemp+1,f
   130  073A  1903               	btfsc status,2
   131  073B  0AFE               	incf btemp,f
   132  073C  2F30               	goto init_ram
   133                           ; Initialize objects allocated to BANK0
   134                           psect cinit,class=CODE,delta=2
   135                           global init_ram, __pidataBANK0
   136  073D  1383               	bcf	status, 7	;select IRP bank0
   137  073E  304C               	movlw low(__pdataBANK0+20)
   138  073F  00FD               	movwf btemp-1,f
   139  0740  3007               	movlw high(__pidataBANK0)
   140  0741  00FE               	movwf btemp,f
   141  0742  304F               	movlw low(__pidataBANK0)
   142  0743  00FF               	movwf btemp+1,f
   143  0744  3038               	movlw low(__pdataBANK0)
   144  0745  0084               	movwf fsr,f
   145  0746  120A  118A  2730   	fcall init_ram
              120A  118A         
   146                           psect cinit,class=CODE,delta=2
   147                           global end_of_initialization
   148                           
   149                           ;End of C runtime variable initialization code
   150                           
   151  074B                     end_of_initialization:
   152  074B  0183               clrf status
   153  074C  120A  118A  2F63   ljmp _main	;jump to C main() function
   154                           psect	cstackCOMMON,class=COMMON,space=1
   155                           global __pcstackCOMMON
   156  0070                     __pcstackCOMMON:
   157                           	global	?_main
   158  0070                     ?_main:	; 0 bytes @ 0x0
   159                           	global	??_main
   160  0070                     ??_main:	; 0 bytes @ 0x0
   161  0070                     	ds	4
   162                           psect	cstackBANK0,class=BANK0,space=1
   163                           global __pcstackBANK0
   164  0020                     __pcstackBANK0:
   165                           	global	main@arr
   166  0020                     main@arr:	; 20 bytes @ 0x0
   167  0020                     	ds	20
   168                           	global	main@i
   169  0034                     main@i:	; 2 bytes @ 0x14
   170  0034                     	ds	2
   171                           	global	main@j
   172  0036                     main@j:	; 2 bytes @ 0x16
   173  0036                     	ds	2
   174 ;;Data sizes: Strings 0, constant 0, data 20, bss 0, persistent 0 stack 0
   175 ;;Auto spaces:   Size  Autos    Used
   176 ;; COMMON          14      4       4
   177 ;; BANK0           80     24      44
   178 ;; BANK1           80      0       0
   179 ;; BANK3           96      0       0
   180 ;; BANK2           96      0       0
   181                           
   182 ;;
   183 ;; Pointer list with targets:
   184                           
   185                           
   186                           
   187 ;;
   188 ;; Critical Paths under _main in COMMON
   189 ;;
   190 ;;   None.
   191 ;;
   192 ;; Critical Paths under _main in BANK0
   193 ;;
   194 ;;   None.
   195 ;;
   196 ;; Critical Paths under _main in BANK1
   197 ;;
   198 ;;   None.
   199 ;;
   200 ;; Critical Paths under _main in BANK3
   201 ;;
   202 ;;   None.
   203 ;;
   204 ;; Critical Paths under _main in BANK2
   205 ;;
   206 ;;   None.
   207                           
   208 ;;
   209 ;;Main: autosize = 0, tempsize = 4, incstack = 0, save=0
   210 ;;
   211                           
   212 ;;
   213 ;;Call Graph Tables:
   214 ;;
   215 ;; ---------------------------------------------------------------------------------
   216 ;; (Depth) Function   	        Calls       Base Space   Used Autos Params    Refs
   217 ;; ---------------------------------------------------------------------------------
   218 ;; (0) _main                                                28    28      0     183
   219 ;;                                              0 COMMON     4     4      0
   220 ;;                                              0 BANK0     24    24      0
   221 ;; ---------------------------------------------------------------------------------
   222 ;; Estimated maximum stack depth 0
   223 ;; ---------------------------------------------------------------------------------
   224                           
   225 ;; Call Graph Graphs:
   226                           
   227 ;; _main (ROOT)
   228 ;;
   229                           
   230 ;; Address spaces:
   231                           
   232 ;;Name               Size   Autos  Total    Cost      Usage
   233 ;;BANK3               60      0       0       9        0.0%
   234 ;;BITBANK3            60      0       0       8        0.0%
   235 ;;SFR3                 0      0       0       4        0.0%
   236 ;;BITSFR3              0      0       0       4        0.0%
   237 ;;BANK2               60      0       0      11        0.0%
   238 ;;BITBANK2            60      0       0      10        0.0%
   239 ;;SFR2                 0      0       0       5        0.0%
   240 ;;BITSFR2              0      0       0       5        0.0%
   241 ;;SFR1                 0      0       0       2        0.0%
   242 ;;BITSFR1              0      0       0       2        0.0%
   243 ;;BANK1               50      0       0       7        0.0%
   244 ;;BITBANK1            50      0       0       6        0.0%
   245 ;;CODE                 0      0       0       0        0.0%
   246 ;;DATA                 0      0      30      12        0.0%
   247 ;;ABS                  0      0      30       3        0.0%
   248 ;;NULL                 0      0       0       0        0.0%
   249 ;;STACK                0      0       0       2        0.0%
   250 ;;BANK0               50     18      2C       5       55.0%
   251 ;;BITBANK0            50      0       0       4        0.0%
   252 ;;SFR0                 0      0       0       1        0.0%
   253 ;;BITSFR0              0      0       0       1        0.0%
   254 ;;COMMON               E      4       4       1       28.6%
   255 ;;BITCOMMON            E      0       0       0        0.0%
   256 ;;EEDATA             100      0       0       0        0.0%
   257                           
   258                           	global	_main
   259                           psect	maintext,global,class=CODE,delta=2
   260                           global __pmaintext
   261  0763                     __pmaintext:
   262                           
   263 ;; *************** function _main *****************
   264 ;; Defined at:
   265 ;;		line 5 in file "G:\PIC ass\7SEGMENT\7segWitharr\2.c"
   266 ;; Parameters:    Size  Location     Type
   267 ;;		None
   268 ;; Auto vars:     Size  Location     Type
   269 ;;  j               2   22[BANK0 ] int 
   270 ;;  i               2   20[BANK0 ] int 
   271 ;;  arr            20    0[BANK0 ] int [10]
   272 ;; Return value:  Size  Location     Type
   273 ;;		None               void
   274 ;; Registers used:
   275 ;;		wreg, fsr0l, fsr0h, status,2, status,0, btemp+1
   276 ;; Tracked objects:
   277 ;;		On entry : 17F/0
   278 ;;		On exit  : 0/0
   279 ;;		Unchanged: 0/0
   280 ;; Data sizes:     COMMON   BANK0   BANK1   BANK3   BANK2
   281 ;;      Params:         0       0       0       0       0
   282 ;;      Locals:         0      24       0       0       0
   283 ;;      Temps:          4       0       0       0       0
   284 ;;      Totals:         4      24       0       0       0
   285 ;;Total ram usage:       28 bytes
   286 ;; This function calls:
   287 ;;		Nothing
   288 ;; This function is called by:
   289 ;;		Startup code after reset
   290 ;; This function uses a non-reentrant model
   291 ;;
   292                           psect	maintext
   293                           	file	"G:\PIC ass\7SEGMENT\7segWitharr\2.c"
   294                           	line	5
   295                           	global	__size_of_main
   296  009D                     	__size_of_main	equ	__end_of_main-_main
   297                           	
   298  0763                     _main:	
   299                           	opt	stack 8
   300                           ; Regs used in _main: [wreg-fsr0h+status,2+status,0+btemp+1]
   301                           	line	6
   302                           	
   303  0763                     l1865:	
   304                           ;2.c: 6: TRISD=0;
   305  0763  1683               	bsf	status, 5	;RP0=1, select bank1
   306  0764  1303               	bcf	status, 6	;RP1=0, select bank1
   307  0765  0188               	clrf	(136)^080h	;volatile
   308                           	line	7
   309                           ;2.c: 7: TRISB=0;
   310  0766  0186               	clrf	(134)^080h	;volatile
   311                           	line	8
   312                           	
   313  0767                     l1867:	
   314                           ;2.c: 8: int arr[10]={0xc0,0xf9,0xa4,0xb0,0x99,0x92,0x82,0xf8,0x80,0x90};
   315  0767  3020               	movlw	(main@arr)&0ffh
   316  0768  0084               	movwf	fsr0
   317  0769  3038               	movlw	low(main@F1084)
   318  076A  00F0               	movwf	(??_main+0)+0
   319  076B  0804               	movf	fsr0,w
   320  076C  00F1               	movwf	((??_main+0)+0+1)
   321  076D  3014               	movlw	20
   322  076E  00F2               	movwf	((??_main+0)+0+2)
   323  076F                     u2190:
   324  076F  0870               	movf	(??_main+0)+0,w
   325  0770  0084               	movwf	fsr0
   326  0771  1383               	bcf	status, 7	;select IRP bank0
   327                           	
   328  0772  0800               	movf	indf,w
   329  0773  00F3               	movwf	((??_main+0)+0+3)
   330  0774  0AF0               	incf	(??_main+0)+0,f
   331  0775  0871               	movf	((??_main+0)+0+1),w
   332  0776  0084               	movwf	fsr0
   333                           	
   334  0777  0873               	movf	((??_main+0)+0+3),w
   335  0778  0080               	movwf	indf
   336  0779  0AF1               	incf	((??_main+0)+0+1),f
   337  077A  0BF2               	decfsz	((??_main+0)+0+2),f
   338  077B  2F6F               	goto	u2190
   339  077C  2F7D               	goto	l1869
   340                           	line	9
   341                           ;2.c: 9: while(1)
   342                           	
   343  077D                     l689:	
   344                           	line	11
   345                           	
   346  077D                     l1869:	
   347                           ;2.c: 10: {
   348                           ;2.c: 11: for(int i=0;i<10;i++)
   349  077D  1283               	bcf	status, 5	;RP0=0, select bank0
   350  077E  1303               	bcf	status, 6	;RP1=0, select bank0
   351  077F  01B4               	clrf	(main@i)
   352  0780  01B5               	clrf	(main@i+1)
   353                           	
   354  0781                     l1871:	
   355  0781  0835               	movf	(main@i+1),w
   356  0782  3A80               	xorlw	80h
   357  0783  00FF               	movwf	btemp+1
   358  0784  3080               	movlw	(high(0Ah))^80h
   359  0785  027F               	subwf	btemp+1,w
   360  0786  1D03               	skipz
   361  0787  2F8A               	goto	u2205
   362  0788  300A               	movlw	low(0Ah)
   363  0789  0234               	subwf	(main@i),w
   364  078A                     u2205:
   365                           
   366  078A  1C03               	skipc
   367  078B  2F8D               	goto	u2201
   368  078C  2F8E               	goto	u2200
   369  078D                     u2201:
   370  078D  2F90               	goto	l1875
   371  078E                     u2200:
   372  078E  2F7D               	goto	l1869
   373                           	
   374  078F                     l1873:	
   375  078F  2F7D               	goto	l1869
   376                           	line	12
   377                           	
   378  0790                     l690:	
   379                           	line	13
   380                           	
   381  0790                     l1875:	
   382                           ;2.c: 12: {
   383                           ;2.c: 13: PORTB=arr[i];
   384  0790  1283               	bcf	status, 5	;RP0=0, select bank0
   385  0791  1303               	bcf	status, 6	;RP1=0, select bank0
   386  0792  0834               	movf	(main@i),w
   387  0793  00F0               	movwf	(??_main+0)+0
   388  0794  0770               	addwf	(??_main+0)+0,w
   389  0795  3E20               	addlw	main@arr&0ffh
   390  0796  0084               	movwf	fsr0
   391  0797  1383               	bcf	status, 7	;select IRP bank0
   392  0798  0800               	movf	indf,w
   393  0799  0086               	movwf	(6)	;volatile
   394                           	line	14
   395                           	
   396  079A                     l1877:	
   397                           ;2.c: 14: for(int j=0;j<10;j++)
   398  079A  01B6               	clrf	(main@j)
   399  079B  01B7               	clrf	(main@j+1)
   400                           	
   401  079C                     l1879:	
   402  079C  0837               	movf	(main@j+1),w
   403  079D  3A80               	xorlw	80h
   404  079E  00FF               	movwf	btemp+1
   405  079F  3080               	movlw	(high(0Ah))^80h
   406  07A0  027F               	subwf	btemp+1,w
   407  07A1  1D03               	skipz
   408  07A2  2FA5               	goto	u2215
   409  07A3  300A               	movlw	low(0Ah)
   410  07A4  0236               	subwf	(main@j),w
   411  07A5                     u2215:
   412                           
   413  07A5  1C03               	skipc
   414  07A6  2FA8               	goto	u2211
   415  07A7  2FA9               	goto	u2210
   416  07A8                     u2211:
   417  07A8  2FAB               	goto	l1883
   418  07A9                     u2210:
   419  07A9  2FD7               	goto	l1891
   420                           	
   421  07AA                     l1881:	
   422  07AA  2FD7               	goto	l1891
   423                           	line	15
   424                           	
   425  07AB                     l692:	
   426                           	line	16
   427                           	
   428  07AB                     l1883:	
   429                           ;2.c: 15: {
   430                           ;2.c: 16: PORTD=arr[j];
   431  07AB  1283               	bcf	status, 5	;RP0=0, select bank0
   432  07AC  1303               	bcf	status, 6	;RP1=0, select bank0
   433  07AD  0836               	movf	(main@j),w
   434  07AE  00F0               	movwf	(??_main+0)+0
   435  07AF  0770               	addwf	(??_main+0)+0,w
   436  07B0  3E20               	addlw	main@arr&0ffh
   437  07B1  0084               	movwf	fsr0
   438  07B2  1383               	bcf	status, 7	;select IRP bank0
   439  07B3  0800               	movf	indf,w
   440  07B4  0088               	movwf	(8)	;volatile
   441                           	line	17
   442                           	
   443  07B5                     l1885:	
   444                           ;2.c: 17: _delay((unsigned long)((1000)*(20000000/4000.0)));
   445                           	opt asmopt_off
   446  07B5  301A               movlw  26
   447  07B6  00F2               movwf	((??_main+0)+0+2),f
   448  07B7  3045               movlw	69
   449  07B8  00F1               movwf	((??_main+0)+0+1),f
   450  07B9  307E               	movlw	126
   451  07BA  00F0               movwf	((??_main+0)+0),f
   452  07BB                     u2247:
   453  07BB  0BF0               	decfsz	((??_main+0)+0),f
   454  07BC  2FBB               	goto	u2247
   455  07BD  0BF1               	decfsz	((??_main+0)+0+1),f
   456  07BE  2FBB               	goto	u2247
   457  07BF  0BF2               	decfsz	((??_main+0)+0+2),f
   458  07C0  2FBB               	goto	u2247
   459                           opt asmopt_on
   460                           
   461                           	line	14
   462                           	
   463  07C1                     l1887:	
   464  07C1  3001               	movlw	low(01h)
   465  07C2  1283               	bcf	status, 5	;RP0=0, select bank0
   466  07C3  1303               	bcf	status, 6	;RP1=0, select bank0
   467  07C4  07B6               	addwf	(main@j),f
   468  07C5  1803               	skipnc
   469  07C6  0AB7               	incf	(main@j+1),f
   470  07C7  3000               	movlw	high(01h)
   471  07C8  07B7               	addwf	(main@j+1),f
   472                           	
   473  07C9                     l1889:	
   474  07C9  0837               	movf	(main@j+1),w
   475  07CA  3A80               	xorlw	80h
   476  07CB  00FF               	movwf	btemp+1
   477  07CC  3080               	movlw	(high(0Ah))^80h
   478  07CD  027F               	subwf	btemp+1,w
   479  07CE  1D03               	skipz
   480  07CF  2FD2               	goto	u2225
   481  07D0  300A               	movlw	low(0Ah)
   482  07D1  0236               	subwf	(main@j),w
   483  07D2                     u2225:
   484                           
   485  07D2  1C03               	skipc
   486  07D3  2FD5               	goto	u2221
   487  07D4  2FD6               	goto	u2220
   488  07D5                     u2221:
   489  07D5  2FAB               	goto	l1883
   490  07D6                     u2220:
   491  07D6  2FD7               	goto	l1891
   492                           	
   493  07D7                     l693:	
   494                           	line	19
   495                           	
   496  07D7                     l1891:	
   497                           ;2.c: 18: }
   498                           ;2.c: 19: _delay((unsigned long)((500)*(20000000/4000.0)));
   499                           	opt asmopt_off
   500  07D7  300D               movlw  13
   501  07D8  00F2               movwf	((??_main+0)+0+2),f
   502  07D9  30A3               movlw	163
   503  07DA  00F1               movwf	((??_main+0)+0+1),f
   504  07DB  30BD               	movlw	189
   505  07DC  00F0               movwf	((??_main+0)+0),f
   506  07DD                     u2257:
   507  07DD  0BF0               	decfsz	((??_main+0)+0),f
   508  07DE  2FDD               	goto	u2257
   509  07DF  0BF1               	decfsz	((??_main+0)+0+1),f
   510  07E0  2FDD               	goto	u2257
   511  07E1  0BF2               	decfsz	((??_main+0)+0+2),f
   512  07E2  2FDD               	goto	u2257
   513  07E3  0064               	clrwdt
   514                           opt asmopt_on
   515                           
   516                           	line	20
   517                           	
   518  07E4                     l1893:	
   519                           ;2.c: 20: PORTB=0;
   520  07E4  1283               	bcf	status, 5	;RP0=0, select bank0
   521  07E5  1303               	bcf	status, 6	;RP1=0, select bank0
   522  07E6  0186               	clrf	(6)	;volatile
   523                           	line	11
   524                           	
   525  07E7                     l1895:	
   526  07E7  3001               	movlw	low(01h)
   527  07E8  07B4               	addwf	(main@i),f
   528  07E9  1803               	skipnc
   529  07EA  0AB5               	incf	(main@i+1),f
   530  07EB  3000               	movlw	high(01h)
   531  07EC  07B5               	addwf	(main@i+1),f
   532                           	
   533  07ED                     l1897:	
   534  07ED  0835               	movf	(main@i+1),w
   535  07EE  3A80               	xorlw	80h
   536  07EF  00FF               	movwf	btemp+1
   537  07F0  3080               	movlw	(high(0Ah))^80h
   538  07F1  027F               	subwf	btemp+1,w
   539  07F2  1D03               	skipz
   540  07F3  2FF6               	goto	u2235
   541  07F4  300A               	movlw	low(0Ah)
   542  07F5  0234               	subwf	(main@i),w
   543  07F6                     u2235:
   544                           
   545  07F6  1C03               	skipc
   546  07F7  2FF9               	goto	u2231
   547  07F8  2FFA               	goto	u2230
   548  07F9                     u2231:
   549  07F9  2F90               	goto	l1875
   550  07FA                     u2230:
   551  07FA  2F7D               	goto	l1869
   552                           	
   553  07FB                     l691:	
   554  07FB  2F7D               	goto	l1869
   555                           	line	22
   556                           	
   557  07FC                     l694:	
   558                           	line	9
   559  07FC  2F7D               	goto	l1869
   560                           	
   561  07FD                     l695:	
   562                           	line	23
   563                           	
   564  07FD                     l696:	
   565                           	global	start
   566  07FD  120A  118A  2800   	ljmp	start
   567                           	opt stack 0
   568                           GLOBAL	__end_of_main
   569  0800                     	__end_of_main:
   570 ;; =============== function _main ends ============
   571                           
   572                           	signat	_main,88
   573                           psect	maintext
   574                           	global	btemp
   575  007E                     	btemp set 07Eh
   576                           
   577                           	DABS	1,126,2	;btemp
   578                           	global	wtemp0
   579  007E                     	wtemp0 set btemp


HI-TECH Software PICC Macro Assembler V9.81 build 7503 
Symbol Table                                                                                   Thu Aug 31 06:31:39 2023

                   pc 0002                    fsr 0004                   l690 0790                   l691 07FB  
                 l692 07AB                   l693 07D7                   l694 07FC                   l695 07FD  
                 l696 07FD                   l689 077D                   fsr0 0004                   indf 0000  
                l1871 0781                  l1881 07AA                  l1873 078F                  l1865 0763  
                l1891 07D7                  l1883 07AB                  l1875 0790                  l1867 0767  
                l1893 07E4                  l1885 07B5                  l1877 079A                  l1869 077D  
                l1895 07E7                  l1887 07C1                  l1879 079C                  l1897 07ED  
                l1889 07C9                  u2200 078E                  u2201 078D                  u2210 07A9  
                u2211 07A8                  u2220 07D6                  u2221 07D5                  u2205 078A  
                u2230 07FA                  u2231 07F9                  u2215 07A5                  u2225 07D2  
                u2235 07F6                  u2190 076F                  u2247 07BB                  u2257 07DD  
                _main 0763                  btemp 007E                  start 0000                 ?_main 0070  
               _PORTB 0006                 _PORTD 0008                 _TRISB 0086                 _TRISD 0088  
               main@i 0034                 main@j 0036                 pclath 000A                 status 0003  
               wtemp0 007E          __end_of_main 0800                ??_main 0070        __pcstackCOMMON 0070  
        __pidataBANK0 074F            __pmaintext 0763               main@arr 0020  end_of_initialization 074B  
             init_ram 0730   start_initialization 073D           __pdataBANK0 0038         __pcstackBANK0 0020  
           main@F1084 0038             init_fetch 072C         __size_of_main 009D  
